#
# There is insufficient memory for the Java Runtime Environment to continue.
# Native memory allocation (mmap) failed to map 79691776 bytes for Failed to commit area from 0x000000008dc00000 to 0x0000000092800000 of length 79691776.
# Possible reasons:
#   The system is out of physical RAM or swap space
#   The process is running with CompressedOops enabled, and the Java Heap may be blocking the growth of the native heap
# Possible solutions:
#   Reduce memory load on the system
#   Increase physical memory or swap space
#   Check if swap backing store is full
#   Decrease Java heap size (-Xmx/-Xms)
#   Decrease number of Java threads
#   Decrease Java thread stack sizes (-Xss)
#   Set larger code cache with -XX:ReservedCodeCacheSize=
#   JVM is running with Unscaled Compressed Oops mode in which the Java heap is
#     placed in the first 4GB address space. The Java Heap base address is the
#     maximum limit for the native heap growth. Please use -XX:HeapBaseMinAddress
#     to set the Java Heap base and to place the Java Heap above 4GB virtual address.
# This output file may be truncated or incomplete.
#
#  Out of Memory Error (./src/hotspot/os/windows/os_windows.cpp:3521), pid=4160, tid=8024
#
# JRE version: OpenJDK Runtime Environment (11.0.12+7) (build 11.0.12+7-b1504.28-7817840)
# Java VM: OpenJDK 64-Bit Server VM (11.0.12+7-b1504.28-7817840, mixed mode, tiered, compressed oops, g1 gc, windows-amd64)
# No core dump will be written. Minidumps are not enabled by default on client versions of Windows
#

---------------  S U M M A R Y ------------

Command Line: --add-opens=java.base/java.util=ALL-UNNAMED --add-opens=java.base/java.lang=ALL-UNNAMED --add-opens=java.base/java.lang.invoke=ALL-UNNAMED --add-opens=java.base/java.util=ALL-UNNAMED --add-opens=java.prefs/java.util.prefs=ALL-UNNAMED --add-opens=java.prefs/java.util.prefs=ALL-UNNAMED --add-opens=java.base/java.nio.charset=ALL-UNNAMED --add-opens=java.base/java.net=ALL-UNNAMED --add-opens=java.base/java.util.concurrent.atomic=ALL-UNNAMED -Xmx2048m -Dfile.encoding=UTF-8 -Duser.country=AU -Duser.language=en -Duser.variant org.gradle.launcher.daemon.bootstrap.GradleDaemon 7.3.3

Host: Intel(R) Core(TM) i5-2500 CPU @ 3.30GHz, 4 cores, 7G,  Windows 10 , 64 bit Build 19041 (10.0.19041.2251)
Time: Mon Nov 21 21:23:52 2022 China Standard Time elapsed time: 201.210673 seconds (0d 0h 3m 21s)

---------------  T H R E A D  ---------------

Current thread (0x000001bd24efa000):  VMThread "VM Thread" [stack: 0x000000779a700000,0x000000779a800000] [id=8024]

Stack: [0x000000779a700000,0x000000779a800000]
[error occurred during error reporting (printing stack bounds), id 0xc0000005, EXCEPTION_ACCESS_VIOLATION (0xc0000005) at pc=0x000001bd0ee2112d]

Native frames: (J=compiled Java code, j=interpreted, Vv=VM code, C=native code)
V  [jvm.dll+0x5fbcea]
V  [jvm.dll+0x731905]
V  [jvm.dll+0x732f1d]
V  [jvm.dll+0x733535]
V  [jvm.dll+0x7334eb]
V  [jvm.dll+0x5fb080]
V  [jvm.dll+0x5fb818]
C  [ntdll.dll+0xa241f]
C  [ntdll.dll+0x514a4]
C  [ntdll.dll+0xa0f4e]
C  0x000001bd0ee2112d

VM_Operation (0x00000077a08f7e20): G1CollectForAllocation, mode: safepoint, requested by thread 0x000001bd27cd5800


---------------  P R O C E S S  ---------------

Threads class SMR info:
_java_thread_list=0x000001bd31937ff0, length=99, elements={
0x000001bd0b30d800, 0x000001bd24f00800, 0x000001bd24f02000, 0x000001bd24f1a800,
0x000001bd24f1b800, 0x000001bd24f1f800, 0x000001bd24f25800, 0x000001bd24f2a800,
0x000001bd24f2c800, 0x000001bd259d5000, 0x000001bd28266000, 0x000001bd286b6000,
0x000001bd26983000, 0x000001bd2719d000, 0x000001bd2719f800, 0x000001bd2719c800,
0x000001bd2719e000, 0x000001bd2719f000, 0x000001bd271a0800, 0x000001bd2719b000,
0x000001bd29b2a000, 0x000001bd29b28800, 0x000001bd29b2d800, 0x000001bd29b2f000,
0x000001bd2ac14000, 0x000001bd2ac13000, 0x000001bd2d2f0800, 0x000001bd2d2ed800,
0x000001bd2d2ef000, 0x000001bd2d2f2800, 0x000001bd2d2ee000, 0x000001bd2d2f0000,
0x000001bd2d2ec800, 0x000001bd2d2f4000, 0x000001bd2d2f7000, 0x000001bd2d2f9000,
0x000001bd2d2f6800, 0x000001bd2d2f5800, 0x000001bd2d2f8000, 0x000001bd2d2f4800,
0x000001bd2d2f3000, 0x000001bd2d2f9800, 0x000001bd2d2fa800, 0x000001bd2d2fb000,
0x000001bd2ac0b000, 0x000001bd2ac0c000, 0x000001bd2ac0c800, 0x000001bd2ac0a000,
0x000001bd2ac11000, 0x000001bd2ac0d800, 0x000001bd2ac0e800, 0x000001bd2ac15000,
0x000001bd2ac0f000, 0x000001bd2ac12800, 0x000001bd2ac15800, 0x000001bd2ac10000,
0x000001bd2ac16800, 0x000001bd2ac11800, 0x000001bd2ac18000, 0x000001bd2ac17800,
0x000001bd2ac19000, 0x000001bd29b30800, 0x000001bd29b2c800, 0x000001bd29b30000,
0x000001bd29b2b000, 0x000001bd29b2b800, 0x000001bd29b33000, 0x000001bd29b34800,
0x000001bd29b31800, 0x000001bd29b32800, 0x000001bd29b34000, 0x000001bd29b36800,
0x000001bd29b37000, 0x000001bd2719b800, 0x000001bd2719a000, 0x000001bd2ddb5800,
0x000001bd2ddb3800, 0x000001bd2ddb7000, 0x000001bd2ddb6000, 0x000001bd2ddb7800,
0x000001bd2ddb4800, 0x000001bd2ddb3000, 0x000001bd2ddb2000, 0x000001bd2ddbc800,
0x000001bd2ddb8800, 0x000001bd2ddbc000, 0x000001bd2ddbd800, 0x000001bd2ddba000,
0x000001bd2ddbe800, 0x000001bd2ddb9800, 0x000001bd2ddbf000, 0x000001bd2ddc0800,
0x000001bd2ddc0000, 0x000001bd2ddbb000, 0x000001bd27cd5000, 0x000001bd27cd6800,
0x000001bd27cd5800, 0x000001bd27cd3000, 0x000001bd27cd4000
}

Java Threads: ( => current thread )
  0x000001bd0b30d800 JavaThread "main" [_thread_blocked, id=8292, stack(0x000000779a100000,0x000000779a200000)]
  0x000001bd24f00800 JavaThread "Reference Handler" daemon [_thread_blocked, id=10928, stack(0x000000779a800000,0x000000779a900000)]
  0x000001bd24f02000 JavaThread "Finalizer" daemon [_thread_blocked, id=6228, stack(0x000000779a900000,0x000000779aa00000)]
  0x000001bd24f1a800 JavaThread "Signal Dispatcher" daemon [_thread_blocked, id=8184, stack(0x000000779aa00000,0x000000779ab00000)]
  0x000001bd24f1b800 JavaThread "Attach Listener" daemon [_thread_blocked, id=8872, stack(0x000000779ab00000,0x000000779ac00000)]
  0x000001bd24f1f800 JavaThread "Service Thread" daemon [_thread_blocked, id=10876, stack(0x000000779ac00000,0x000000779ad00000)]
  0x000001bd24f25800 JavaThread "C2 CompilerThread0" daemon [_thread_blocked, id=7412, stack(0x000000779ad00000,0x000000779ae00000)]
  0x000001bd24f2a800 JavaThread "C1 CompilerThread0" daemon [_thread_blocked, id=9152, stack(0x000000779ae00000,0x000000779af00000)]
  0x000001bd24f2c800 JavaThread "Sweeper thread" daemon [_thread_blocked, id=10232, stack(0x000000779af00000,0x000000779b000000)]
  0x000001bd259d5000 JavaThread "Common-Cleaner" daemon [_thread_blocked, id=8048, stack(0x000000779b000000,0x000000779b100000)]
  0x000001bd28266000 JavaThread "Daemon health stats" [_thread_blocked, id=8796, stack(0x000000779b500000,0x000000779b600000)]
  0x000001bd286b6000 JavaThread "Incoming local TCP Connector on port 63868" [_thread_in_native, id=4768, stack(0x000000779b600000,0x000000779b700000)]
  0x000001bd26983000 JavaThread "Daemon periodic checks" [_thread_blocked, id=8968, stack(0x000000779b700000,0x000000779b800000)]
  0x000001bd2719d000 JavaThread "Cache worker for journal cache (C:\Users\maste\.gradle\caches\journal-1)" [_thread_blocked, id=8744, stack(0x000000779c000000,0x000000779c100000)]
  0x000001bd2719f800 JavaThread "File lock request listener" [_thread_in_native, id=9972, stack(0x000000779c100000,0x000000779c200000)]
  0x000001bd2719c800 JavaThread "Cache worker for file hash cache (C:\Users\maste\.gradle\caches\7.3.3\fileHashes)" [_thread_blocked, id=3216, stack(0x000000779c200000,0x000000779c300000)]
  0x000001bd2719e000 JavaThread "File watcher server" daemon [_thread_blocked, id=8300, stack(0x000000779c400000,0x000000779c500000)]
  0x000001bd2719f000 JavaThread "File watcher consumer" daemon [_thread_blocked, id=10696, stack(0x000000779c500000,0x000000779c600000)]
  0x000001bd271a0800 JavaThread "jar transforms" [_thread_blocked, id=9456, stack(0x000000779c600000,0x000000779c700000)]
  0x000001bd2719b000 JavaThread "jar transforms Thread 2" [_thread_blocked, id=5992, stack(0x000000779c700000,0x000000779c800000)]
  0x000001bd29b2a000 JavaThread "jar transforms Thread 3" [_thread_blocked, id=10496, stack(0x000000779c800000,0x000000779c900000)]
  0x000001bd29b28800 JavaThread "jar transforms Thread 4" [_thread_blocked, id=5236, stack(0x000000779c900000,0x000000779ca00000)]
  0x000001bd29b2d800 JavaThread "Cache worker for execution history cache (C:\Users\maste\.gradle\caches\7.3.3\executionHistory)" [_thread_blocked, id=10244, stack(0x000000779cd00000,0x000000779ce00000)]
  0x000001bd29b2f000 JavaThread "Cache worker for file content cache (C:\Users\maste\.gradle\caches\7.3.3\fileContent)" [_thread_blocked, id=11176, stack(0x000000779ce00000,0x000000779cf00000)]
  0x000001bd2ac14000 JavaThread "Memory manager" [_thread_blocked, id=7768, stack(0x000000779f900000,0x000000779fa00000)]
  0x000001bd2ac13000 JavaThread "pool-3-thread-1" [_thread_blocked, id=3228, stack(0x000000779fb00000,0x000000779fc00000)]
  0x000001bd2d2f0800 JavaThread "Daemon Thread 2" [_thread_blocked, id=7860, stack(0x0000007799e00000,0x0000007799f00000)]
  0x000001bd2d2ed800 JavaThread "Handler for socket connection from /127.0.0.1:63868 to /127.0.0.1:64937" [_thread_in_native, id=7764, stack(0x0000007799f00000,0x000000779a000000)]
  0x000001bd2d2ef000 JavaThread "Cancel handler" [_thread_blocked, id=5840, stack(0x000000779a000000,0x000000779a100000)]
  0x000001bd2d2f2800 JavaThread "Daemon worker Thread 2" [_thread_blocked, id=3096, stack(0x000000779b200000,0x000000779b300000)]
  0x000001bd2d2ee000 JavaThread "Asynchronous log dispatcher for DefaultDaemonConnection: socket connection from /127.0.0.1:63868 to /127.0.0.1:64937" [_thread_blocked, id=7676, stack(0x000000779b800000,0x000000779b900000)]
  0x000001bd2d2f0000 JavaThread "Stdin handler" [_thread_blocked, id=6356, stack(0x000000779b900000,0x000000779ba00000)]
  0x000001bd2d2ec800 JavaThread "Daemon client event forwarder" [_thread_blocked, id=408, stack(0x000000779ba00000,0x000000779bb00000)]
  0x000001bd2d2f4000 JavaThread "Cache worker for file hash cache (C:\Users\maste\OneDrive\Documents\AndroidStudio\TMessager\.gradle\7.3.3\fileHashes)" [_thread_blocked, id=7784, stack(0x000000779bb00000,0x000000779bc00000)]
  0x000001bd2d2f7000 JavaThread "Cache worker for checksums cache (C:\Users\maste\OneDrive\Documents\AndroidStudio\TMessager\.gradle\7.3.3\checksums)" [_thread_blocked, id=1868, stack(0x000000779bc00000,0x000000779bd00000)]
  0x000001bd2d2f9000 JavaThread "Cache worker for cache directory md-supplier (C:\Users\maste\.gradle\caches\7.3.3\md-supplier)" [_thread_blocked, id=10704, stack(0x000000779be00000,0x000000779bf00000)]
  0x000001bd2d2f6800 JavaThread "Cache worker for cache directory md-rule (C:\Users\maste\.gradle\caches\7.3.3\md-rule)" [_thread_blocked, id=2180, stack(0x000000779c300000,0x000000779c400000)]
  0x000001bd2d2f5800 JavaThread "Cache worker for dependencies-accessors (C:\Users\maste\OneDrive\Documents\AndroidStudio\TMessager\.gradle\7.3.3\dependencies-accessors)" [_thread_blocked, id=4244, stack(0x000000779ca00000,0x000000779cb00000)]
  0x000001bd2d2f8000 JavaThread "Cache worker for Build Output Cleanup Cache (C:\Users\maste\OneDrive\Documents\AndroidStudio\TMessager\.gradle\buildOutputCleanup)" [_thread_blocked, id=2776, stack(0x000000779cb00000,0x000000779cc00000)]
  0x000001bd2d2f4800 JavaThread "Unconstrained build operations" [_thread_blocked, id=4140, stack(0x000000779cc00000,0x000000779cd00000)]
  0x000001bd2d2f3000 JavaThread "Unconstrained build operations Thread 2" [_thread_blocked, id=9304, stack(0x000000779cf00000,0x000000779d000000)]
  0x000001bd2d2f9800 JavaThread "Unconstrained build operations Thread 3" [_thread_blocked, id=9696, stack(0x000000779d000000,0x000000779d100000)]
  0x000001bd2d2fa800 JavaThread "Unconstrained build operations Thread 4" [_thread_blocked, id=7336, stack(0x000000779d100000,0x000000779d200000)]
  0x000001bd2d2fb000 JavaThread "Unconstrained build operations Thread 5" [_thread_blocked, id=7712, stack(0x000000779d200000,0x000000779d300000)]
  0x000001bd2ac0b000 JavaThread "Unconstrained build operations Thread 6" [_thread_blocked, id=7272, stack(0x000000779d300000,0x000000779d400000)]
  0x000001bd2ac0c000 JavaThread "Unconstrained build operations Thread 7" [_thread_blocked, id=6412, stack(0x000000779d400000,0x000000779d500000)]
  0x000001bd2ac0c800 JavaThread "Unconstrained build operations Thread 8" [_thread_blocked, id=7736, stack(0x000000779d500000,0x000000779d600000)]
  0x000001bd2ac0a000 JavaThread "Unconstrained build operations Thread 9" [_thread_blocked, id=9684, stack(0x000000779d600000,0x000000779d700000)]
  0x000001bd2ac11000 JavaThread "Unconstrained build operations Thread 10" [_thread_blocked, id=10404, stack(0x000000779d700000,0x000000779d800000)]
  0x000001bd2ac0d800 JavaThread "Unconstrained build operations Thread 11" [_thread_blocked, id=10344, stack(0x000000779d800000,0x000000779d900000)]
  0x000001bd2ac0e800 JavaThread "Unconstrained build operations Thread 12" [_thread_blocked, id=11248, stack(0x000000779d900000,0x000000779da00000)]
  0x000001bd2ac15000 JavaThread "Unconstrained build operations Thread 13" [_thread_blocked, id=11020, stack(0x000000779da00000,0x000000779db00000)]
  0x000001bd2ac0f000 JavaThread "Unconstrained build operations Thread 14" [_thread_blocked, id=7648, stack(0x000000779db00000,0x000000779dc00000)]
  0x000001bd2ac12800 JavaThread "Unconstrained build operations Thread 15" [_thread_blocked, id=4776, stack(0x000000779dc00000,0x000000779dd00000)]
  0x000001bd2ac15800 JavaThread "Unconstrained build operations Thread 16" [_thread_blocked, id=4832, stack(0x000000779dd00000,0x000000779de00000)]
  0x000001bd2ac10000 JavaThread "Unconstrained build operations Thread 17" [_thread_blocked, id=8640, stack(0x000000779de00000,0x000000779df00000)]
  0x000001bd2ac16800 JavaThread "Unconstrained build operations Thread 18" [_thread_blocked, id=4116, stack(0x000000779df00000,0x000000779e000000)]
  0x000001bd2ac11800 JavaThread "Unconstrained build operations Thread 19" [_thread_blocked, id=8272, stack(0x000000779e000000,0x000000779e100000)]
  0x000001bd2ac18000 JavaThread "Unconstrained build operations Thread 20" [_thread_blocked, id=9708, stack(0x000000779e100000,0x000000779e200000)]
  0x000001bd2ac17800 JavaThread "Unconstrained build operations Thread 21" [_thread_blocked, id=7188, stack(0x000000779e200000,0x000000779e300000)]
  0x000001bd2ac19000 JavaThread "Unconstrained build operations Thread 22" [_thread_blocked, id=5212, stack(0x000000779e300000,0x000000779e400000)]
  0x000001bd29b30800 JavaThread "Unconstrained build operations Thread 23" [_thread_blocked, id=8460, stack(0x000000779e400000,0x000000779e500000)]
  0x000001bd29b2c800 JavaThread "Unconstrained build operations Thread 24" [_thread_blocked, id=5848, stack(0x000000779e500000,0x000000779e600000)]
  0x000001bd29b30000 JavaThread "Unconstrained build operations Thread 25" [_thread_blocked, id=10152, stack(0x000000779e600000,0x000000779e700000)]
  0x000001bd29b2b000 JavaThread "Unconstrained build operations Thread 26" [_thread_blocked, id=2124, stack(0x000000779e700000,0x000000779e800000)]
  0x000001bd29b2b800 JavaThread "Unconstrained build operations Thread 27" [_thread_blocked, id=9236, stack(0x000000779e800000,0x000000779e900000)]
  0x000001bd29b33000 JavaThread "Unconstrained build operations Thread 28" [_thread_blocked, id=4260, stack(0x000000779e900000,0x000000779ea00000)]
  0x000001bd29b34800 JavaThread "Unconstrained build operations Thread 29" [_thread_blocked, id=5380, stack(0x000000779ea00000,0x000000779eb00000)]
  0x000001bd29b31800 JavaThread "Unconstrained build operations Thread 30" [_thread_blocked, id=2208, stack(0x000000779eb00000,0x000000779ec00000)]
  0x000001bd29b32800 JavaThread "Unconstrained build operations Thread 31" [_thread_blocked, id=9920, stack(0x000000779ec00000,0x000000779ed00000)]
  0x000001bd29b34000 JavaThread "Unconstrained build operations Thread 32" [_thread_blocked, id=1696, stack(0x000000779ed00000,0x000000779ee00000)]
  0x000001bd29b36800 JavaThread "Unconstrained build operations Thread 33" [_thread_blocked, id=10984, stack(0x000000779ee00000,0x000000779ef00000)]
  0x000001bd29b37000 JavaThread "Unconstrained build operations Thread 34" [_thread_blocked, id=9832, stack(0x000000779ef00000,0x000000779f000000)]
  0x000001bd2719b800 JavaThread "Unconstrained build operations Thread 35" [_thread_blocked, id=9228, stack(0x000000779f000000,0x000000779f100000)]
  0x000001bd2719a000 JavaThread "Unconstrained build operations Thread 36" [_thread_blocked, id=10836, stack(0x000000779f100000,0x000000779f200000)]
  0x000001bd2ddb5800 JavaThread "Unconstrained build operations Thread 37" [_thread_blocked, id=10760, stack(0x000000779f200000,0x000000779f300000)]
  0x000001bd2ddb3800 JavaThread "Unconstrained build operations Thread 38" [_thread_blocked, id=5760, stack(0x000000779f300000,0x000000779f400000)]
  0x000001bd2ddb7000 JavaThread "Unconstrained build operations Thread 39" [_thread_blocked, id=9732, stack(0x000000779f400000,0x000000779f500000)]
  0x000001bd2ddb6000 JavaThread "Unconstrained build operations Thread 40" [_thread_blocked, id=9784, stack(0x000000779f500000,0x000000779f600000)]
  0x000001bd2ddb7800 JavaThread "build event listener" [_thread_blocked, id=644, stack(0x000000779f600000,0x000000779f700000)]
  0x000001bd2ddb4800 JavaThread "build event listener" [_thread_blocked, id=2464, stack(0x000000779f700000,0x000000779f800000)]
  0x000001bd2ddb3000 JavaThread "pool-6-thread-1" [_thread_blocked, id=10948, stack(0x000000779f800000,0x000000779f900000)]
  0x000001bd2ddb2000 JavaThread "build event listener" [_thread_blocked, id=5476, stack(0x000000779fa00000,0x000000779fb00000)]
  0x000001bd2ddbc800 JavaThread "Execution worker for ':'" [_thread_blocked, id=10864, stack(0x000000779fc00000,0x000000779fd00000)]
  0x000001bd2ddb8800 JavaThread "Execution worker for ':' Thread 2" [_thread_blocked, id=10824, stack(0x000000779fd00000,0x000000779fe00000)]
  0x000001bd2ddbc000 JavaThread "Execution worker for ':' Thread 3" [_thread_blocked, id=8412, stack(0x000000779fe00000,0x000000779ff00000)]
  0x000001bd2ddbd800 JavaThread "Cache worker for execution history cache (C:\Users\maste\OneDrive\Documents\AndroidStudio\TMessager\.gradle\7.3.3\executionHistory)" [_thread_blocked, id=7040, stack(0x000000779ff00000,0x00000077a0000000)]
  0x000001bd2ddba000 JavaThread "WorkerExecutor Queue" [_thread_blocked, id=10860, stack(0x000000779bd00000,0x000000779be00000)]
  0x000001bd2ddbe800 JavaThread "WorkerExecutor Queue Thread 2" [_thread_blocked, id=7628, stack(0x00000077a0000000,0x00000077a0100000)]
  0x000001bd2ddb9800 JavaThread "WorkerExecutor Queue Thread 3" [_thread_blocked, id=5196, stack(0x00000077a0100000,0x00000077a0200000)]
  0x000001bd2ddbf000 JavaThread "WorkerExecutor Queue Thread 4" [_thread_blocked, id=4056, stack(0x00000077a0200000,0x00000077a0300000)]
  0x000001bd2ddc0800 JavaThread "WorkerExecutor Queue Thread 5" [_thread_blocked, id=232, stack(0x00000077a0300000,0x00000077a0400000)]
  0x000001bd2ddc0000 JavaThread "pool-7-thread-1" [_thread_blocked, id=5544, stack(0x00000077a0400000,0x00000077a0500000)]
  0x000001bd2ddbb000 JavaThread "ForkJoinPool-1-worker-3" daemon [_thread_blocked, id=9716, stack(0x00000077a0500000,0x00000077a0600000)]
  0x000001bd27cd5000 JavaThread "ForkJoinPool-1-worker-5" daemon [_thread_blocked, id=1752, stack(0x00000077a0600000,0x00000077a0700000)]
  0x000001bd27cd6800 JavaThread "ForkJoinPool-1-worker-7" daemon [_thread_blocked, id=2652, stack(0x00000077a0700000,0x00000077a0800000)]
  0x000001bd27cd5800 JavaThread "ForkJoinPool-1-worker-1" daemon [_thread_blocked, id=1612, stack(0x00000077a0800000,0x00000077a0900000)]
  0x000001bd27cd3000 JavaThread "stderr" [_thread_in_native, id=6176, stack(0x00000077a0900000,0x00000077a0a00000)]
  0x000001bd27cd4000 JavaThread "stdout" [_thread_blocked, id=7884, stack(0x00000077a0a00000,0x00000077a0b00000)]

Other Threads:
=>0x000001bd24efa000 VMThread "VM Thread" [stack: 0x000000779a700000,0x000000779a800000] [id=8024]
  0x000001bd259ea000 WatcherThread [stack: 0x000000779b100000,0x000000779b200000] [id=5132]
  0x000001bd0b327800 GCTaskThread "GC Thread#0" [stack: 0x000000779a200000,0x000000779a300000] [id=8436]
  0x000001bd25fcb000 GCTaskThread "GC Thread#1" [stack: 0x000000779b300000,0x000000779b400000] [id=8892]
  0x000001bd26157800 GCTaskThread "GC Thread#2" [stack: 0x000000779b400000,0x000000779b500000] [id=11212]
  0x000001bd29192800 GCTaskThread "GC Thread#3" [stack: 0x000000779bf00000,0x000000779c000000] [id=9076]
  0x000001bd0b357800 ConcurrentGCThread "G1 Main Marker" [stack: 0x000000779a300000,0x000000779a400000] [id=8232]
  0x000001bd0b359000 ConcurrentGCThread "G1 Conc#0" [stack: 0x000000779a400000,0x000000779a500000] [id=1244]
  0x000001bd0b3e6000 ConcurrentGCThread "G1 Refine#0" [stack: 0x000000779a500000,0x000000779a600000] [id=7504]
  0x000001bd0b3e7000 ConcurrentGCThread "G1 Young RemSet Sampling" [stack: 0x000000779a600000,0x000000779a700000] [id=5048]

Threads with active compile tasks:

VM state:at safepoint (normal execution)

VM Mutex/Monitor currently owned by a thread:  ([mutex/lock_event])
[0x000001bd0b30a3a0] Threads_lock - owner thread: 0x000001bd24efa000
[0x000001bd0b30b120] Heap_lock - owner thread: 0x000001bd27cd5800

Heap address: 0x0000000080000000, size: 2048 MB, Compressed Oops mode: 32-bit
Narrow klass base: 0x0000000000000000, Narrow klass shift: 3
Compressed class space size: 1073741824 Address: 0x0000000100000000

Heap:
 garbage-first heap   total 303104K, used 207741K [0x0000000080000000, 0x0000000100000000)
  region size 1024K, 2 young (2048K), 2 survivors (2048K)
 Metaspace       used 121671K, capacity 124913K, committed 125164K, reserved 1159168K
  class space    used 15266K, capacity 16386K, committed 16512K, reserved 1048576K
Heap Regions: E=young(eden), S=young(survivor), O=old, HS=humongous(starts), HC=humongous(continues), CS=collection set, F=free, A=archive, TAMS=top-at-mark-start (previous, next)
|   0|0x0000000080000000, 0x0000000080100000, 0x0000000080100000|100%| O|  |TAMS 0x0000000080100000, 0x0000000080000000| Updating 
|   1|0x0000000080100000, 0x0000000080200000, 0x0000000080200000|100%| O|  |TAMS 0x0000000080200000, 0x0000000080100000| Updating 
|   2|0x0000000080200000, 0x0000000080300000, 0x0000000080300000|100%| O|  |TAMS 0x0000000080300000, 0x0000000080200000| Updating 
|   3|0x0000000080300000, 0x0000000080400000, 0x0000000080400000|100%|HS|  |TAMS 0x0000000080400000, 0x0000000080300000| Complete 
|   4|0x0000000080400000, 0x0000000080500000, 0x0000000080500000|100%|HC|  |TAMS 0x0000000080500000, 0x0000000080400000| Complete 
|   5|0x0000000080500000, 0x0000000080600000, 0x0000000080600000|100%|HC|  |TAMS 0x0000000080600000, 0x0000000080500000| Complete 
|   6|0x0000000080600000, 0x0000000080700000, 0x0000000080700000|100%| O|  |TAMS 0x0000000080700000, 0x0000000080600000| Updating 
|   7|0x0000000080700000, 0x0000000080800000, 0x0000000080800000|100%| O|  |TAMS 0x0000000080800000, 0x0000000080700000| Updating 
|   8|0x0000000080800000, 0x0000000080900000, 0x0000000080900000|100%| O|  |TAMS 0x0000000080900000, 0x0000000080800000| Updating 
|   9|0x0000000080900000, 0x0000000080a00000, 0x0000000080a00000|100%| O|  |TAMS 0x0000000080a00000, 0x0000000080900000| Updating 
|  10|0x0000000080a00000, 0x0000000080b00000, 0x0000000080b00000|100%| O|  |TAMS 0x0000000080b00000, 0x0000000080a00000| Updating 
|  11|0x0000000080b00000, 0x0000000080c00000, 0x0000000080c00000|100%| O|  |TAMS 0x0000000080c00000, 0x0000000080b00000| Updating 
|  12|0x0000000080c00000, 0x0000000080d00000, 0x0000000080d00000|100%| O|  |TAMS 0x0000000080d00000, 0x0000000080c00000| Updating 
|  13|0x0000000080d00000, 0x0000000080e00000, 0x0000000080e00000|100%| O|  |TAMS 0x0000000080e00000, 0x0000000080d00000| Updating 
|  14|0x0000000080e00000, 0x0000000080f00000, 0x0000000080f00000|100%| O|  |TAMS 0x0000000080f00000, 0x0000000080e00000| Updating 
|  15|0x0000000080f00000, 0x0000000081000000, 0x0000000081000000|100%| O|  |TAMS 0x0000000081000000, 0x0000000080f00000| Updating 
|  16|0x0000000081000000, 0x0000000081100000, 0x0000000081100000|100%| O|  |TAMS 0x0000000081100000, 0x0000000081000000| Updating 
|  17|0x0000000081100000, 0x0000000081200000, 0x0000000081200000|100%|HS|  |TAMS 0x0000000081200000, 0x0000000081100000| Complete 
|  18|0x0000000081200000, 0x0000000081300000, 0x0000000081300000|100%|HC|  |TAMS 0x0000000081300000, 0x0000000081200000| Complete 
|  19|0x0000000081300000, 0x0000000081400000, 0x0000000081400000|100%|HS|  |TAMS 0x0000000081400000, 0x0000000081300000| Complete 
|  20|0x0000000081400000, 0x0000000081500000, 0x0000000081500000|100%|HC|  |TAMS 0x0000000081500000, 0x0000000081400000| Complete 
|  21|0x0000000081500000, 0x0000000081600000, 0x0000000081600000|100%|HC|  |TAMS 0x0000000081600000, 0x0000000081500000| Complete 
|  22|0x0000000081600000, 0x0000000081700000, 0x0000000081700000|100%|HS|  |TAMS 0x0000000081700000, 0x0000000081600000| Complete 
|  23|0x0000000081700000, 0x0000000081800000, 0x0000000081800000|100%|HS|  |TAMS 0x0000000081800000, 0x0000000081700000| Complete 
|  24|0x0000000081800000, 0x0000000081900000, 0x0000000081900000|100%|HC|  |TAMS 0x0000000081900000, 0x0000000081800000| Complete 
|  25|0x0000000081900000, 0x0000000081a00000, 0x0000000081a00000|100%|HC|  |TAMS 0x0000000081a00000, 0x0000000081900000| Complete 
|  26|0x0000000081a00000, 0x0000000081b00000, 0x0000000081b00000|100%|HC|  |TAMS 0x0000000081b00000, 0x0000000081a00000| Complete 
|  27|0x0000000081b00000, 0x0000000081c00000, 0x0000000081c00000|100%| O|  |TAMS 0x0000000081c00000, 0x0000000081b00000| Updating 
|  28|0x0000000081c00000, 0x0000000081d00000, 0x0000000081d00000|100%| O|  |TAMS 0x0000000081d00000, 0x0000000081c00000| Updating 
|  29|0x0000000081d00000, 0x0000000081e00000, 0x0000000081e00000|100%| O|  |TAMS 0x0000000081e00000, 0x0000000081d00000| Updating 
|  30|0x0000000081e00000, 0x0000000081f00000, 0x0000000081f00000|100%| O|  |TAMS 0x0000000081f00000, 0x0000000081e00000| Updating 
|  31|0x0000000081f00000, 0x0000000082000000, 0x0000000082000000|100%| O|  |TAMS 0x0000000082000000, 0x0000000081f00000| Updating 
|  32|0x0000000082000000, 0x0000000082100000, 0x0000000082100000|100%| O|  |TAMS 0x0000000082100000, 0x0000000082000000| Updating 
|  33|0x0000000082100000, 0x0000000082200000, 0x0000000082200000|100%| O|  |TAMS 0x0000000082200000, 0x0000000082100000| Updating 
|  34|0x0000000082200000, 0x0000000082300000, 0x0000000082300000|100%| O|  |TAMS 0x0000000082300000, 0x0000000082200000| Updating 
|  35|0x0000000082300000, 0x0000000082400000, 0x0000000082400000|100%|HS|  |TAMS 0x0000000082400000, 0x0000000082300000| Complete 
|  36|0x0000000082400000, 0x0000000082500000, 0x0000000082500000|100%|HS|  |TAMS 0x0000000082500000, 0x0000000082400000| Complete 
|  37|0x0000000082500000, 0x0000000082600000, 0x0000000082600000|100%|HC|  |TAMS 0x0000000082600000, 0x0000000082500000| Complete 
|  38|0x0000000082600000, 0x0000000082700000, 0x0000000082700000|100%|HC|  |TAMS 0x0000000082700000, 0x0000000082600000| Complete 
|  39|0x0000000082700000, 0x0000000082800000, 0x0000000082800000|100%| O|  |TAMS 0x0000000082800000, 0x0000000082700000| Updating 
|  40|0x0000000082800000, 0x0000000082900000, 0x0000000082900000|100%| O|  |TAMS 0x0000000082900000, 0x0000000082800000| Updating 
|  41|0x0000000082900000, 0x0000000082a00000, 0x0000000082a00000|100%| O|  |TAMS 0x0000000082a00000, 0x0000000082900000| Updating 
|  42|0x0000000082a00000, 0x0000000082b00000, 0x0000000082b00000|100%| O|  |TAMS 0x0000000082b00000, 0x0000000082a00000| Updating 
|  43|0x0000000082b00000, 0x0000000082c00000, 0x0000000082c00000|100%| O|  |TAMS 0x0000000082c00000, 0x0000000082b00000| Updating 
|  44|0x0000000082c00000, 0x0000000082d00000, 0x0000000082d00000|100%| O|  |TAMS 0x0000000082d00000, 0x0000000082c00000| Updating 
|  45|0x0000000082d00000, 0x0000000082e00000, 0x0000000082e00000|100%| O|  |TAMS 0x0000000082e00000, 0x0000000082d00000| Updating 
|  46|0x0000000082e00000, 0x0000000082f00000, 0x0000000082f00000|100%|HS|  |TAMS 0x0000000082f00000, 0x0000000082e00000| Complete 
|  47|0x0000000082f00000, 0x0000000083000000, 0x0000000083000000|100%|HC|  |TAMS 0x0000000083000000, 0x0000000082f00000| Complete 
|  48|0x0000000083000000, 0x0000000083100000, 0x0000000083100000|100%|HC|  |TAMS 0x0000000083100000, 0x0000000083000000| Complete 
|  49|0x0000000083100000, 0x0000000083200000, 0x0000000083200000|100%|HC|  |TAMS 0x0000000083200000, 0x0000000083100000| Complete 
|  50|0x0000000083200000, 0x0000000083300000, 0x0000000083300000|100%| O|  |TAMS 0x0000000083300000, 0x0000000083200000| Updating 
|  51|0x0000000083300000, 0x0000000083400000, 0x0000000083400000|100%| O|  |TAMS 0x0000000083400000, 0x0000000083300000| Updating 
|  52|0x0000000083400000, 0x0000000083500000, 0x0000000083500000|100%| O|  |TAMS 0x0000000083500000, 0x0000000083400000| Updating 
|  53|0x0000000083500000, 0x0000000083600000, 0x0000000083600000|100%| O|  |TAMS 0x0000000083600000, 0x0000000083500000| Updating 
|  54|0x0000000083600000, 0x0000000083700000, 0x0000000083700000|100%|HS|  |TAMS 0x0000000083700000, 0x0000000083600000| Complete 
|  55|0x0000000083700000, 0x0000000083800000, 0x0000000083800000|100%|HS|  |TAMS 0x0000000083800000, 0x0000000083700000| Complete 
|  56|0x0000000083800000, 0x0000000083900000, 0x0000000083900000|100%|HS|  |TAMS 0x0000000083900000, 0x0000000083800000| Complete 
|  57|0x0000000083900000, 0x0000000083a00000, 0x0000000083a00000|100%|HS|  |TAMS 0x0000000083a00000, 0x0000000083900000| Complete 
|  58|0x0000000083a00000, 0x0000000083b00000, 0x0000000083b00000|100%|HC|  |TAMS 0x0000000083b00000, 0x0000000083a00000| Complete 
|  59|0x0000000083b00000, 0x0000000083c00000, 0x0000000083c00000|100%|HC|  |TAMS 0x0000000083c00000, 0x0000000083b00000| Complete 
|  60|0x0000000083c00000, 0x0000000083d00000, 0x0000000083d00000|100%|HS|  |TAMS 0x0000000083d00000, 0x0000000083c00000| Complete 
|  61|0x0000000083d00000, 0x0000000083e00000, 0x0000000083e00000|100%|HC|  |TAMS 0x0000000083e00000, 0x0000000083d00000| Complete 
|  62|0x0000000083e00000, 0x0000000083f00000, 0x0000000083f00000|100%| O|  |TAMS 0x0000000083f00000, 0x0000000083e00000| Updating 
|  63|0x0000000083f00000, 0x0000000084000000, 0x0000000084000000|100%| O|  |TAMS 0x0000000084000000, 0x0000000083f00000| Updating 
|  64|0x0000000084000000, 0x0000000084100000, 0x0000000084100000|100%| O|  |TAMS 0x0000000084100000, 0x0000000084000000| Updating 
|  65|0x0000000084100000, 0x0000000084200000, 0x0000000084200000|100%| O|  |TAMS 0x0000000084200000, 0x0000000084100000| Updating 
|  66|0x0000000084200000, 0x0000000084300000, 0x0000000084300000|100%| O|  |TAMS 0x0000000084300000, 0x0000000084200000| Updating 
|  67|0x0000000084300000, 0x0000000084400000, 0x0000000084400000|100%| O|  |TAMS 0x0000000084400000, 0x0000000084300000| Updating 
|  68|0x0000000084400000, 0x0000000084500000, 0x0000000084500000|100%| O|  |TAMS 0x0000000084500000, 0x0000000084400000| Updating 
|  69|0x0000000084500000, 0x0000000084600000, 0x0000000084600000|100%| O|  |TAMS 0x0000000084600000, 0x0000000084500000| Updating 
|  70|0x0000000084600000, 0x0000000084700000, 0x0000000084700000|100%| O|  |TAMS 0x0000000084700000, 0x0000000084600000| Updating 
|  71|0x0000000084700000, 0x0000000084800000, 0x0000000084800000|100%| O|  |TAMS 0x0000000084800000, 0x0000000084700000| Updating 
|  72|0x0000000084800000, 0x0000000084900000, 0x0000000084900000|100%| O|  |TAMS 0x0000000084900000, 0x0000000084800000| Updating 
|  73|0x0000000084900000, 0x0000000084a00000, 0x0000000084a00000|100%| O|  |TAMS 0x0000000084a00000, 0x0000000084900000| Updating 
|  74|0x0000000084a00000, 0x0000000084b00000, 0x0000000084b00000|100%| O|  |TAMS 0x0000000084b00000, 0x0000000084a00000| Updating 
|  75|0x0000000084b00000, 0x0000000084bffff8, 0x0000000084c00000| 99%| O|  |TAMS 0x0000000084bffff8, 0x0000000084b00000| Updating 
|  76|0x0000000084c00000, 0x0000000084d00000, 0x0000000084d00000|100%| O|  |TAMS 0x0000000084d00000, 0x0000000084c00000| Updating 
|  77|0x0000000084d00000, 0x0000000084e00000, 0x0000000084e00000|100%| O|  |TAMS 0x0000000084e00000, 0x0000000084d00000| Updating 
|  78|0x0000000084e00000, 0x0000000084f00000, 0x0000000084f00000|100%| O|  |TAMS 0x0000000084f00000, 0x0000000084e00000| Updating 
|  79|0x0000000084f00000, 0x0000000085000000, 0x0000000085000000|100%| O|  |TAMS 0x0000000085000000, 0x0000000084f00000| Updating 
|  80|0x0000000085000000, 0x0000000085100000, 0x0000000085100000|100%| O|  |TAMS 0x0000000085100000, 0x0000000085000000| Updating 
|  81|0x0000000085100000, 0x0000000085200000, 0x0000000085200000|100%| O|  |TAMS 0x0000000085200000, 0x0000000085100000| Updating 
|  82|0x0000000085200000, 0x0000000085300000, 0x0000000085300000|100%| O|  |TAMS 0x0000000085300000, 0x0000000085200000| Updating 
|  83|0x0000000085300000, 0x0000000085400000, 0x0000000085400000|100%| O|  |TAMS 0x0000000085400000, 0x0000000085300000| Updating 
|  84|0x0000000085400000, 0x0000000085500000, 0x0000000085500000|100%| O|  |TAMS 0x0000000085500000, 0x0000000085400000| Updating 
|  85|0x0000000085500000, 0x0000000085600000, 0x0000000085600000|100%| O|  |TAMS 0x0000000085600000, 0x0000000085500000| Updating 
|  86|0x0000000085600000, 0x0000000085700000, 0x0000000085700000|100%| O|  |TAMS 0x0000000085700000, 0x0000000085600000| Updating 
|  87|0x0000000085700000, 0x0000000085800000, 0x0000000085800000|100%|HS|  |TAMS 0x0000000085800000, 0x0000000085700000| Complete 
|  88|0x0000000085800000, 0x0000000085900000, 0x0000000085900000|100%|HC|  |TAMS 0x0000000085900000, 0x0000000085800000| Complete 
|  89|0x0000000085900000, 0x0000000085a00000, 0x0000000085a00000|100%|HS|  |TAMS 0x0000000085a00000, 0x0000000085900000| Complete 
|  90|0x0000000085a00000, 0x0000000085b00000, 0x0000000085b00000|100%|HC|  |TAMS 0x0000000085b00000, 0x0000000085a00000| Complete 
|  91|0x0000000085b00000, 0x0000000085c00000, 0x0000000085c00000|100%|HC|  |TAMS 0x0000000085c00000, 0x0000000085b00000| Complete 
|  92|0x0000000085c00000, 0x0000000085d00000, 0x0000000085d00000|100%|HS|  |TAMS 0x0000000085d00000, 0x0000000085c00000| Complete 
|  93|0x0000000085d00000, 0x0000000085e00000, 0x0000000085e00000|100%|HS|  |TAMS 0x0000000085e00000, 0x0000000085d00000| Complete 
|  94|0x0000000085e00000, 0x0000000085f00000, 0x0000000085f00000|100%|HC|  |TAMS 0x0000000085f00000, 0x0000000085e00000| Complete 
|  95|0x0000000085f00000, 0x0000000086000000, 0x0000000086000000|100%|HC|  |TAMS 0x0000000086000000, 0x0000000085f00000| Complete 
|  96|0x0000000086000000, 0x0000000086100000, 0x0000000086100000|100%|HC|  |TAMS 0x0000000086100000, 0x0000000086000000| Complete 
|  97|0x0000000086100000, 0x0000000086200000, 0x0000000086200000|100%| O|  |TAMS 0x0000000086200000, 0x0000000086100000| Updating 
|  98|0x0000000086200000, 0x0000000086300000, 0x0000000086300000|100%| O|  |TAMS 0x0000000086300000, 0x0000000086200000| Updating 
|  99|0x0000000086300000, 0x0000000086400000, 0x0000000086400000|100%| O|  |TAMS 0x0000000086400000, 0x0000000086300000| Updating 
| 100|0x0000000086400000, 0x0000000086500000, 0x0000000086500000|100%| O|  |TAMS 0x0000000086500000, 0x0000000086400000| Updating 
| 101|0x0000000086500000, 0x0000000086600000, 0x0000000086600000|100%| O|  |TAMS 0x0000000086600000, 0x0000000086500000| Updating 
| 102|0x0000000086600000, 0x0000000086700000, 0x0000000086700000|100%| O|  |TAMS 0x0000000086700000, 0x0000000086600000| Updating 
| 103|0x0000000086700000, 0x0000000086800000, 0x0000000086800000|100%| O|  |TAMS 0x0000000086800000, 0x0000000086700000| Updating 
| 104|0x0000000086800000, 0x0000000086900000, 0x0000000086900000|100%| O|  |TAMS 0x0000000086900000, 0x0000000086800000| Updating 
| 105|0x0000000086900000, 0x0000000086a00000, 0x0000000086a00000|100%| O|  |TAMS 0x0000000086a00000, 0x0000000086900000| Updating 
| 106|0x0000000086a00000, 0x0000000086b00000, 0x0000000086b00000|100%| O|  |TAMS 0x0000000086b00000, 0x0000000086a00000| Updating 
| 107|0x0000000086b00000, 0x0000000086c00000, 0x0000000086c00000|100%| O|  |TAMS 0x0000000086c00000, 0x0000000086b00000| Updating 
| 108|0x0000000086c00000, 0x0000000086d00000, 0x0000000086d00000|100%| O|  |TAMS 0x0000000086d00000, 0x0000000086c00000| Updating 
| 109|0x0000000086d00000, 0x0000000086e00000, 0x0000000086e00000|100%| O|  |TAMS 0x0000000086e00000, 0x0000000086d00000| Updating 
| 110|0x0000000086e00000, 0x0000000086f00000, 0x0000000086f00000|100%| O|  |TAMS 0x0000000086f00000, 0x0000000086e00000| Updating 
| 111|0x0000000086f00000, 0x0000000087000000, 0x0000000087000000|100%| O|  |TAMS 0x0000000087000000, 0x0000000086f00000| Updating 
| 112|0x0000000087000000, 0x0000000087100000, 0x0000000087100000|100%|HS|  |TAMS 0x0000000087100000, 0x0000000087000000| Complete 
| 113|0x0000000087100000, 0x0000000087200000, 0x0000000087200000|100%| O|  |TAMS 0x0000000087200000, 0x0000000087100000| Updating 
| 114|0x0000000087200000, 0x0000000087300000, 0x0000000087300000|100%| O|  |TAMS 0x0000000087300000, 0x0000000087200000| Updating 
| 115|0x0000000087300000, 0x0000000087400000, 0x0000000087400000|100%| O|  |TAMS 0x0000000087400000, 0x0000000087300000| Updating 
| 116|0x0000000087400000, 0x0000000087500000, 0x0000000087500000|100%| O|  |TAMS 0x0000000087500000, 0x0000000087400000| Updating 
| 117|0x0000000087500000, 0x0000000087600000, 0x0000000087600000|100%| O|  |TAMS 0x0000000087600000, 0x0000000087500000| Updating 
| 118|0x0000000087600000, 0x0000000087700000, 0x0000000087700000|100%| O|  |TAMS 0x0000000087700000, 0x0000000087600000| Updating 
| 119|0x0000000087700000, 0x0000000087800000, 0x0000000087800000|100%|HS|  |TAMS 0x0000000087800000, 0x0000000087700000| Complete 
| 120|0x0000000087800000, 0x0000000087900000, 0x0000000087900000|100%| O|  |TAMS 0x0000000087900000, 0x0000000087800000| Updating 
| 121|0x0000000087900000, 0x0000000087a00000, 0x0000000087a00000|100%| O|  |TAMS 0x0000000087a00000, 0x0000000087900000| Updating 
| 122|0x0000000087a00000, 0x0000000087b00000, 0x0000000087b00000|100%| O|  |TAMS 0x0000000087b00000, 0x0000000087a00000| Updating 
| 123|0x0000000087b00000, 0x0000000087c00000, 0x0000000087c00000|100%| O|  |TAMS 0x0000000087c00000, 0x0000000087b00000| Updating 
| 124|0x0000000087c00000, 0x0000000087d00000, 0x0000000087d00000|100%|HS|  |TAMS 0x0000000087d00000, 0x0000000087c00000| Complete 
| 125|0x0000000087d00000, 0x0000000087e00000, 0x0000000087e00000|100%|HC|  |TAMS 0x0000000087e00000, 0x0000000087d00000| Complete 
| 126|0x0000000087e00000, 0x0000000087f00000, 0x0000000087f00000|100%| O|  |TAMS 0x0000000087f00000, 0x0000000087e00000| Updating 
| 127|0x0000000087f00000, 0x0000000088000000, 0x0000000088000000|100%| O|  |TAMS 0x0000000088000000, 0x0000000087f00000| Updating 
| 128|0x0000000088000000, 0x0000000088100000, 0x0000000088100000|100%| O|  |TAMS 0x0000000088100000, 0x0000000088000000| Updating 
| 129|0x0000000088100000, 0x0000000088200000, 0x0000000088200000|100%| O|  |TAMS 0x0000000088200000, 0x0000000088100000| Updating 
| 130|0x0000000088200000, 0x0000000088300000, 0x0000000088300000|100%| O|  |TAMS 0x0000000088300000, 0x0000000088200000| Updating 
| 131|0x0000000088300000, 0x0000000088400000, 0x0000000088400000|100%| O|  |TAMS 0x0000000088400000, 0x0000000088300000| Updating 
| 132|0x0000000088400000, 0x0000000088500000, 0x0000000088500000|100%| O|  |TAMS 0x0000000088500000, 0x0000000088400000| Updating 
| 133|0x0000000088500000, 0x0000000088600000, 0x0000000088600000|100%| O|  |TAMS 0x0000000088600000, 0x0000000088500000| Updating 
| 134|0x0000000088600000, 0x0000000088700000, 0x0000000088700000|100%| O|  |TAMS 0x0000000088700000, 0x0000000088600000| Updating 
| 135|0x0000000088700000, 0x0000000088800000, 0x0000000088800000|100%| O|  |TAMS 0x0000000088800000, 0x0000000088700000| Updating 
| 136|0x0000000088800000, 0x0000000088900000, 0x0000000088900000|100%| O|  |TAMS 0x0000000088900000, 0x0000000088800000| Updating 
| 137|0x0000000088900000, 0x0000000088a00000, 0x0000000088a00000|100%| O|  |TAMS 0x0000000088a00000, 0x0000000088900000| Updating 
| 138|0x0000000088a00000, 0x0000000088b00000, 0x0000000088b00000|100%| O|  |TAMS 0x0000000088b00000, 0x0000000088a00000| Updating 
| 139|0x0000000088b00000, 0x0000000088c00000, 0x0000000088c00000|100%| O|  |TAMS 0x0000000088c00000, 0x0000000088b00000| Updating 
| 140|0x0000000088c00000, 0x0000000088d00000, 0x0000000088d00000|100%| O|  |TAMS 0x0000000088d00000, 0x0000000088c00000| Updating 
| 141|0x0000000088d00000, 0x0000000088e00000, 0x0000000088e00000|100%| O|  |TAMS 0x0000000088e00000, 0x0000000088d00000| Updating 
| 142|0x0000000088e00000, 0x0000000088f00000, 0x0000000088f00000|100%| O|  |TAMS 0x0000000088f00000, 0x0000000088e00000| Updating 
| 143|0x0000000088f00000, 0x0000000089000000, 0x0000000089000000|100%| O|  |TAMS 0x0000000089000000, 0x0000000088f00000| Updating 
| 144|0x0000000089000000, 0x0000000089100000, 0x0000000089100000|100%| O|  |TAMS 0x0000000089100000, 0x0000000089000000| Updating 
| 145|0x0000000089100000, 0x0000000089200000, 0x0000000089200000|100%| O|  |TAMS 0x0000000089200000, 0x0000000089100000| Updating 
| 146|0x0000000089200000, 0x0000000089300000, 0x0000000089300000|100%| O|  |TAMS 0x0000000089300000, 0x0000000089200000| Updating 
| 147|0x0000000089300000, 0x0000000089400000, 0x0000000089400000|100%|HS|  |TAMS 0x0000000089400000, 0x0000000089300000| Complete 
| 148|0x0000000089400000, 0x0000000089500000, 0x0000000089500000|100%|HC|  |TAMS 0x0000000089500000, 0x0000000089400000| Complete 
| 149|0x0000000089500000, 0x0000000089600000, 0x0000000089600000|100%| O|  |TAMS 0x0000000089600000, 0x0000000089500000| Updating 
| 150|0x0000000089600000, 0x0000000089700000, 0x0000000089700000|100%| O|  |TAMS 0x0000000089700000, 0x0000000089600000| Updating 
| 151|0x0000000089700000, 0x0000000089800000, 0x0000000089800000|100%| O|  |TAMS 0x0000000089800000, 0x0000000089700000| Updating 
| 152|0x0000000089800000, 0x0000000089900000, 0x0000000089900000|100%| O|  |TAMS 0x0000000089900000, 0x0000000089800000| Updating 
| 153|0x0000000089900000, 0x0000000089a00000, 0x0000000089a00000|100%|HS|  |TAMS 0x0000000089a00000, 0x0000000089900000| Complete 
| 154|0x0000000089a00000, 0x0000000089b00000, 0x0000000089b00000|100%|HS|  |TAMS 0x0000000089b00000, 0x0000000089a00000| Complete 
| 155|0x0000000089b00000, 0x0000000089c00000, 0x0000000089c00000|100%|HC|  |TAMS 0x0000000089c00000, 0x0000000089b00000| Complete 
| 156|0x0000000089c00000, 0x0000000089d00000, 0x0000000089d00000|100%| O|  |TAMS 0x0000000089d00000, 0x0000000089c00000| Updating 
| 157|0x0000000089d00000, 0x0000000089e00000, 0x0000000089e00000|100%| O|  |TAMS 0x0000000089e00000, 0x0000000089d00000| Updating 
| 158|0x0000000089e00000, 0x0000000089f00000, 0x0000000089f00000|100%| O|  |TAMS 0x0000000089f00000, 0x0000000089e00000| Updating 
| 159|0x0000000089f00000, 0x000000008a000000, 0x000000008a000000|100%| O|  |TAMS 0x000000008a000000, 0x0000000089f00000| Updating 
| 160|0x000000008a000000, 0x000000008a100000, 0x000000008a100000|100%| O|  |TAMS 0x000000008a100000, 0x000000008a000000| Updating 
| 161|0x000000008a100000, 0x000000008a200000, 0x000000008a200000|100%| O|  |TAMS 0x000000008a200000, 0x000000008a100000| Updating 
| 162|0x000000008a200000, 0x000000008a300000, 0x000000008a300000|100%|HS|  |TAMS 0x000000008a300000, 0x000000008a200000| Complete 
| 163|0x000000008a300000, 0x000000008a400000, 0x000000008a400000|100%|HC|  |TAMS 0x000000008a400000, 0x000000008a300000| Complete 
| 164|0x000000008a400000, 0x000000008a500000, 0x000000008a500000|100%|HC|  |TAMS 0x000000008a500000, 0x000000008a400000| Complete 
| 165|0x000000008a500000, 0x000000008a600000, 0x000000008a600000|100%| O|  |TAMS 0x000000008a600000, 0x000000008a500000| Updating 
| 166|0x000000008a600000, 0x000000008a700000, 0x000000008a700000|100%| O|  |TAMS 0x000000008a700000, 0x000000008a600000| Updating 
| 167|0x000000008a700000, 0x000000008a800000, 0x000000008a800000|100%|HS|  |TAMS 0x000000008a800000, 0x000000008a700000| Complete 
| 168|0x000000008a800000, 0x000000008a900000, 0x000000008a900000|100%|HC|  |TAMS 0x000000008a900000, 0x000000008a800000| Complete 
| 169|0x000000008a900000, 0x000000008aa00000, 0x000000008aa00000|100%|HS|  |TAMS 0x000000008aa00000, 0x000000008a900000| Complete 
| 170|0x000000008aa00000, 0x000000008ab00000, 0x000000008ab00000|100%|HC|  |TAMS 0x000000008ab00000, 0x000000008aa00000| Complete 
| 171|0x000000008ab00000, 0x000000008ac00000, 0x000000008ac00000|100%|HS|  |TAMS 0x000000008ac00000, 0x000000008ab00000| Complete 
| 172|0x000000008ac00000, 0x000000008ad00000, 0x000000008ad00000|100%|HC|  |TAMS 0x000000008ad00000, 0x000000008ac00000| Complete 
| 173|0x000000008ad00000, 0x000000008ae00000, 0x000000008ae00000|100%|HS|  |TAMS 0x000000008ae00000, 0x000000008ad00000| Complete 
| 174|0x000000008ae00000, 0x000000008af00000, 0x000000008af00000|100%| O|  |TAMS 0x000000008aee8800, 0x000000008ae00000| Updating 
| 175|0x000000008af00000, 0x000000008b000000, 0x000000008b000000|100%| O|  |TAMS 0x000000008b000000, 0x000000008af00000| Updating 
| 176|0x000000008b000000, 0x000000008b100000, 0x000000008b100000|100%| O|  |TAMS 0x000000008b100000, 0x000000008b000000| Updating 
| 177|0x000000008b100000, 0x000000008b200000, 0x000000008b200000|100%| O|  |TAMS 0x000000008b200000, 0x000000008b100000| Updating 
| 178|0x000000008b200000, 0x000000008b300000, 0x000000008b300000|100%| O|  |TAMS 0x000000008b300000, 0x000000008b200000| Updating 
| 179|0x000000008b300000, 0x000000008b400000, 0x000000008b400000|100%| O|  |TAMS 0x000000008b400000, 0x000000008b300000| Updating 
| 180|0x000000008b400000, 0x000000008b500000, 0x000000008b500000|100%| O|  |TAMS 0x000000008b500000, 0x000000008b400000| Updating 
| 181|0x000000008b500000, 0x000000008b600000, 0x000000008b600000|100%| O|  |TAMS 0x000000008b600000, 0x000000008b500000| Updating 
| 182|0x000000008b600000, 0x000000008b700000, 0x000000008b700000|100%| O|  |TAMS 0x000000008b700000, 0x000000008b600000| Updating 
| 183|0x000000008b700000, 0x000000008b800000, 0x000000008b800000|100%|HS|  |TAMS 0x000000008b800000, 0x000000008b700000| Complete 
| 184|0x000000008b800000, 0x000000008b900000, 0x000000008b900000|100%|HS|  |TAMS 0x000000008b900000, 0x000000008b800000| Complete 
| 185|0x000000008b900000, 0x000000008ba00000, 0x000000008ba00000|100%|HC|  |TAMS 0x000000008ba00000, 0x000000008b900000| Complete 
| 186|0x000000008ba00000, 0x000000008bb00000, 0x000000008bb00000|100%|HC|  |TAMS 0x000000008bb00000, 0x000000008ba00000| Complete 
| 187|0x000000008bb00000, 0x000000008bc00000, 0x000000008bc00000|100%| O|  |TAMS 0x000000008bc00000, 0x000000008bb00000| Updating 
| 188|0x000000008bc00000, 0x000000008bd00000, 0x000000008bd00000|100%| O|  |TAMS 0x000000008bd00000, 0x000000008bc00000| Updating 
| 189|0x000000008bd00000, 0x000000008be00000, 0x000000008be00000|100%| O|  |TAMS 0x000000008be00000, 0x000000008bd00000| Updating 
| 190|0x000000008be00000, 0x000000008bf00000, 0x000000008bf00000|100%| O|  |TAMS 0x000000008bf00000, 0x000000008be00000| Updating 
| 191|0x000000008bf00000, 0x000000008c000000, 0x000000008c000000|100%| O|  |TAMS 0x000000008c000000, 0x000000008bf00000| Updating 
| 192|0x000000008c000000, 0x000000008c100000, 0x000000008c100000|100%| O|  |TAMS 0x000000008c100000, 0x000000008c000000| Updating 
| 193|0x000000008c100000, 0x000000008c200000, 0x000000008c200000|100%| O|  |TAMS 0x000000008c200000, 0x000000008c100000| Updating 
| 194|0x000000008c200000, 0x000000008c300000, 0x000000008c300000|100%| O|  |TAMS 0x000000008c300000, 0x000000008c200000| Updating 
| 195|0x000000008c300000, 0x000000008c400000, 0x000000008c400000|100%| O|  |TAMS 0x000000008c400000, 0x000000008c300000| Updating 
| 196|0x000000008c400000, 0x000000008c500000, 0x000000008c500000|100%| O|  |TAMS 0x000000008c500000, 0x000000008c400000| Updating 
| 197|0x000000008c500000, 0x000000008c600000, 0x000000008c600000|100%|HS|  |TAMS 0x000000008c500000, 0x000000008c500000| Complete 
| 198|0x000000008c600000, 0x000000008c700000, 0x000000008c700000|100%| O|  |TAMS 0x000000008c600000, 0x000000008c600000| Untracked 
| 199|0x000000008c700000, 0x000000008c800000, 0x000000008c800000|100%| O|  |TAMS 0x000000008c700000, 0x000000008c700000| Untracked 
| 200|0x000000008c800000, 0x000000008c8df600, 0x000000008c900000| 87%| O|  |TAMS 0x000000008c800000, 0x000000008c800000| Untracked 
| 201|0x000000008c900000, 0x000000008c900000, 0x000000008ca00000|  0%| F|  |TAMS 0x000000008c900000, 0x000000008c900000| Untracked 
| 202|0x000000008ca00000, 0x000000008ca00000, 0x000000008cb00000|  0%| F|  |TAMS 0x000000008ca00000, 0x000000008ca00000| Untracked 
| 203|0x000000008cb00000, 0x000000008cb00000, 0x000000008cc00000|  0%| F|  |TAMS 0x000000008cb00000, 0x000000008cb00000| Untracked 
| 204|0x000000008cc00000, 0x000000008cc00000, 0x000000008cd00000|  0%| F|  |TAMS 0x000000008cc00000, 0x000000008cc00000| Untracked 
| 205|0x000000008cd00000, 0x000000008cd00000, 0x000000008ce00000|  0%| F|  |TAMS 0x000000008cd00000, 0x000000008cd00000| Untracked 
| 206|0x000000008ce00000, 0x000000008ce00000, 0x000000008cf00000|  0%| F|  |TAMS 0x000000008ce00000, 0x000000008ce00000| Untracked 
| 207|0x000000008cf00000, 0x000000008d000000, 0x000000008d000000|100%| S|CS|TAMS 0x000000008cf00000, 0x000000008cf00000| Complete 
| 208|0x000000008d000000, 0x000000008d100000, 0x000000008d100000|100%| S|CS|TAMS 0x000000008d000000, 0x000000008d000000| Complete 
| 209|0x000000008d100000, 0x000000008d100000, 0x000000008d200000|  0%| F|  |TAMS 0x000000008d100000, 0x000000008d100000| Untracked 
| 210|0x000000008d200000, 0x000000008d200000, 0x000000008d300000|  0%| F|  |TAMS 0x000000008d200000, 0x000000008d200000| Untracked 
| 211|0x000000008d300000, 0x000000008d300000, 0x000000008d400000|  0%| F|  |TAMS 0x000000008d300000, 0x000000008d300000| Untracked 
| 212|0x000000008d400000, 0x000000008d400000, 0x000000008d500000|  0%| F|  |TAMS 0x000000008d400000, 0x000000008d400000| Untracked 
| 213|0x000000008d500000, 0x000000008d500000, 0x000000008d600000|  0%| F|  |TAMS 0x000000008d500000, 0x000000008d500000| Untracked 
| 214|0x000000008d600000, 0x000000008d600000, 0x000000008d700000|  0%| F|  |TAMS 0x000000008d600000, 0x000000008d600000| Untracked 
| 215|0x000000008d700000, 0x000000008d700000, 0x000000008d800000|  0%| F|  |TAMS 0x000000008d700000, 0x000000008d700000| Untracked 
| 216|0x000000008d800000, 0x000000008d800000, 0x000000008d900000|  0%| F|  |TAMS 0x000000008d800000, 0x000000008d800000| Untracked 
| 217|0x000000008d900000, 0x000000008d900000, 0x000000008da00000|  0%| F|  |TAMS 0x000000008d900000, 0x000000008d900000| Untracked 
| 218|0x000000008da00000, 0x000000008da00000, 0x000000008db00000|  0%| F|  |TAMS 0x000000008da00000, 0x000000008da00000| Untracked 
| 219|0x000000008db00000, 0x000000008db00000, 0x000000008dc00000|  0%| F|  |TAMS 0x000000008db00000, 0x000000008db00000| Untracked 

Card table byte_map: [0x000001bd1e220000,0x000001bd1e620000] _byte_map_base: 0x000001bd1de20000

Marking Bits (Prev, Next): (CMBitMap*) 0x000001bd0b34ebe0, (CMBitMap*) 0x000001bd0b34eba8
 Prev Bits: [0x000001bd20a20000, 0x000001bd22a20000)
 Next Bits: [0x000001bd1ea20000, 0x000001bd20a20000)

Polling page: 0x000001bd09200000

Metaspace:

Usage:
  Non-class:    105.98 MB capacity,   103.91 MB ( 98%) used,     1.73 MB (  2%) free+waste,   350.75 KB ( <1%) overhead. 
      Class:     16.00 MB capacity,    14.91 MB ( 93%) used,   964.88 KB (  6%) free+waste,   154.44 KB ( <1%) overhead. 
       Both:    121.99 MB capacity,   118.82 MB ( 97%) used,     2.67 MB (  2%) free+waste,   505.19 KB ( <1%) overhead. 

Virtual space:
  Non-class space:      108.00 MB reserved,     106.11 MB ( 98%) committed 
      Class space:        1.00 GB reserved,      16.13 MB (  2%) committed 
             Both:        1.11 GB reserved,     122.23 MB ( 11%) committed 

Chunk freelists:
   Non-Class:  61.00 KB
       Class:  30.00 KB
        Both:  91.00 KB

MaxMetaspaceSize: 17179869184.00 GB
CompressedClassSpaceSize: 1.00 GB
Initial GC threshold: 20.80 MB
Current GC threshold: 203.09 MB
CDS: off

CodeHeap 'non-profiled nmethods': size=120064Kb used=11029Kb max_used=11029Kb free=109034Kb
 bounds [0x000001bd168e0000, 0x000001bd173b0000, 0x000001bd1de20000]
CodeHeap 'profiled nmethods': size=120000Kb used=37161Kb max_used=37161Kb free=82838Kb
 bounds [0x000001bd0f3b0000, 0x000001bd11800000, 0x000001bd168e0000]
CodeHeap 'non-nmethods': size=5696Kb used=2464Kb max_used=2515Kb free=3231Kb
 bounds [0x000001bd0ee20000, 0x000001bd0f0a0000, 0x000001bd0f3b0000]
 total_blobs=16940 nmethods=15951 adapters=899
 compilation: enabled
              stopped_count=0, restarted_count=0
 full_count=0

Compilation events (20 events):
Event: 201.133 Thread 0x000001bd24f25800 15905       4       java.nio.HeapByteBuffer::getInt (25 bytes)
Event: 201.134 Thread 0x000001bd24f25800 nmethod 15905 0x000001bd173a2d10 code [0x000001bd173a2ea0, 0x000001bd173a2f78]
Event: 201.134 Thread 0x000001bd24f25800 15989       4       com.android.tools.r8.graph.w0::a (54 bytes)
Event: 201.135 Thread 0x000001bd24f25800 nmethod 15989 0x000001bd173a3090 code [0x000001bd173a3240, 0x000001bd173a3328]
Event: 201.135 Thread 0x000001bd24f25800 16022       4       com.android.tools.r8.internal.gc::g (8 bytes)
Event: 201.136 Thread 0x000001bd24f25800 nmethod 16022 0x000001bd173a3490 code [0x000001bd173a3620, 0x000001bd173a3718]
Event: 201.136 Thread 0x000001bd24f25800 15927       4       java.io.ByteArrayOutputStream::<init> (7 bytes)
Event: 201.138 Thread 0x000001bd24f25800 nmethod 15927 0x000001bd173a3890 code [0x000001bd173a3a20, 0x000001bd173a3bd8]
Event: 201.138 Thread 0x000001bd24f25800 15990       4       com.android.tools.r8.graph.d1::d0 (18 bytes)
Event: 201.141 Thread 0x000001bd24f25800 nmethod 15990 0x000001bd173a3c90 code [0x000001bd173a3e20, 0x000001bd173a3fb8]
Event: 201.141 Thread 0x000001bd24f25800 16000       4       com.android.tools.r8.graph.Q0::<init> (57 bytes)
Event: 201.143 Thread 0x000001bd24f25800 nmethod 16000 0x000001bd173a4090 code [0x000001bd173a4220, 0x000001bd173a4418]
Event: 201.143 Thread 0x000001bd24f25800 16011       4       com.android.tools.r8.graph.k::equals (22 bytes)
Event: 201.143 Thread 0x000001bd24f25800 nmethod 16011 0x000001bd173a4490 code [0x000001bd173a4620, 0x000001bd173a46b8]
Event: 201.143 Thread 0x000001bd24f25800 16013       4       java.util.Arrays::equals (43 bytes)
Event: 201.146 Thread 0x000001bd24f25800 nmethod 16013 0x000001bd173a4790 code [0x000001bd173a4920, 0x000001bd173a4b18]
Event: 201.146 Thread 0x000001bd24f25800 15960       4       com.android.tools.r8.internal.nl::a (10 bytes)
Event: 201.146 Thread 0x000001bd24f25800 nmethod 15960 0x000001bd173a4d10 code [0x000001bd173a4ea0, 0x000001bd173a4ef8]
Event: 201.146 Thread 0x000001bd24f25800 15906       4       com.android.tools.r8.dex.c::d (31 bytes)
Event: 201.148 Thread 0x000001bd24f25800 nmethod 15906 0x000001bd173a5010 code [0x000001bd173a51a0, 0x000001bd173a52b8]

GC Heap History (20 events):
Event: 199.504 GC heap after
{Heap after GC invocations=49 (full 0):
 garbage-first heap   total 225280K, used 162737K [0x0000000080000000, 0x0000000100000000)
  region size 1024K, 2 young (2048K), 2 survivors (2048K)
 Metaspace       used 117028K, capacity 120089K, committed 120300K, reserved 1155072K
  class space    used 14555K, capacity 15638K, committed 15744K, reserved 1048576K
}
Event: 199.542 GC heap before
{Heap before GC invocations=49 (full 0):
 garbage-first heap   total 225280K, used 164785K [0x0000000080000000, 0x0000000100000000)
  region size 1024K, 6 young (6144K), 2 survivors (2048K)
 Metaspace       used 117035K, capacity 120091K, committed 120300K, reserved 1155072K
  class space    used 14556K, capacity 15638K, committed 15744K, reserved 1048576K
}
Event: 199.547 GC heap after
{Heap after GC invocations=50 (full 0):
 garbage-first heap   total 225280K, used 163075K [0x0000000080000000, 0x0000000100000000)
  region size 1024K, 3 young (3072K), 3 survivors (3072K)
 Metaspace       used 117035K, capacity 120091K, committed 120300K, reserved 1155072K
  class space    used 14556K, capacity 15638K, committed 15744K, reserved 1048576K
}
Event: 200.110 GC heap before
{Heap before GC invocations=51 (full 0):
 garbage-first heap   total 225280K, used 194819K [0x0000000080000000, 0x0000000100000000)
  region size 1024K, 32 young (32768K), 3 survivors (3072K)
 Metaspace       used 119093K, capacity 122217K, committed 122348K, reserved 1155072K
  class space    used 14814K, capacity 15886K, committed 16000K, reserved 1048576K
}
Event: 200.117 GC heap after
{Heap after GC invocations=52 (full 0):
 garbage-first heap   total 225280K, used 169536K [0x0000000080000000, 0x0000000100000000)
  region size 1024K, 4 young (4096K), 4 survivors (4096K)
 Metaspace       used 119093K, capacity 122217K, committed 122348K, reserved 1155072K
  class space    used 14814K, capacity 15886K, committed 16000K, reserved 1048576K
}
Event: 200.261 GC heap before
{Heap before GC invocations=52 (full 0):
 garbage-first heap   total 225280K, used 187968K [0x0000000080000000, 0x0000000100000000)
  region size 1024K, 11 young (11264K), 4 survivors (4096K)
 Metaspace       used 120366K, capacity 123536K, committed 123756K, reserved 1157120K
  class space    used 14993K, capacity 16094K, committed 16128K, reserved 1048576K
}
Event: 200.265 GC heap after
{Heap after GC invocations=53 (full 0):
 garbage-first heap   total 225280K, used 175403K [0x0000000080000000, 0x0000000100000000)
  region size 1024K, 1 young (1024K), 1 survivors (1024K)
 Metaspace       used 120366K, capacity 123536K, committed 123756K, reserved 1157120K
  class space    used 14993K, capacity 16094K, committed 16128K, reserved 1048576K
}
Event: 200.274 GC heap before
{Heap before GC invocations=53 (full 0):
 garbage-first heap   total 225280K, used 183595K [0x0000000080000000, 0x0000000100000000)
  region size 1024K, 8 young (8192K), 1 survivors (1024K)
 Metaspace       used 120371K, capacity 123536K, committed 123756K, reserved 1157120K
  class space    used 14993K, capacity 16094K, committed 16128K, reserved 1048576K
}
Event: 200.277 GC heap after
{Heap after GC invocations=54 (full 0):
 garbage-first heap   total 225280K, used 179960K [0x0000000080000000, 0x0000000100000000)
  region size 1024K, 3 young (3072K), 3 survivors (3072K)
 Metaspace       used 120371K, capacity 123536K, committed 123756K, reserved 1157120K
  class space    used 14993K, capacity 16094K, committed 16128K, reserved 1048576K
}
Event: 200.536 GC heap before
{Heap before GC invocations=54 (full 0):
 garbage-first heap   total 225280K, used 206584K [0x0000000080000000, 0x0000000100000000)
  region size 1024K, 17 young (17408K), 3 survivors (3072K)
 Metaspace       used 120601K, capacity 123800K, committed 124012K, reserved 1157120K
  class space    used 15015K, capacity 16096K, committed 16128K, reserved 1048576K
}
Event: 200.545 GC heap after
{Heap after GC invocations=55 (full 0):
 garbage-first heap   total 225280K, used 189833K [0x0000000080000000, 0x0000000100000000)
  region size 1024K, 3 young (3072K), 3 survivors (3072K)
 Metaspace       used 120601K, capacity 123800K, committed 124012K, reserved 1157120K
  class space    used 15015K, capacity 16096K, committed 16128K, reserved 1048576K
}
Event: 200.623 GC heap before
{Heap before GC invocations=55 (full 0):
 garbage-first heap   total 225280K, used 197001K [0x0000000080000000, 0x0000000100000000)
  region size 1024K, 11 young (11264K), 3 survivors (3072K)
 Metaspace       used 120601K, capacity 123800K, committed 124012K, reserved 1157120K
  class space    used 15015K, capacity 16096K, committed 16128K, reserved 1048576K
}
Event: 200.632 GC heap after
{Heap after GC invocations=56 (full 0):
 garbage-first heap   total 225280K, used 193529K [0x0000000080000000, 0x0000000100000000)
  region size 1024K, 2 young (2048K), 2 survivors (2048K)
 Metaspace       used 120601K, capacity 123800K, committed 124012K, reserved 1157120K
  class space    used 15015K, capacity 16096K, committed 16128K, reserved 1048576K
}
Event: 200.686 GC heap before
{Heap before GC invocations=57 (full 0):
 garbage-first heap   total 225280K, used 201721K [0x0000000080000000, 0x0000000100000000)
  region size 1024K, 11 young (11264K), 2 survivors (2048K)
 Metaspace       used 120602K, capacity 123800K, committed 124012K, reserved 1157120K
  class space    used 15015K, capacity 16096K, committed 16128K, reserved 1048576K
}
Event: 200.696 GC heap after
{Heap after GC invocations=58 (full 0):
 garbage-first heap   total 225280K, used 197275K [0x0000000080000000, 0x0000000100000000)
  region size 1024K, 2 young (2048K), 2 survivors (2048K)
 Metaspace       used 120602K, capacity 123800K, committed 124012K, reserved 1157120K
  class space    used 15015K, capacity 16096K, committed 16128K, reserved 1048576K
}
Event: 200.752 GC heap before
{Heap before GC invocations=58 (full 0):
 garbage-first heap   total 225280K, used 207515K [0x0000000080000000, 0x0000000100000000)
  region size 1024K, 11 young (11264K), 2 survivors (2048K)
 Metaspace       used 120602K, capacity 123800K, committed 124012K, reserved 1157120K
  class space    used 15015K, capacity 16096K, committed 16128K, reserved 1048576K
}
Event: 200.764 GC heap after
{Heap after GC invocations=59 (full 0):
 garbage-first heap   total 225280K, used 201053K [0x0000000080000000, 0x0000000100000000)
  region size 1024K, 2 young (2048K), 2 survivors (2048K)
 Metaspace       used 120602K, capacity 123800K, committed 124012K, reserved 1157120K
  class space    used 15015K, capacity 16096K, committed 16128K, reserved 1048576K
}
Event: 200.796 GC heap before
{Heap before GC invocations=59 (full 0):
 garbage-first heap   total 225280K, used 205149K [0x0000000080000000, 0x0000000100000000)
  region size 1024K, 8 young (8192K), 2 survivors (2048K)
 Metaspace       used 120602K, capacity 123800K, committed 124012K, reserved 1157120K
  class space    used 15015K, capacity 16096K, committed 16128K, reserved 1048576K
}
Event: 200.806 GC heap after
{Heap after GC invocations=60 (full 0):
 garbage-first heap   total 225280K, used 203681K [0x0000000080000000, 0x0000000100000000)
  region size 1024K, 2 young (2048K), 2 survivors (2048K)
 Metaspace       used 120602K, capacity 123800K, committed 124012K, reserved 1157120K
  class space    used 15015K, capacity 16096K, committed 16128K, reserved 1048576K
}
Event: 201.180 GC heap before
{Heap before GC invocations=60 (full 0):
 garbage-first heap   total 225280K, used 212897K [0x0000000080000000, 0x0000000100000000)
  region size 1024K, 11 young (11264K), 2 survivors (2048K)
 Metaspace       used 121671K, capacity 124913K, committed 125164K, reserved 1159168K
  class space    used 15266K, capacity 16386K, committed 16512K, reserved 1048576K
}

Deoptimization events (20 events):
Event: 200.535 Thread 0x000001bd2ddb9800 DEOPT PACKING pc=0x000001bd1151c855 sp=0x00000077a01fd650
Event: 200.535 Thread 0x000001bd2ddb9800 DEOPT UNPACKING pc=0x000001bd0ee6a95e sp=0x00000077a01fcb70 mode 0
Event: 200.549 Thread 0x000001bd2ddb9800 DEOPT PACKING pc=0x000001bd1151c876 sp=0x00000077a01fd650
Event: 200.549 Thread 0x000001bd2ddb9800 DEOPT UNPACKING pc=0x000001bd0ee6a95e sp=0x00000077a01fcb70 mode 0
Event: 200.552 Thread 0x000001bd2ddb9800 DEOPT PACKING pc=0x000001bd1151c855 sp=0x00000077a01fd650
Event: 200.552 Thread 0x000001bd2ddb9800 DEOPT UNPACKING pc=0x000001bd0ee6a95e sp=0x00000077a01fcb70 mode 0
Event: 200.561 Thread 0x000001bd2ddb9800 DEOPT PACKING pc=0x000001bd1151c876 sp=0x00000077a01fd650
Event: 200.561 Thread 0x000001bd2ddb9800 DEOPT UNPACKING pc=0x000001bd0ee6a95e sp=0x00000077a01fcb70 mode 0
Event: 200.590 Thread 0x000001bd2ddb9800 DEOPT PACKING pc=0x000001bd1151c876 sp=0x00000077a01fd650
Event: 200.590 Thread 0x000001bd2ddb9800 DEOPT UNPACKING pc=0x000001bd0ee6a95e sp=0x00000077a01fcb70 mode 0
Event: 200.601 Thread 0x000001bd2ddb9800 DEOPT PACKING pc=0x000001bd1151c855 sp=0x00000077a01fd630
Event: 200.601 Thread 0x000001bd2ddb9800 DEOPT UNPACKING pc=0x000001bd0ee6a95e sp=0x00000077a01fcb50 mode 0
Event: 200.637 Thread 0x000001bd2ddb9800 DEOPT PACKING pc=0x000001bd1151c876 sp=0x00000077a01fd650
Event: 200.637 Thread 0x000001bd2ddb9800 DEOPT UNPACKING pc=0x000001bd0ee6a95e sp=0x00000077a01fcb70 mode 0
Event: 200.644 Thread 0x000001bd2ddb9800 DEOPT PACKING pc=0x000001bd1151c876 sp=0x00000077a01fd650
Event: 200.644 Thread 0x000001bd2ddb9800 DEOPT UNPACKING pc=0x000001bd0ee6a95e sp=0x00000077a01fcb70 mode 0
Event: 200.668 Thread 0x000001bd2ddb9800 DEOPT PACKING pc=0x000001bd1151c876 sp=0x00000077a01fd650
Event: 200.668 Thread 0x000001bd2ddb9800 DEOPT UNPACKING pc=0x000001bd0ee6a95e sp=0x00000077a01fcb70 mode 0
Event: 200.714 Thread 0x000001bd2ddb9800 DEOPT PACKING pc=0x000001bd1151c855 sp=0x00000077a01fd650
Event: 200.714 Thread 0x000001bd2ddb9800 DEOPT UNPACKING pc=0x000001bd0ee6a95e sp=0x00000077a01fcb70 mode 0

Classes redefined (0 events):
No events

Internal exceptions (20 events):
Event: 193.387 Thread 0x000001bd2d2f2800 Exception <a 'java/lang/NoSuchMethodError'{0x000000008ae9a0d8}: 'java.lang.Object java.lang.invoke.DirectMethodHandle$Holder.invokeInterface(java.lang.Object, java.lang.Object, int)'> (0x000000008ae9a0d8) thrown at [./src/hotspot/share/interpreter/linkResolver.cpp, line 773]
Event: 193.389 Thread 0x000001bd2d2f2800 Exception <a 'java/lang/NoSuchMethodError'{0x000000008aeaf608}: 'void java.lang.invoke.DirectMethodHandle$Holder.invokeStatic(java.lang.Object, java.lang.Object, java.lang.Object, int)'> (0x000000008aeaf608) thrown at [./src/hotspot/share/interpreter/linkResolver.cpp, line 773]
Event: 193.473 Thread 0x000001bd2ddbc800 Implicit null exception at 0x000001bd16bd05f7 to 0x000001bd16bd078c
Event: 197.581 Thread 0x000001bd2d2ec800 Exception <a 'java/lang/NoSuchMethodError'{0x000000008cd31a40}: <clinit>> (0x000000008cd31a40) thrown at [./src/hotspot/share/prims/jni.cpp, line 1365]
Event: 199.646 Thread 0x000001bd2ddbc000 Exception <a 'java/lang/NoSuchMethodError'{0x000000008d41e478}: <clinit>> (0x000000008d41e478) thrown at [./src/hotspot/share/prims/jni.cpp, line 1365]
Event: 199.646 Thread 0x000001bd2ddbc000 Exception <a 'java/lang/NoSuchMethodError'{0x000000008d41fa80}: <clinit>> (0x000000008d41fa80) thrown at [./src/hotspot/share/prims/jni.cpp, line 1365]
Event: 199.646 Thread 0x000001bd2ddbc000 Exception <a 'java/lang/NoSuchMethodError'{0x000000008d422670}: <clinit>> (0x000000008d422670) thrown at [./src/hotspot/share/prims/jni.cpp, line 1365]
Event: 199.647 Thread 0x000001bd2ddbc000 Exception <a 'java/lang/NoSuchMethodError'{0x000000008d4395d8}: <clinit>> (0x000000008d4395d8) thrown at [./src/hotspot/share/prims/jni.cpp, line 1365]
Event: 199.647 Thread 0x000001bd2ddbc000 Exception <a 'java/lang/NoSuchMethodError'{0x000000008d43a810}: <clinit>> (0x000000008d43a810) thrown at [./src/hotspot/share/prims/jni.cpp, line 1365]
Event: 199.820 Thread 0x000001bd2ddb9800 Exception <a 'sun/nio/fs/WindowsException'{0x000000008ca8b288}> (0x000000008ca8b288) thrown at [./src/hotspot/share/prims/jni.cpp, line 615]
Event: 200.005 Thread 0x000001bd2ddbc000 Exception <a 'java/lang/NoSuchMethodError'{0x000000008bf6e688}: <clinit>> (0x000000008bf6e688) thrown at [./src/hotspot/share/prims/jni.cpp, line 1365]
Event: 200.008 Thread 0x000001bd2ddbc000 Exception <a 'java/lang/NoSuchMethodError'{0x000000008bfe31f0}: <clinit>> (0x000000008bfe31f0) thrown at [./src/hotspot/share/prims/jni.cpp, line 1365]
Event: 200.009 Thread 0x000001bd2ddbc000 Exception <a 'java/lang/NoSuchMethodError'{0x000000008bff5bf0}: <clinit>> (0x000000008bff5bf0) thrown at [./src/hotspot/share/prims/jni.cpp, line 1365]
Event: 200.249 Thread 0x000001bd2ddb9800 Exception <a 'java/lang/NoSuchMethodError'{0x000000008d7a1be8}: 'java.lang.Object java.lang.invoke.DirectMethodHandle$Holder.invokeStaticInit(java.lang.Object, java.lang.Object, java.lang.Object, java.lang.Object, java.lang.Object, java.lang.Object, java.lang.Object, java.lang.Object, java.lang.Object, java.lang.Object, java.lang.Object, java.lang.Object, java.lang.Object, java.lang.Object, java.lang.Object, java.lang.Object, java.lang.Object, java.lang.Object, int, java.lang.Object, java.lang.Object)'> (0
Event: 201.001 Thread 0x000001bd2ddbe800 Exception <a 'java/lang/NoSuchMethodError'{0x000000008d36eca8}: 'void java.lang.invoke.DirectMethodHandle$Holder.invokeStatic(java.lang.Object, long)'> (0x000000008d36eca8) thrown at [./src/hotspot/share/interpreter/linkResolver.cpp, line 773]
Event: 201.002 Thread 0x000001bd2ddbe800 Exception <a 'java/lang/NoSuchMethodError'{0x000000008d374370}: 'java.lang.Object java.lang.invoke.DirectMethodHandle$Holder.invokeStatic(java.lang.Object, long)'> (0x000000008d374370) thrown at [./src/hotspot/share/interpreter/linkResolver.cpp, line 773]
Event: 201.004 Thread 0x000001bd2ddbe800 Exception <a 'java/lang/NoSuchMethodError'{0x000000008d383378}: 'java.lang.Object java.lang.invoke.DirectMethodHandle$Holder.invokeStaticInit(java.lang.Object, java.lang.Object, long, java.lang.Object)'> (0x000000008d383378) thrown at [./src/hotspot/share/interpreter/linkResolver.cpp, line 773]
Event: 201.004 Thread 0x000001bd2ddbe800 Exception <a 'java/lang/NoSuchMethodError'{0x000000008d389c30}: 'java.lang.Object java.lang.invoke.DirectMethodHandle$Holder.invokeStatic(java.lang.Object, java.lang.Object, long)'> (0x000000008d389c30) thrown at [./src/hotspot/share/interpreter/linkResolver.cpp, line 773]
Event: 201.005 Thread 0x000001bd2ddbe800 Exception <a 'java/lang/NoSuchMethodError'{0x000000008d390660}: 'java.lang.Object java.lang.invoke.Invokers$Holder.linkToTargetMethod(java.lang.Object, long, java.lang.Object)'> (0x000000008d390660) thrown at [./src/hotspot/share/interpreter/linkResolver.cpp, line 773]
Event: 201.029 Thread 0x000001bd2ddbb000 Exception <a 'java/lang/NoSuchMethodError'{0x000000008d231580}: 'java.lang.Object java.lang.invoke.DirectMethodHandle$Holder.newInvokeSpecial(java.lang.Object, int)'> (0x000000008d231580) thrown at [./src/hotspot/share/interpreter/linkResolver.cpp, line 773]

Events (20 events):
Event: 201.178 loading class com/android/tools/r8/code/x done
Event: 201.178 loading class com/android/tools/r8/code/p
Event: 201.178 loading class com/android/tools/r8/code/p done
Event: 201.178 loading class com/android/tools/r8/code/n
Event: 201.178 loading class com/android/tools/r8/code/n done
Event: 201.179 loading class com/android/tools/r8/code/m
Event: 201.179 loading class com/android/tools/r8/code/m done
Event: 201.179 loading class com/android/tools/r8/code/l
Event: 201.179 loading class com/android/tools/r8/code/l done
Event: 201.179 loading class com/android/tools/r8/code/o
Event: 201.179 loading class com/android/tools/r8/code/o done
Event: 201.179 loading class com/android/tools/r8/code/q
Event: 201.179 loading class com/android/tools/r8/code/q done
Event: 201.180 loading class com/android/tools/r8/code/k
Event: 201.180 loading class com/android/tools/r8/code/k done
Event: 201.180 loading class com/android/tools/r8/code/K1
Event: 201.180 loading class com/android/tools/r8/code/K1 done
Event: 201.180 loading class com/android/tools/r8/code/M1
Event: 201.180 loading class com/android/tools/r8/code/M1 done
Event: 201.180 Executing VM operation: G1CollectForAllocation


Dynamic libraries:
0x00007ff766ca0000 - 0x00007ff766caa000 	C:\Program Files\Android\Android Studio\jre\bin\java.exe
0x00007ffbb1fd0000 - 0x00007ffbb21c8000 	C:\Windows\SYSTEM32\ntdll.dll
0x00007ffbb1340000 - 0x00007ffbb13ff000 	C:\Windows\System32\KERNEL32.DLL
0x00007ffbaf780000 - 0x00007ffbafa52000 	C:\Windows\System32\KERNELBASE.dll
0x00007ffbafcd0000 - 0x00007ffbafdd0000 	C:\Windows\System32\ucrtbase.dll
0x00007ffb97c10000 - 0x00007ffb97c27000 	C:\Program Files\Android\Android Studio\jre\bin\VCRUNTIME140.dll
0x00007ffb977e0000 - 0x00007ffb977f9000 	C:\Program Files\Android\Android Studio\jre\bin\jli.dll
0x00007ffbb1a60000 - 0x00007ffbb1bfd000 	C:\Windows\System32\USER32.dll
0x00007ffbafbe0000 - 0x00007ffbafc02000 	C:\Windows\System32\win32u.dll
0x00007ffb9fa40000 - 0x00007ffb9fcda000 	C:\Windows\WinSxS\amd64_microsoft.windows.common-controls_6595b64144ccf1df_6.0.19041.1110_none_60b5254171f9507e\COMCTL32.dll
0x00007ffbb00b0000 - 0x00007ffbb00db000 	C:\Windows\System32\GDI32.dll
0x00007ffbb0fe0000 - 0x00007ffbb107e000 	C:\Windows\System32\msvcrt.dll
0x00007ffbafad0000 - 0x00007ffbafbdf000 	C:\Windows\System32\gdi32full.dll
0x00007ffbafdd0000 - 0x00007ffbafe6d000 	C:\Windows\System32\msvcp_win.dll
0x00007ffbb1300000 - 0x00007ffbb1332000 	C:\Windows\System32\IMM32.DLL
0x00007ffb6e480000 - 0x00007ffb6e51d000 	C:\Program Files\Android\Android Studio\jre\bin\msvcp140.dll
0x00007ffb79d10000 - 0x00007ffb7a7f5000 	C:\Program Files\Android\Android Studio\jre\bin\server\jvm.dll
0x00007ffbb01c0000 - 0x00007ffbb026e000 	C:\Windows\System32\ADVAPI32.dll
0x00007ffbb0f40000 - 0x00007ffbb0fdc000 	C:\Windows\System32\sechost.dll
0x00007ffbb1c00000 - 0x00007ffbb1d25000 	C:\Windows\System32\RPCRT4.dll
0x00007ffbb1f20000 - 0x00007ffbb1f28000 	C:\Windows\System32\PSAPI.DLL
0x00007ffb90870000 - 0x00007ffb90879000 	C:\Windows\SYSTEM32\WSOCK32.dll
0x00007ffb9f960000 - 0x00007ffb9f987000 	C:\Windows\SYSTEM32\WINMM.dll
0x00007ffba3000000 - 0x00007ffba300a000 	C:\Windows\SYSTEM32\VERSION.dll
0x00007ffbb0270000 - 0x00007ffbb02db000 	C:\Windows\System32\WS2_32.dll
0x00007ffbad520000 - 0x00007ffbad532000 	C:\Windows\SYSTEM32\kernel.appcore.dll
0x00007ffbaac40000 - 0x00007ffbaac51000 	C:\Program Files\Android\Android Studio\jre\bin\verify.dll
0x00007ffb9fe50000 - 0x00007ffba0034000 	C:\Windows\SYSTEM32\DBGHELP.DLL
0x00007ffb9fd00000 - 0x00007ffb9fd2c000 	C:\Windows\SYSTEM32\dbgcore.DLL
0x00007ffbafc10000 - 0x00007ffbafc92000 	C:\Windows\System32\bcryptPrimitives.dll
0x00007ffba3df0000 - 0x00007ffba3e19000 	C:\Program Files\Android\Android Studio\jre\bin\java.dll
0x00007ffbaac80000 - 0x00007ffbaac8b000 	C:\Program Files\Android\Android Studio\jre\bin\jimage.dll
0x00007ffba3dd0000 - 0x00007ffba3de8000 	C:\Program Files\Android\Android Studio\jre\bin\zip.dll
0x00007ffbb0490000 - 0x00007ffbb0bd3000 	C:\Windows\System32\SHELL32.dll
0x00007ffbad720000 - 0x00007ffbadeb2000 	C:\Windows\SYSTEM32\windows.storage.dll
0x00007ffbb0be0000 - 0x00007ffbb0f34000 	C:\Windows\System32\combase.dll
0x00007ffbaefc0000 - 0x00007ffbaeff0000 	C:\Windows\SYSTEM32\Wldp.dll
0x00007ffbb1400000 - 0x00007ffbb14ad000 	C:\Windows\System32\SHCORE.dll
0x00007ffbb1930000 - 0x00007ffbb1985000 	C:\Windows\System32\shlwapi.dll
0x00007ffbaf610000 - 0x00007ffbaf62f000 	C:\Windows\SYSTEM32\profapi.dll
0x00007ffba3ae0000 - 0x00007ffba3afa000 	C:\Program Files\Android\Android Studio\jre\bin\net.dll
0x00007ffba72f0000 - 0x00007ffba73fc000 	C:\Windows\SYSTEM32\WINHTTP.dll
0x00007ffbaed20000 - 0x00007ffbaed8a000 	C:\Windows\system32\mswsock.dll
0x00007ffba2940000 - 0x00007ffba2954000 	C:\Program Files\Android\Android Studio\jre\bin\nio.dll
0x00007ffb908b0000 - 0x00007ffb908d7000 	C:\Users\maste\.gradle\native\e1d6ef7f7dcc3fd88c89a11ec53ec762bb8ba0a96d01ffa2cd45eb1d1d8dd5c5\windows-amd64\native-platform.dll
0x00007ffb7ab30000 - 0x00007ffb7ac74000 	C:\Users\maste\.gradle\native\5664cfc778a61ccfe75a443a1ab52a65af34e5dc3c78e0209fed803814484fcb\windows-amd64\native-platform-file-events.dll
0x00007ffbaac30000 - 0x00007ffbaac3a000 	C:\Program Files\Android\Android Studio\jre\bin\management.dll
0x00007ffba3dc0000 - 0x00007ffba3dcd000 	C:\Program Files\Android\Android Studio\jre\bin\management_ext.dll
0x00007ffbaef10000 - 0x00007ffbaef28000 	C:\Windows\SYSTEM32\CRYPTSP.dll
0x00007ffbae640000 - 0x00007ffbae674000 	C:\Windows\system32\rsaenh.dll
0x00007ffbafca0000 - 0x00007ffbafcc7000 	C:\Windows\System32\bcrypt.dll
0x00007ffbaf5d0000 - 0x00007ffbaf5fe000 	C:\Windows\SYSTEM32\USERENV.dll
0x00007ffbaef30000 - 0x00007ffbaef3c000 	C:\Windows\SYSTEM32\CRYPTBASE.dll
0x00007ffbaea10000 - 0x00007ffbaea4b000 	C:\Windows\SYSTEM32\IPHLPAPI.DLL
0x00007ffbb1920000 - 0x00007ffbb1928000 	C:\Windows\System32\NSI.dll
0x00007ffba8560000 - 0x00007ffba8577000 	C:\Windows\SYSTEM32\dhcpcsvc6.DLL
0x00007ffba90e0000 - 0x00007ffba90fd000 	C:\Windows\SYSTEM32\dhcpcsvc.DLL
0x00007ffbaea50000 - 0x00007ffbaeb1a000 	C:\Windows\SYSTEM32\DNSAPI.dll

dbghelp: loaded successfully - version: 4.0.5 - missing functions: none
symbol engine: initialized successfully - sym options: 0x614 - pdb path: .;C:\Program Files\Android\Android Studio\jre\bin;C:\Windows\SYSTEM32;C:\Windows\WinSxS\amd64_microsoft.windows.common-controls_6595b64144ccf1df_6.0.19041.1110_none_60b5254171f9507e;C:\Program Files\Android\Android Studio\jre\bin\server;C:\Users\maste\.gradle\native\e1d6ef7f7dcc3fd88c89a11ec53ec762bb8ba0a96d01ffa2cd45eb1d1d8dd5c5\windows-amd64;C:\Users\maste\.gradle\native\5664cfc778a61ccfe75a443a1ab52a65af34e5dc3c78e0209fed803814484fcb\windows-amd64

VM Arguments:
jvm_args: --add-opens=java.base/java.util=ALL-UNNAMED --add-opens=java.base/java.lang=ALL-UNNAMED --add-opens=java.base/java.lang.invoke=ALL-UNNAMED --add-opens=java.base/java.util=ALL-UNNAMED --add-opens=java.prefs/java.util.prefs=ALL-UNNAMED --add-opens=java.prefs/java.util.prefs=ALL-UNNAMED --add-opens=java.base/java.nio.charset=ALL-UNNAMED --add-opens=java.base/java.net=ALL-UNNAMED --add-opens=java.base/java.util.concurrent.atomic=ALL-UNNAMED -Xmx2048m -Dfile.encoding=UTF-8 -Duser.country=AU -Duser.language=en -Duser.variant 
java_command: org.gradle.launcher.daemon.bootstrap.GradleDaemon 7.3.3
java_class_path (initial): C:\Users\maste\.gradle\wrapper\dists\gradle-7.3.3-bin\6a41zxkdtcxs8rphpq6y0069z\gradle-7.3.3\lib\gradle-launcher-7.3.3.jar
Launcher Type: SUN_STANDARD

[Global flags]
     intx CICompilerCount                          = 3                                         {product} {ergonomic}
     uint ConcGCThreads                            = 1                                         {product} {ergonomic}
     uint G1ConcRefinementThreads                  = 4                                         {product} {ergonomic}
   size_t G1HeapRegionSize                         = 1048576                                   {product} {ergonomic}
    uintx GCDrainStackTargetSize                   = 64                                        {product} {ergonomic}
   size_t InitialHeapSize                          = 132120576                                 {product} {ergonomic}
   size_t MarkStackSize                            = 4194304                                   {product} {ergonomic}
   size_t MaxHeapSize                              = 2147483648                                {product} {command line}
   size_t MaxNewSize                               = 1287651328                                {product} {ergonomic}
   size_t MinHeapDeltaBytes                        = 1048576                                   {product} {ergonomic}
    uintx NonNMethodCodeHeapSize                   = 5830732                                {pd product} {ergonomic}
    uintx NonProfiledCodeHeapSize                  = 122913754                              {pd product} {ergonomic}
    uintx ProfiledCodeHeapSize                     = 122913754                              {pd product} {ergonomic}
    uintx ReservedCodeCacheSize                    = 251658240                              {pd product} {ergonomic}
     bool SegmentedCodeCache                       = true                                      {product} {ergonomic}
     bool UseCompressedClassPointers               = true                                 {lp64_product} {ergonomic}
     bool UseCompressedOops                        = true                                 {lp64_product} {ergonomic}
     bool UseG1GC                                  = true                                      {product} {ergonomic}
     bool UseLargePagesIndividualAllocation        = false                                  {pd product} {ergonomic}

Logging:
Log output configuration:
 #0: stdout all=warning uptime,level,tags
 #1: stderr all=off uptime,level,tags

Environment Variables:
JAVA_HOME=C:\Program Files\Java\jdk-17.0.2
PATH=C:\Program Files\Python311\Scripts\;C:\Program Files\Python311\;C:\Program Files (x86)\NVIDIA Corporation\PhysX\Common;C:\Program Files\Common Files\Oracle\Java\javapath;C:\Windows\system32;C:\Windows;C:\Windows\System32\Wbem;C:\Windows\System32\WindowsPowerShell\v1.0\;C:\Windows\System32\OpenSSH\;C:\Program Files\Java\jdk-17.0.2\javafx-sdk-17.0.2\lib;C:\Program Files\Git\cmd;C:\Program Files\Java\jdk-17.0.2\bin;C:\ProgramData\chocolatey\bin;C:\Program Files\nodejs\;C:\Program Files\dotnet\;C:\Program Files (x86)\Microsoft Visual Studio\Common\Tools\WinNT;C:\Program Files (x86)\Microsoft Visual Studio\Common\MSDev98\Bin;C:\Program Files (x86)\Microsoft Visual Studio\Common\Tools;C:\Program Files (x86)\Microsoft Visual Studio\VC98\bin;C:\Users\maste\AppData\Local\Microsoft\WindowsApps;C:\msys64\mingw64\bin;C:\msys64\mingw64\x86_64-w64-mingw32\bin;C:\Program Files\Java\jdk-17.0.2\bin;C:\Users\maste\AppData\Local\Android\Sdk\platform-tools;C:\Users\maste\AppData\Local\Programs\Microsoft VS Code\bin;C:\Users\maste\AppData\Roaming\npm;C:\Drivers\edgedriver_win64;C:\Users\maste\.dotnet\tools
USERNAME=Rene Tajos Jr
OS=Windows_NT
PROCESSOR_IDENTIFIER=Intel64 Family 6 Model 42 Stepping 7, GenuineIntel



---------------  S Y S T E M  ---------------

OS: Windows 10 , 64 bit Build 19041 (10.0.19041.2251)
OS uptime: 0 days 8:42 hours

CPU:total 4 (initial active 4) (4 cores per cpu, 1 threads per core) family 6 model 42 stepping 7 microcode 0x2f, cmov, cx8, fxsr, mmx, sse, sse2, sse3, ssse3, sse4.1, sse4.2, popcnt, avx, aes, clmul, tsc, tscinvbit

Memory: 4k page, system-wide physical 8013M (333M free)
TotalPageFile size 10013M (AvailPageFile size 66M)
current process WorkingSet (physical memory assigned to process): 545M, peak: 547M
current process commit charge ("private bytes"): 578M, peak: 654M

vm_info: OpenJDK 64-Bit Server VM (11.0.12+7-b1504.28-7817840) for windows-amd64 JRE (11.0.12+7-b1504.28-7817840), built on Oct 13 2021 22:12:33 by "builder" with MS VC++ 14.0 (VS2015)

END.
