#
# There is insufficient memory for the Java Runtime Environment to continue.
# Native memory allocation (mmap) failed to map 177209344 bytes for Failed to commit area from 0x0000000094100000 to 0x000000009ea00000 of length 177209344.
# Possible reasons:
#   The system is out of physical RAM or swap space
#   The process is running with CompressedOops enabled, and the Java Heap may be blocking the growth of the native heap
# Possible solutions:
#   Reduce memory load on the system
#   Increase physical memory or swap space
#   Check if swap backing store is full
#   Decrease Java heap size (-Xmx/-Xms)
#   Decrease number of Java threads
#   Decrease Java thread stack sizes (-Xss)
#   Set larger code cache with -XX:ReservedCodeCacheSize=
#   JVM is running with Unscaled Compressed Oops mode in which the Java heap is
#     placed in the first 4GB address space. The Java Heap base address is the
#     maximum limit for the native heap growth. Please use -XX:HeapBaseMinAddress
#     to set the Java Heap base and to place the Java Heap above 4GB virtual address.
# This output file may be truncated or incomplete.
#
#  Out of Memory Error (./src/hotspot/os/windows/os_windows.cpp:3521), pid=1888, tid=9784
#
# JRE version: OpenJDK Runtime Environment (11.0.12+7) (build 11.0.12+7-b1504.28-7817840)
# Java VM: OpenJDK 64-Bit Server VM (11.0.12+7-b1504.28-7817840, mixed mode, tiered, compressed oops, g1 gc, windows-amd64)
# No core dump will be written. Minidumps are not enabled by default on client versions of Windows
#

---------------  S U M M A R Y ------------

Command Line: --add-opens=java.base/java.util=ALL-UNNAMED --add-opens=java.base/java.lang=ALL-UNNAMED --add-opens=java.base/java.lang.invoke=ALL-UNNAMED --add-opens=java.base/java.util=ALL-UNNAMED --add-opens=java.prefs/java.util.prefs=ALL-UNNAMED --add-opens=java.prefs/java.util.prefs=ALL-UNNAMED --add-opens=java.base/java.nio.charset=ALL-UNNAMED --add-opens=java.base/java.net=ALL-UNNAMED --add-opens=java.base/java.util.concurrent.atomic=ALL-UNNAMED -Xmx2048m -Dfile.encoding=UTF-8 -Duser.country=AU -Duser.language=en -Duser.variant org.gradle.launcher.daemon.bootstrap.GradleDaemon 7.3.3

Host: Intel(R) Core(TM) i5-2500 CPU @ 3.30GHz, 4 cores, 7G,  Windows 10 , 64 bit Build 19041 (10.0.19041.2251)
Time: Mon Nov 21 21:20:18 2022 China Standard Time elapsed time: 597.126072 seconds (0d 0h 9m 57s)

---------------  T H R E A D  ---------------

Current thread (0x000001aefa189000):  VMThread "VM Thread" [stack: 0x000000991ee00000,0x000000991ef00000] [id=9784]

Stack: [0x000000991ee00000,0x000000991ef00000]
[error occurred during error reporting (printing stack bounds), id 0xc0000005, EXCEPTION_ACCESS_VIOLATION (0xc0000005) at pc=0x000001aee40a112d]

Native frames: (J=compiled Java code, j=interpreted, Vv=VM code, C=native code)
V  [jvm.dll+0x5fbcea]
V  [jvm.dll+0x731905]
V  [jvm.dll+0x732f1d]
V  [jvm.dll+0x733535]
V  [jvm.dll+0x7334eb]
V  [jvm.dll+0x5fb080]
V  [jvm.dll+0x5fb818]
C  [ntdll.dll+0xa241f]
C  [ntdll.dll+0x514a4]
C  [ntdll.dll+0xa0f4e]
C  0x000001aee40a112d

VM_Operation (0x00000099200f63e0): G1CollectForAllocation, mode: safepoint, requested by thread 0x000001ae817e2000


---------------  P R O C E S S  ---------------

Threads class SMR info:
_java_thread_list=0x000001aefe268d60, length=88, elements={
0x000001aee058c800, 0x000001aefa192000, 0x000001aefa196800, 0x000001aefab25000,
0x000001aefab27000, 0x000001aefab28000, 0x000001aefab2f000, 0x000001aefab30000,
0x000001aefab6e800, 0x000001aefac78000, 0x000001aefde30800, 0x000001aefcc0b800,
0x000001aefce6c000, 0x000001aefd69c800, 0x000001aefd69f000, 0x000001aefd6a0000,
0x000001aefd69b000, 0x000001aefd69c000, 0x000001aefe421000, 0x000001aefe420800,
0x000001aefe41d000, 0x000001aefe423000, 0x000001aefe41e000, 0x000001ae817ee000,
0x000001ae817eb800, 0x000001ae817ea000, 0x000001ae80349800, 0x000001ae8034a800,
0x000001ae80344800, 0x000001ae8034c000, 0x000001ae8034c800, 0x000001ae81136000,
0x000001ae817e3800, 0x000001ae817e3000, 0x000001ae817e1000, 0x000001ae817e2000,
0x000001ae817e4800, 0x000001ae817e6000, 0x000001ae817e0800, 0x000001ae817eb000,
0x000001ae817e7800, 0x000001ae817e7000, 0x000001ae817e8800, 0x000001ae817ed800,
0x000001ae817ef000, 0x000001ae817e9800, 0x000001ae80342000, 0x000001ae80345800,
0x000001ae80346000, 0x000001ae80341800, 0x000001ae80347000, 0x000001ae80348000,
0x000001ae80348800, 0x000001ae80343000, 0x000001ae80343800, 0x000001ae8034d800,
0x000001ae80350000, 0x000001ae8034e800, 0x000001ae8034b000, 0x000001ae8034f000,
0x000001aefe422000, 0x000001aefe41f800, 0x000001aefe424800, 0x000001aefe41e800,
0x000001aefe42b000, 0x000001aefe429800, 0x000001aefe425800, 0x000001aefe428800,
0x000001aefe426000, 0x000001aefe42a000, 0x000001aefe427000, 0x000001aefe427800,
0x000001ae81130000, 0x000001ae81134000, 0x000001ae81131800, 0x000001ae8112f800,
0x000001ae81133800, 0x000001ae81132800, 0x000001ae81135000, 0x000001ae81131000,
0x000001aefd69a800, 0x000001aefd69d800, 0x000001aefd6a1000, 0x000001aefd69e800,
0x000001ae85429000, 0x000001ae8542e000, 0x000001ae8542f000, 0x000001ae85430800
}

Java Threads: ( => current thread )
  0x000001aee058c800 JavaThread "main" [_thread_blocked, id=8272, stack(0x000000991e800000,0x000000991e900000)]
  0x000001aefa192000 JavaThread "Reference Handler" daemon [_thread_blocked, id=8220, stack(0x000000991ef00000,0x000000991f000000)]
  0x000001aefa196800 JavaThread "Finalizer" daemon [_thread_blocked, id=9108, stack(0x000000991f000000,0x000000991f100000)]
  0x000001aefab25000 JavaThread "Signal Dispatcher" daemon [_thread_blocked, id=2004, stack(0x000000991f100000,0x000000991f200000)]
  0x000001aefab27000 JavaThread "Attach Listener" daemon [_thread_blocked, id=8320, stack(0x000000991f200000,0x000000991f300000)]
  0x000001aefab28000 JavaThread "Service Thread" daemon [_thread_blocked, id=7884, stack(0x000000991f300000,0x000000991f400000)]
  0x000001aefab2f000 JavaThread "C2 CompilerThread0" daemon [_thread_blocked, id=5140, stack(0x000000991f400000,0x000000991f500000)]
  0x000001aefab30000 JavaThread "C1 CompilerThread0" daemon [_thread_blocked, id=9180, stack(0x000000991f500000,0x000000991f600000)]
  0x000001aefab6e800 JavaThread "Sweeper thread" daemon [_thread_blocked, id=8920, stack(0x000000991f600000,0x000000991f700000)]
  0x000001aefac78000 JavaThread "Common-Cleaner" daemon [_thread_blocked, id=10412, stack(0x000000991f700000,0x000000991f800000)]
  0x000001aefde30800 JavaThread "Daemon health stats" [_thread_blocked, id=9580, stack(0x000000991fc00000,0x000000991fd00000)]
  0x000001aefcc0b800 JavaThread "Incoming local TCP Connector on port 62583" [_thread_in_native, id=11064, stack(0x000000991fd00000,0x000000991fe00000)]
  0x000001aefce6c000 JavaThread "Daemon periodic checks" [_thread_blocked, id=7740, stack(0x000000991fe00000,0x000000991ff00000)]
  0x000001aefd69c800 JavaThread "Cache worker for journal cache (C:\Users\maste\.gradle\caches\journal-1)" [_thread_blocked, id=2464, stack(0x0000009920700000,0x0000009920800000)]
  0x000001aefd69f000 JavaThread "File lock request listener" [_thread_in_native, id=3600, stack(0x0000009920800000,0x0000009920900000)]
  0x000001aefd6a0000 JavaThread "Cache worker for file hash cache (C:\Users\maste\.gradle\caches\7.3.3\fileHashes)" [_thread_blocked, id=6964, stack(0x0000009920900000,0x0000009920a00000)]
  0x000001aefd69b000 JavaThread "File watcher server" daemon [_thread_blocked, id=3580, stack(0x0000009920b00000,0x0000009920c00000)]
  0x000001aefd69c000 JavaThread "File watcher consumer" daemon [_thread_blocked, id=9692, stack(0x0000009920c00000,0x0000009920d00000)]
  0x000001aefe421000 JavaThread "Cache worker for execution history cache (C:\Users\maste\.gradle\caches\7.3.3\executionHistory)" [_thread_blocked, id=2036, stack(0x0000009921000000,0x0000009921100000)]
  0x000001aefe420800 JavaThread "jar transforms" [_thread_blocked, id=8356, stack(0x0000009921100000,0x0000009921200000)]
  0x000001aefe41d000 JavaThread "Cache worker for file content cache (C:\Users\maste\.gradle\caches\7.3.3\fileContent)" [_thread_blocked, id=6520, stack(0x0000009921200000,0x0000009921300000)]
  0x000001aefe423000 JavaThread "jar transforms Thread 2" [_thread_blocked, id=5440, stack(0x0000009921300000,0x0000009921400000)]
  0x000001aefe41e000 JavaThread "jar transforms Thread 3" [_thread_blocked, id=10180, stack(0x000000991f900000,0x000000991fa00000)]
  0x000001ae817ee000 JavaThread "jar transforms Thread 4" [_thread_blocked, id=8116, stack(0x0000009923f00000,0x0000009924000000)]
  0x000001ae817eb800 JavaThread "Memory manager" [_thread_blocked, id=6484, stack(0x0000009924000000,0x0000009924100000)]
  0x000001ae817ea000 JavaThread "pool-3-thread-1" [_thread_blocked, id=6392, stack(0x0000009924300000,0x0000009924400000)]
  0x000001ae80349800 JavaThread "RMI Scheduler(0)" daemon [_thread_blocked, id=11036, stack(0x0000009924e00000,0x0000009924f00000)]
  0x000001ae8034a800 JavaThread "RMI GC Daemon" daemon [_thread_blocked, id=8412, stack(0x0000009925000000,0x0000009925100000)]
  0x000001ae80344800 JavaThread "RMI TCP Accept-0" daemon [_thread_in_native, id=6240, stack(0x0000009925100000,0x0000009925200000)]
  0x000001ae8034c000 JavaThread "RMI Reaper" [_thread_blocked, id=7348, stack(0x0000009925200000,0x0000009925300000)]
  0x000001ae8034c800 JavaThread "Cache worker for Java compile cache (C:\Users\maste\.gradle\caches\7.3.3\javaCompile)" [_thread_blocked, id=10984, stack(0x000000991e500000,0x000000991e600000)]
  0x000001ae81136000 JavaThread "ForkJoinPool.commonPool-worker-3" daemon [_thread_blocked, id=2548, stack(0x0000009925800000,0x0000009925900000)]
  0x000001ae817e3800 JavaThread "Daemon Thread 2" [_thread_blocked, id=9984, stack(0x000000991e600000,0x000000991e700000)]
  0x000001ae817e3000 JavaThread "Handler for socket connection from /127.0.0.1:62583 to /127.0.0.1:63835" [_thread_in_native, id=11152, stack(0x000000991e700000,0x000000991e800000)]
  0x000001ae817e1000 JavaThread "Cancel handler" [_thread_blocked, id=7048, stack(0x000000991ff00000,0x0000009920000000)]
  0x000001ae817e2000 JavaThread "Daemon worker Thread 2" [_thread_blocked, id=5968, stack(0x0000009920000000,0x0000009920100000)]
  0x000001ae817e4800 JavaThread "Asynchronous log dispatcher for DefaultDaemonConnection: socket connection from /127.0.0.1:62583 to /127.0.0.1:63835" [_thread_blocked, id=4920, stack(0x0000009920100000,0x0000009920200000)]
  0x000001ae817e6000 JavaThread "Stdin handler" [_thread_blocked, id=7468, stack(0x0000009920200000,0x0000009920300000)]
  0x000001ae817e0800 JavaThread "Daemon client event forwarder" [_thread_blocked, id=6804, stack(0x0000009920300000,0x0000009920400000)]
  0x000001ae817eb000 JavaThread "Cache worker for file hash cache (C:\Users\maste\OneDrive\Documents\AndroidStudio\TMessager\.gradle\7.3.3\fileHashes)" [_thread_blocked, id=5660, stack(0x0000009920400000,0x0000009920500000)]
  0x000001ae817e7800 JavaThread "Cache worker for checksums cache (C:\Users\maste\OneDrive\Documents\AndroidStudio\TMessager\.gradle\7.3.3\checksums)" [_thread_blocked, id=2376, stack(0x0000009920500000,0x0000009920600000)]
  0x000001ae817e7000 JavaThread "Cache worker for cache directory md-supplier (C:\Users\maste\.gradle\caches\7.3.3\md-supplier)" [_thread_blocked, id=2124, stack(0x0000009920a00000,0x0000009920b00000)]
  0x000001ae817e8800 JavaThread "Cache worker for cache directory md-rule (C:\Users\maste\.gradle\caches\7.3.3\md-rule)" [_thread_blocked, id=11100, stack(0x0000009920d00000,0x0000009920e00000)]
  0x000001ae817ed800 JavaThread "Cache worker for dependencies-accessors (C:\Users\maste\OneDrive\Documents\AndroidStudio\TMessager\.gradle\7.3.3\dependencies-accessors)" [_thread_blocked, id=10448, stack(0x0000009920f00000,0x0000009921000000)]
  0x000001ae817ef000 JavaThread "Cache worker for Build Output Cleanup Cache (C:\Users\maste\OneDrive\Documents\AndroidStudio\TMessager\.gradle\buildOutputCleanup)" [_thread_blocked, id=9232, stack(0x0000009921400000,0x0000009921500000)]
  0x000001ae817e9800 JavaThread "Unconstrained build operations" [_thread_blocked, id=6724, stack(0x0000009920e00000,0x0000009920f00000)]
  0x000001ae80342000 JavaThread "Unconstrained build operations Thread 2" [_thread_blocked, id=4712, stack(0x0000009921500000,0x0000009921600000)]
  0x000001ae80345800 JavaThread "Unconstrained build operations Thread 3" [_thread_blocked, id=10660, stack(0x0000009921600000,0x0000009921700000)]
  0x000001ae80346000 JavaThread "Unconstrained build operations Thread 4" [_thread_blocked, id=10684, stack(0x0000009921700000,0x0000009921800000)]
  0x000001ae80341800 JavaThread "Unconstrained build operations Thread 5" [_thread_blocked, id=4776, stack(0x0000009921800000,0x0000009921900000)]
  0x000001ae80347000 JavaThread "Unconstrained build operations Thread 6" [_thread_blocked, id=9408, stack(0x0000009921900000,0x0000009921a00000)]
  0x000001ae80348000 JavaThread "Unconstrained build operations Thread 7" [_thread_blocked, id=7712, stack(0x0000009921a00000,0x0000009921b00000)]
  0x000001ae80348800 JavaThread "Unconstrained build operations Thread 8" [_thread_blocked, id=1208, stack(0x0000009921b00000,0x0000009921c00000)]
  0x000001ae80343000 JavaThread "Unconstrained build operations Thread 9" [_thread_blocked, id=9400, stack(0x0000009921c00000,0x0000009921d00000)]
  0x000001ae80343800 JavaThread "Unconstrained build operations Thread 10" [_thread_blocked, id=6760, stack(0x0000009921d00000,0x0000009921e00000)]
  0x000001ae8034d800 JavaThread "Unconstrained build operations Thread 11" [_thread_blocked, id=4172, stack(0x0000009921e00000,0x0000009921f00000)]
  0x000001ae80350000 JavaThread "Unconstrained build operations Thread 12" [_thread_blocked, id=1084, stack(0x0000009921f00000,0x0000009922000000)]
  0x000001ae8034e800 JavaThread "Unconstrained build operations Thread 13" [_thread_blocked, id=5036, stack(0x0000009922000000,0x0000009922100000)]
  0x000001ae8034b000 JavaThread "Unconstrained build operations Thread 14" [_thread_blocked, id=2384, stack(0x0000009922100000,0x0000009922200000)]
  0x000001ae8034f000 JavaThread "Unconstrained build operations Thread 15" [_thread_blocked, id=10964, stack(0x0000009922200000,0x0000009922300000)]
  0x000001aefe422000 JavaThread "Unconstrained build operations Thread 16" [_thread_blocked, id=2364, stack(0x0000009922300000,0x0000009922400000)]
  0x000001aefe41f800 JavaThread "Unconstrained build operations Thread 17" [_thread_blocked, id=9228, stack(0x0000009922400000,0x0000009922500000)]
  0x000001aefe424800 JavaThread "Unconstrained build operations Thread 18" [_thread_blocked, id=8468, stack(0x0000009922500000,0x0000009922600000)]
  0x000001aefe41e800 JavaThread "Unconstrained build operations Thread 19" [_thread_blocked, id=4804, stack(0x0000009922600000,0x0000009922700000)]
  0x000001aefe42b000 JavaThread "Unconstrained build operations Thread 20" [_thread_blocked, id=9360, stack(0x0000009922700000,0x0000009922800000)]
  0x000001aefe429800 JavaThread "Unconstrained build operations Thread 21" [_thread_blocked, id=10348, stack(0x0000009922800000,0x0000009922900000)]
  0x000001aefe425800 JavaThread "Unconstrained build operations Thread 22" [_thread_blocked, id=10252, stack(0x0000009922900000,0x0000009922a00000)]
  0x000001aefe428800 JavaThread "Unconstrained build operations Thread 23" [_thread_blocked, id=6540, stack(0x0000009922a00000,0x0000009922b00000)]
  0x000001aefe426000 JavaThread "Unconstrained build operations Thread 24" [_thread_blocked, id=5856, stack(0x0000009922b00000,0x0000009922c00000)]
  0x000001aefe42a000 JavaThread "Unconstrained build operations Thread 25" [_thread_blocked, id=480, stack(0x0000009922c00000,0x0000009922d00000)]
  0x000001aefe427000 JavaThread "Unconstrained build operations Thread 26" [_thread_blocked, id=9084, stack(0x0000009922d00000,0x0000009922e00000)]
  0x000001aefe427800 JavaThread "Unconstrained build operations Thread 27" [_thread_blocked, id=5404, stack(0x0000009922e00000,0x0000009922f00000)]
  0x000001ae81130000 JavaThread "Unconstrained build operations Thread 28" [_thread_blocked, id=2160, stack(0x0000009922f00000,0x0000009923000000)]
  0x000001ae81134000 JavaThread "Unconstrained build operations Thread 29" [_thread_blocked, id=7040, stack(0x0000009923000000,0x0000009923100000)]
  0x000001ae81131800 JavaThread "Unconstrained build operations Thread 30" [_thread_blocked, id=10204, stack(0x0000009923100000,0x0000009923200000)]
  0x000001ae8112f800 JavaThread "Unconstrained build operations Thread 31" [_thread_blocked, id=7948, stack(0x0000009923200000,0x0000009923300000)]
  0x000001ae81133800 JavaThread "Unconstrained build operations Thread 32" [_thread_blocked, id=4296, stack(0x0000009923300000,0x0000009923400000)]
  0x000001ae81132800 JavaThread "Unconstrained build operations Thread 33" [_thread_blocked, id=10480, stack(0x0000009923400000,0x0000009923500000)]
  0x000001ae81135000 JavaThread "Unconstrained build operations Thread 34" [_thread_blocked, id=7004, stack(0x0000009923500000,0x0000009923600000)]
  0x000001ae81131000 JavaThread "Unconstrained build operations Thread 35" [_thread_blocked, id=4436, stack(0x0000009923600000,0x0000009923700000)]
  0x000001aefd69a800 JavaThread "Unconstrained build operations Thread 36" [_thread_blocked, id=8748, stack(0x0000009923700000,0x0000009923800000)]
  0x000001aefd69d800 JavaThread "Unconstrained build operations Thread 37" [_thread_blocked, id=6608, stack(0x0000009923800000,0x0000009923900000)]
  0x000001aefd6a1000 JavaThread "Unconstrained build operations Thread 38" [_thread_blocked, id=8068, stack(0x0000009923900000,0x0000009923a00000)]
  0x000001aefd69e800 JavaThread "Unconstrained build operations Thread 39" [_thread_blocked, id=9900, stack(0x0000009923a00000,0x0000009923b00000)]
  0x000001ae85429000 JavaThread "Unconstrained build operations Thread 40" [_thread_blocked, id=9328, stack(0x0000009923b00000,0x0000009923c00000)]
  0x000001ae8542e000 JavaThread "build event listener" [_thread_blocked, id=4652, stack(0x0000009923d00000,0x0000009923e00000)]
  0x000001ae8542f000 JavaThread "pool-8-thread-1" [_thread_blocked, id=7944, stack(0x0000009923e00000,0x0000009923f00000)]
  0x000001ae85430800 JavaThread "Cache worker for execution history cache (C:\Users\maste\OneDrive\Documents\AndroidStudio\TMessager\.gradle\7.3.3\executionHistory)" [_thread_blocked, id=7264, stack(0x0000009924500000,0x0000009924600000)]

Other Threads:
=>0x000001aefa189000 VMThread "VM Thread" [stack: 0x000000991ee00000,0x000000991ef00000] [id=9784]
  0x000001aefac91000 WatcherThread [stack: 0x000000991f800000,0x000000991f900000] [id=1640]
  0x000001aee05a6800 GCTaskThread "GC Thread#0" [stack: 0x000000991e900000,0x000000991ea00000] [id=9172]
  0x000001aefad9e800 GCTaskThread "GC Thread#1" [stack: 0x000000991fa00000,0x000000991fb00000] [id=5160]
  0x000001aefb742800 GCTaskThread "GC Thread#2" [stack: 0x000000991fb00000,0x000000991fc00000] [id=3664]
  0x000001aefbdd2000 GCTaskThread "GC Thread#3" [stack: 0x0000009920600000,0x0000009920700000] [id=2284]
  0x000001aee05d6800 ConcurrentGCThread "G1 Main Marker" [stack: 0x000000991ea00000,0x000000991eb00000] [id=11096]
  0x000001aee05d7800 ConcurrentGCThread "G1 Conc#0" [stack: 0x000000991eb00000,0x000000991ec00000] [id=11032]
  0x000001aee0667000 ConcurrentGCThread "G1 Refine#0" [stack: 0x000000991ec00000,0x000000991ed00000] [id=11184]
  0x000001aee0668000 ConcurrentGCThread "G1 Young RemSet Sampling" [stack: 0x000000991ed00000,0x000000991ee00000] [id=10040]

Threads with active compile tasks:
C2 CompilerThread0 597165 21389       4       org.objectweb.asm.ClassReader::readUtf (161 bytes)

VM state:at safepoint (normal execution)

VM Mutex/Monitor currently owned by a thread:  ([mutex/lock_event])
[0x000001aee0589190] Threads_lock - owner thread: 0x000001aefa189000
[0x000001aee0588890] Heap_lock - owner thread: 0x000001ae817e2000

Heap address: 0x0000000080000000, size: 2048 MB, Compressed Oops mode: 32-bit
Narrow klass base: 0x0000000000000000, Narrow klass shift: 3
Compressed class space size: 1073741824 Address: 0x0000000100000000

Heap:
 garbage-first heap   total 501760K, used 183779K [0x0000000080000000, 0x0000000100000000)
  region size 1024K, 2 young (2048K), 2 survivors (2048K)
 Metaspace       used 140890K, capacity 145104K, committed 145228K, reserved 1175552K
  class space    used 17729K, capacity 19245K, committed 19328K, reserved 1048576K
Heap Regions: E=young(eden), S=young(survivor), O=old, HS=humongous(starts), HC=humongous(continues), CS=collection set, F=free, A=archive, TAMS=top-at-mark-start (previous, next)
|   0|0x0000000080000000, 0x0000000080100000, 0x0000000080100000|100%| O|  |TAMS 0x0000000080100000, 0x0000000080000000| Untracked 
|   1|0x0000000080100000, 0x0000000080200000, 0x0000000080200000|100%| O|  |TAMS 0x0000000080200000, 0x0000000080100000| Untracked 
|   2|0x0000000080200000, 0x0000000080300000, 0x0000000080300000|100%| O|  |TAMS 0x0000000080300000, 0x0000000080200000| Untracked 
|   3|0x0000000080300000, 0x0000000080400000, 0x0000000080400000|100%|HS|  |TAMS 0x0000000080400000, 0x0000000080300000| Complete 
|   4|0x0000000080400000, 0x0000000080500000, 0x0000000080500000|100%|HC|  |TAMS 0x0000000080500000, 0x0000000080400000| Complete 
|   5|0x0000000080500000, 0x0000000080600000, 0x0000000080600000|100%|HC|  |TAMS 0x0000000080600000, 0x0000000080500000| Complete 
|   6|0x0000000080600000, 0x0000000080700000, 0x0000000080700000|100%| O|  |TAMS 0x0000000080700000, 0x0000000080600000| Untracked 
|   7|0x0000000080700000, 0x0000000080800000, 0x0000000080800000|100%| O|  |TAMS 0x0000000080800000, 0x0000000080700000| Untracked 
|   8|0x0000000080800000, 0x0000000080900000, 0x0000000080900000|100%| O|  |TAMS 0x0000000080900000, 0x0000000080800000| Untracked 
|   9|0x0000000080900000, 0x0000000080a00000, 0x0000000080a00000|100%| O|  |TAMS 0x0000000080a00000, 0x0000000080900000| Untracked 
|  10|0x0000000080a00000, 0x0000000080b00000, 0x0000000080b00000|100%| O|  |TAMS 0x0000000080b00000, 0x0000000080a00000| Untracked 
|  11|0x0000000080b00000, 0x0000000080c00000, 0x0000000080c00000|100%| O|  |TAMS 0x0000000080c00000, 0x0000000080b00000| Untracked 
|  12|0x0000000080c00000, 0x0000000080d00000, 0x0000000080d00000|100%| O|  |TAMS 0x0000000080d00000, 0x0000000080c00000| Untracked 
|  13|0x0000000080d00000, 0x0000000080e00000, 0x0000000080e00000|100%| O|  |TAMS 0x0000000080e00000, 0x0000000080d00000| Untracked 
|  14|0x0000000080e00000, 0x0000000080f00000, 0x0000000080f00000|100%| O|  |TAMS 0x0000000080f00000, 0x0000000080e00000| Untracked 
|  15|0x0000000080f00000, 0x0000000081000000, 0x0000000081000000|100%| O|  |TAMS 0x0000000081000000, 0x0000000080f00000| Untracked 
|  16|0x0000000081000000, 0x0000000081100000, 0x0000000081100000|100%|HS|  |TAMS 0x0000000081100000, 0x0000000081000000| Complete 
|  17|0x0000000081100000, 0x0000000081200000, 0x0000000081200000|100%| O|  |TAMS 0x0000000081200000, 0x0000000081100000| Untracked 
|  18|0x0000000081200000, 0x0000000081300000, 0x0000000081300000|100%| O|  |TAMS 0x0000000081300000, 0x0000000081200000| Untracked 
|  19|0x0000000081300000, 0x0000000081400000, 0x0000000081400000|100%| O|  |TAMS 0x0000000081400000, 0x0000000081300000| Untracked 
|  20|0x0000000081400000, 0x0000000081500000, 0x0000000081500000|100%| O|  |TAMS 0x0000000081500000, 0x0000000081400000| Untracked 
|  21|0x0000000081500000, 0x0000000081600000, 0x0000000081600000|100%| O|  |TAMS 0x0000000081600000, 0x0000000081500000| Untracked 
|  22|0x0000000081600000, 0x0000000081700000, 0x0000000081700000|100%| O|  |TAMS 0x0000000081700000, 0x0000000081600000| Untracked 
|  23|0x0000000081700000, 0x0000000081800000, 0x0000000081800000|100%| O|  |TAMS 0x0000000081800000, 0x0000000081700000| Untracked 
|  24|0x0000000081800000, 0x0000000081900000, 0x0000000081900000|100%| O|  |TAMS 0x0000000081900000, 0x0000000081800000| Untracked 
|  25|0x0000000081900000, 0x0000000081a00000, 0x0000000081a00000|100%| O|  |TAMS 0x0000000081a00000, 0x0000000081900000| Untracked 
|  26|0x0000000081a00000, 0x0000000081b00000, 0x0000000081b00000|100%| O|  |TAMS 0x0000000081b00000, 0x0000000081a00000| Untracked 
|  27|0x0000000081b00000, 0x0000000081c00000, 0x0000000081c00000|100%| O|  |TAMS 0x0000000081c00000, 0x0000000081b00000| Untracked 
|  28|0x0000000081c00000, 0x0000000081d00000, 0x0000000081d00000|100%|HS|  |TAMS 0x0000000081d00000, 0x0000000081c00000| Complete 
|  29|0x0000000081d00000, 0x0000000081e00000, 0x0000000081e00000|100%|HS|  |TAMS 0x0000000081e00000, 0x0000000081d00000| Complete 
|  30|0x0000000081e00000, 0x0000000081f00000, 0x0000000081f00000|100%|HS|  |TAMS 0x0000000081f00000, 0x0000000081e00000| Complete 
|  31|0x0000000081f00000, 0x0000000082000000, 0x0000000082000000|100%|HC|  |TAMS 0x0000000082000000, 0x0000000081f00000| Complete 
|  32|0x0000000082000000, 0x0000000082100000, 0x0000000082100000|100%|HC|  |TAMS 0x0000000082100000, 0x0000000082000000| Complete 
|  33|0x0000000082100000, 0x0000000082200000, 0x0000000082200000|100%|HS|  |TAMS 0x0000000082200000, 0x0000000082100000| Complete 
|  34|0x0000000082200000, 0x0000000082300000, 0x0000000082300000|100%|HC|  |TAMS 0x0000000082300000, 0x0000000082200000| Complete 
|  35|0x0000000082300000, 0x0000000082400000, 0x0000000082400000|100%| O|  |TAMS 0x0000000082400000, 0x0000000082300000| Untracked 
|  36|0x0000000082400000, 0x0000000082500000, 0x0000000082500000|100%| O|  |TAMS 0x0000000082500000, 0x0000000082400000| Untracked 
|  37|0x0000000082500000, 0x0000000082600000, 0x0000000082600000|100%| O|  |TAMS 0x0000000082600000, 0x0000000082500000| Untracked 
|  38|0x0000000082600000, 0x0000000082700000, 0x0000000082700000|100%| O|  |TAMS 0x0000000082700000, 0x0000000082600000| Untracked 
|  39|0x0000000082700000, 0x0000000082800000, 0x0000000082800000|100%| O|  |TAMS 0x0000000082800000, 0x0000000082700000| Untracked 
|  40|0x0000000082800000, 0x0000000082900000, 0x0000000082900000|100%| O|  |TAMS 0x0000000082900000, 0x0000000082800000| Untracked 
|  41|0x0000000082900000, 0x0000000082a00000, 0x0000000082a00000|100%| O|  |TAMS 0x0000000082a00000, 0x0000000082900000| Untracked 
|  42|0x0000000082a00000, 0x0000000082b00000, 0x0000000082b00000|100%| O|  |TAMS 0x0000000082b00000, 0x0000000082a00000| Untracked 
|  43|0x0000000082b00000, 0x0000000082c00000, 0x0000000082c00000|100%| O|  |TAMS 0x0000000082c00000, 0x0000000082b00000| Untracked 
|  44|0x0000000082c00000, 0x0000000082d00000, 0x0000000082d00000|100%| O|  |TAMS 0x0000000082d00000, 0x0000000082c00000| Untracked 
|  45|0x0000000082d00000, 0x0000000082e00000, 0x0000000082e00000|100%| O|  |TAMS 0x0000000082e00000, 0x0000000082d00000| Untracked 
|  46|0x0000000082e00000, 0x0000000082f00000, 0x0000000082f00000|100%| O|  |TAMS 0x0000000082f00000, 0x0000000082e00000| Untracked 
|  47|0x0000000082f00000, 0x0000000083000000, 0x0000000083000000|100%| O|  |TAMS 0x0000000083000000, 0x0000000082f00000| Untracked 
|  48|0x0000000083000000, 0x0000000083100000, 0x0000000083100000|100%| O|  |TAMS 0x0000000083100000, 0x0000000083000000| Untracked 
|  49|0x0000000083100000, 0x0000000083200000, 0x0000000083200000|100%| O|  |TAMS 0x0000000083200000, 0x0000000083100000| Untracked 
|  50|0x0000000083200000, 0x0000000083300000, 0x0000000083300000|100%| O|  |TAMS 0x0000000083300000, 0x0000000083200000| Untracked 
|  51|0x0000000083300000, 0x0000000083400000, 0x0000000083400000|100%| O|  |TAMS 0x0000000083400000, 0x0000000083300000| Untracked 
|  52|0x0000000083400000, 0x0000000083500000, 0x0000000083500000|100%| O|  |TAMS 0x0000000083500000, 0x0000000083400000| Untracked 
|  53|0x0000000083500000, 0x0000000083600000, 0x0000000083600000|100%| O|  |TAMS 0x0000000083600000, 0x0000000083500000| Untracked 
|  54|0x0000000083600000, 0x0000000083700000, 0x0000000083700000|100%| O|  |TAMS 0x0000000083700000, 0x0000000083600000| Untracked 
|  55|0x0000000083700000, 0x0000000083800000, 0x0000000083800000|100%| O|  |TAMS 0x0000000083800000, 0x0000000083700000| Untracked 
|  56|0x0000000083800000, 0x0000000083900000, 0x0000000083900000|100%| O|  |TAMS 0x0000000083900000, 0x0000000083800000| Untracked 
|  57|0x0000000083900000, 0x0000000083a00000, 0x0000000083a00000|100%| O|  |TAMS 0x0000000083a00000, 0x0000000083900000| Untracked 
|  58|0x0000000083a00000, 0x0000000083b00000, 0x0000000083b00000|100%| O|  |TAMS 0x0000000083b00000, 0x0000000083a00000| Untracked 
|  59|0x0000000083b00000, 0x0000000083c00000, 0x0000000083c00000|100%| O|  |TAMS 0x0000000083c00000, 0x0000000083b00000| Untracked 
|  60|0x0000000083c00000, 0x0000000083d00000, 0x0000000083d00000|100%| O|  |TAMS 0x0000000083d00000, 0x0000000083c00000| Untracked 
|  61|0x0000000083d00000, 0x0000000083e00000, 0x0000000083e00000|100%| O|  |TAMS 0x0000000083e00000, 0x0000000083d00000| Untracked 
|  62|0x0000000083e00000, 0x0000000083f00000, 0x0000000083f00000|100%| O|  |TAMS 0x0000000083f00000, 0x0000000083e00000| Untracked 
|  63|0x0000000083f00000, 0x0000000084000000, 0x0000000084000000|100%| O|  |TAMS 0x0000000084000000, 0x0000000083f00000| Untracked 
|  64|0x0000000084000000, 0x0000000084100000, 0x0000000084100000|100%| O|  |TAMS 0x0000000084100000, 0x0000000084000000| Untracked 
|  65|0x0000000084100000, 0x0000000084200000, 0x0000000084200000|100%| O|  |TAMS 0x0000000084200000, 0x0000000084100000| Untracked 
|  66|0x0000000084200000, 0x0000000084300000, 0x0000000084300000|100%| O|  |TAMS 0x0000000084300000, 0x0000000084200000| Untracked 
|  67|0x0000000084300000, 0x0000000084400000, 0x0000000084400000|100%| O|  |TAMS 0x0000000084400000, 0x0000000084300000| Untracked 
|  68|0x0000000084400000, 0x0000000084500000, 0x0000000084500000|100%| O|  |TAMS 0x0000000084500000, 0x0000000084400000| Untracked 
|  69|0x0000000084500000, 0x0000000084600000, 0x0000000084600000|100%| O|  |TAMS 0x0000000084600000, 0x0000000084500000| Untracked 
|  70|0x0000000084600000, 0x0000000084700000, 0x0000000084700000|100%| O|  |TAMS 0x0000000084700000, 0x0000000084600000| Untracked 
|  71|0x0000000084700000, 0x0000000084800000, 0x0000000084800000|100%| O|  |TAMS 0x0000000084800000, 0x0000000084700000| Untracked 
|  72|0x0000000084800000, 0x0000000084900000, 0x0000000084900000|100%| O|  |TAMS 0x0000000084900000, 0x0000000084800000| Untracked 
|  73|0x0000000084900000, 0x0000000084a00000, 0x0000000084a00000|100%| O|  |TAMS 0x0000000084a00000, 0x0000000084900000| Untracked 
|  74|0x0000000084a00000, 0x0000000084b00000, 0x0000000084b00000|100%| O|  |TAMS 0x0000000084b00000, 0x0000000084a00000| Untracked 
|  75|0x0000000084b00000, 0x0000000084c00000, 0x0000000084c00000|100%| O|  |TAMS 0x0000000084c00000, 0x0000000084b00000| Untracked 
|  76|0x0000000084c00000, 0x0000000084d00000, 0x0000000084d00000|100%| O|  |TAMS 0x0000000084d00000, 0x0000000084c00000| Untracked 
|  77|0x0000000084d00000, 0x0000000084e00000, 0x0000000084e00000|100%| O|  |TAMS 0x0000000084e00000, 0x0000000084d00000| Untracked 
|  78|0x0000000084e00000, 0x0000000084f00000, 0x0000000084f00000|100%| O|  |TAMS 0x0000000084f00000, 0x0000000084e00000| Untracked 
|  79|0x0000000084f00000, 0x0000000085000000, 0x0000000085000000|100%| O|  |TAMS 0x0000000085000000, 0x0000000084f00000| Untracked 
|  80|0x0000000085000000, 0x0000000085100000, 0x0000000085100000|100%| O|  |TAMS 0x0000000085100000, 0x0000000085000000| Untracked 
|  81|0x0000000085100000, 0x0000000085200000, 0x0000000085200000|100%| O|  |TAMS 0x0000000085200000, 0x0000000085100000| Untracked 
|  82|0x0000000085200000, 0x0000000085300000, 0x0000000085300000|100%| O|  |TAMS 0x0000000085300000, 0x0000000085200000| Untracked 
|  83|0x0000000085300000, 0x0000000085400000, 0x0000000085400000|100%| O|  |TAMS 0x0000000085400000, 0x0000000085300000| Untracked 
|  84|0x0000000085400000, 0x0000000085500000, 0x0000000085500000|100%| O|  |TAMS 0x0000000085500000, 0x0000000085400000| Untracked 
|  85|0x0000000085500000, 0x0000000085600000, 0x0000000085600000|100%| O|  |TAMS 0x0000000085600000, 0x0000000085500000| Untracked 
|  86|0x0000000085600000, 0x0000000085700000, 0x0000000085700000|100%| O|  |TAMS 0x0000000085700000, 0x0000000085600000| Untracked 
|  87|0x0000000085700000, 0x0000000085800000, 0x0000000085800000|100%| O|  |TAMS 0x0000000085800000, 0x0000000085700000| Untracked 
|  88|0x0000000085800000, 0x0000000085900000, 0x0000000085900000|100%| O|  |TAMS 0x0000000085800000, 0x0000000085800000| Untracked 
|  89|0x0000000085900000, 0x0000000085a00000, 0x0000000085a00000|100%| O|  |TAMS 0x0000000085a00000, 0x0000000085900000| Untracked 
|  90|0x0000000085a00000, 0x0000000085b00000, 0x0000000085b00000|100%| O|  |TAMS 0x0000000085b00000, 0x0000000085a00000| Untracked 
|  91|0x0000000085b00000, 0x0000000085c00000, 0x0000000085c00000|100%| O|  |TAMS 0x0000000085c00000, 0x0000000085b00000| Untracked 
|  92|0x0000000085c00000, 0x0000000085d00000, 0x0000000085d00000|100%| O|  |TAMS 0x0000000085d00000, 0x0000000085c00000| Untracked 
|  93|0x0000000085d00000, 0x0000000085e00000, 0x0000000085e00000|100%| O|  |TAMS 0x0000000085e00000, 0x0000000085d00000| Untracked 
|  94|0x0000000085e00000, 0x0000000085f00000, 0x0000000085f00000|100%| O|  |TAMS 0x0000000085f00000, 0x0000000085e00000| Untracked 
|  95|0x0000000085f00000, 0x0000000086000000, 0x0000000086000000|100%| O|  |TAMS 0x0000000086000000, 0x0000000085f00000| Untracked 
|  96|0x0000000086000000, 0x0000000086100000, 0x0000000086100000|100%| O|  |TAMS 0x0000000086100000, 0x0000000086000000| Untracked 
|  97|0x0000000086100000, 0x0000000086200000, 0x0000000086200000|100%| O|  |TAMS 0x0000000086200000, 0x0000000086100000| Untracked 
|  98|0x0000000086200000, 0x0000000086300000, 0x0000000086300000|100%| O|  |TAMS 0x0000000086300000, 0x0000000086200000| Untracked 
|  99|0x0000000086300000, 0x0000000086400000, 0x0000000086400000|100%| O|  |TAMS 0x0000000086400000, 0x0000000086300000| Untracked 
| 100|0x0000000086400000, 0x0000000086500000, 0x0000000086500000|100%| O|  |TAMS 0x0000000086500000, 0x0000000086400000| Untracked 
| 101|0x0000000086500000, 0x0000000086600000, 0x0000000086600000|100%| O|  |TAMS 0x0000000086600000, 0x0000000086500000| Untracked 
| 102|0x0000000086600000, 0x0000000086700000, 0x0000000086700000|100%| O|  |TAMS 0x0000000086700000, 0x0000000086600000| Untracked 
| 103|0x0000000086700000, 0x0000000086800000, 0x0000000086800000|100%| O|  |TAMS 0x0000000086800000, 0x0000000086700000| Untracked 
| 104|0x0000000086800000, 0x0000000086900000, 0x0000000086900000|100%|HS|  |TAMS 0x0000000086800000, 0x0000000086800000| Complete 
| 105|0x0000000086900000, 0x0000000086a00000, 0x0000000086a00000|100%|HC|  |TAMS 0x0000000086900000, 0x0000000086900000| Complete 
| 106|0x0000000086a00000, 0x0000000086b00000, 0x0000000086b00000|100%| O|  |TAMS 0x0000000086b00000, 0x0000000086a00000| Untracked 
| 107|0x0000000086b00000, 0x0000000086c00000, 0x0000000086c00000|100%| O|  |TAMS 0x0000000086c00000, 0x0000000086b00000| Untracked 
| 108|0x0000000086c00000, 0x0000000086d00000, 0x0000000086d00000|100%| O|  |TAMS 0x0000000086d00000, 0x0000000086c00000| Untracked 
| 109|0x0000000086d00000, 0x0000000086e00000, 0x0000000086e00000|100%| O|  |TAMS 0x0000000086e00000, 0x0000000086d00000| Untracked 
| 110|0x0000000086e00000, 0x0000000086f00000, 0x0000000086f00000|100%| O|  |TAMS 0x0000000086f00000, 0x0000000086e00000| Untracked 
| 111|0x0000000086f00000, 0x0000000087000000, 0x0000000087000000|100%| O|  |TAMS 0x0000000087000000, 0x0000000086f00000| Untracked 
| 112|0x0000000087000000, 0x0000000087100000, 0x0000000087100000|100%|HS|  |TAMS 0x0000000087000000, 0x0000000087000000| Complete 
| 113|0x0000000087100000, 0x0000000087200000, 0x0000000087200000|100%| O|  |TAMS 0x0000000087200000, 0x0000000087100000| Untracked 
| 114|0x0000000087200000, 0x0000000087300000, 0x0000000087300000|100%| O|  |TAMS 0x0000000087300000, 0x0000000087200000| Untracked 
| 115|0x0000000087300000, 0x0000000087400000, 0x0000000087400000|100%| O|  |TAMS 0x0000000087300000, 0x0000000087300000| Untracked 
| 116|0x0000000087400000, 0x0000000087500000, 0x0000000087500000|100%| O|  |TAMS 0x0000000087400000, 0x0000000087400000| Untracked 
| 117|0x0000000087500000, 0x0000000087600000, 0x0000000087600000|100%| O|  |TAMS 0x0000000087600000, 0x0000000087500000| Untracked 
| 118|0x0000000087600000, 0x0000000087700000, 0x0000000087700000|100%|HS|  |TAMS 0x0000000087600000, 0x0000000087600000| Complete 
| 119|0x0000000087700000, 0x0000000087800000, 0x0000000087800000|100%|HC|  |TAMS 0x0000000087700000, 0x0000000087700000| Complete 
| 120|0x0000000087800000, 0x0000000087900000, 0x0000000087900000|100%|HC|  |TAMS 0x0000000087800000, 0x0000000087800000| Complete 
| 121|0x0000000087900000, 0x0000000087a00000, 0x0000000087a00000|100%| O|  |TAMS 0x0000000087a00000, 0x0000000087900000| Untracked 
| 122|0x0000000087a00000, 0x0000000087b00000, 0x0000000087b00000|100%| O|  |TAMS 0x0000000087a00000, 0x0000000087a00000| Untracked 
| 123|0x0000000087b00000, 0x0000000087c00000, 0x0000000087c00000|100%| O|  |TAMS 0x0000000087b00000, 0x0000000087b00000| Untracked 
| 124|0x0000000087c00000, 0x0000000087d00000, 0x0000000087d00000|100%| O|  |TAMS 0x0000000087c00000, 0x0000000087c00000| Untracked 
| 125|0x0000000087d00000, 0x0000000087e00000, 0x0000000087e00000|100%| O|  |TAMS 0x0000000087d3f400, 0x0000000087d00000| Untracked 
| 126|0x0000000087e00000, 0x0000000087f00000, 0x0000000087f00000|100%| O|  |TAMS 0x0000000087e00000, 0x0000000087e00000| Untracked 
| 127|0x0000000087f00000, 0x0000000088000000, 0x0000000088000000|100%|HS|  |TAMS 0x0000000087f00000, 0x0000000087f00000| Complete 
| 128|0x0000000088000000, 0x0000000088100000, 0x0000000088100000|100%|HC|  |TAMS 0x0000000088000000, 0x0000000088000000| Complete 
| 129|0x0000000088100000, 0x0000000088200000, 0x0000000088200000|100%|HC|  |TAMS 0x0000000088100000, 0x0000000088100000| Complete 
| 130|0x0000000088200000, 0x0000000088300000, 0x0000000088300000|100%|HC|  |TAMS 0x0000000088200000, 0x0000000088200000| Complete 
| 131|0x0000000088300000, 0x0000000088400000, 0x0000000088400000|100%| O|  |TAMS 0x0000000088300000, 0x0000000088300000| Untracked 
| 132|0x0000000088400000, 0x0000000088500000, 0x0000000088500000|100%| O|  |TAMS 0x0000000088400000, 0x0000000088400000| Untracked 
| 133|0x0000000088500000, 0x0000000088600000, 0x0000000088600000|100%| O|  |TAMS 0x0000000088500000, 0x0000000088500000| Untracked 
| 134|0x0000000088600000, 0x0000000088700000, 0x0000000088700000|100%| O|  |TAMS 0x0000000088600000, 0x0000000088600000| Untracked 
| 135|0x0000000088700000, 0x0000000088800000, 0x0000000088800000|100%|HS|  |TAMS 0x0000000088700000, 0x0000000088700000| Complete 
| 136|0x0000000088800000, 0x0000000088900000, 0x0000000088900000|100%|HC|  |TAMS 0x0000000088800000, 0x0000000088800000| Complete 
| 137|0x0000000088900000, 0x0000000088a00000, 0x0000000088a00000|100%|HS|  |TAMS 0x0000000088900000, 0x0000000088900000| Complete 
| 138|0x0000000088a00000, 0x0000000088b00000, 0x0000000088b00000|100%| O|  |TAMS 0x0000000088a00000, 0x0000000088a00000| Untracked 
| 139|0x0000000088b00000, 0x0000000088c00000, 0x0000000088c00000|100%| O|  |TAMS 0x0000000088b00000, 0x0000000088b00000| Untracked 
| 140|0x0000000088c00000, 0x0000000088d00000, 0x0000000088d00000|100%| O|  |TAMS 0x0000000088c00000, 0x0000000088c00000| Untracked 
| 141|0x0000000088d00000, 0x0000000088e00000, 0x0000000088e00000|100%| O|  |TAMS 0x0000000088d00000, 0x0000000088d00000| Untracked 
| 142|0x0000000088e00000, 0x0000000088f00000, 0x0000000088f00000|100%| O|  |TAMS 0x0000000088e00000, 0x0000000088e00000| Untracked 
| 143|0x0000000088f00000, 0x0000000089000000, 0x0000000089000000|100%| O|  |TAMS 0x0000000088f00000, 0x0000000088f00000| Untracked 
| 144|0x0000000089000000, 0x0000000089100000, 0x0000000089100000|100%| O|  |TAMS 0x0000000089000000, 0x0000000089000000| Untracked 
| 145|0x0000000089100000, 0x0000000089200000, 0x0000000089200000|100%|HS|  |TAMS 0x0000000089100000, 0x0000000089100000| Complete 
| 146|0x0000000089200000, 0x0000000089300000, 0x0000000089300000|100%|HS|  |TAMS 0x0000000089200000, 0x0000000089200000| Complete 
| 147|0x0000000089300000, 0x0000000089400000, 0x0000000089400000|100%|HC|  |TAMS 0x0000000089300000, 0x0000000089300000| Complete 
| 148|0x0000000089400000, 0x0000000089500000, 0x0000000089500000|100%|HC|  |TAMS 0x0000000089400000, 0x0000000089400000| Complete 
| 149|0x0000000089500000, 0x0000000089600000, 0x0000000089600000|100%|HS|  |TAMS 0x0000000089500000, 0x0000000089500000| Complete 
| 150|0x0000000089600000, 0x0000000089700000, 0x0000000089700000|100%|HC|  |TAMS 0x0000000089600000, 0x0000000089600000| Complete 
| 151|0x0000000089700000, 0x0000000089800000, 0x0000000089800000|100%|HC|  |TAMS 0x0000000089700000, 0x0000000089700000| Complete 
| 152|0x0000000089800000, 0x0000000089900000, 0x0000000089900000|100%|HC|  |TAMS 0x0000000089800000, 0x0000000089800000| Complete 
| 153|0x0000000089900000, 0x0000000089a00000, 0x0000000089a00000|100%|HS|  |TAMS 0x0000000089900000, 0x0000000089900000| Complete 
| 154|0x0000000089a00000, 0x0000000089b00000, 0x0000000089b00000|100%|HC|  |TAMS 0x0000000089a00000, 0x0000000089a00000| Complete 
| 155|0x0000000089b00000, 0x0000000089c00000, 0x0000000089c00000|100%|HC|  |TAMS 0x0000000089b00000, 0x0000000089b00000| Complete 
| 156|0x0000000089c00000, 0x0000000089d00000, 0x0000000089d00000|100%|HS|  |TAMS 0x0000000089c00000, 0x0000000089c00000| Complete 
| 157|0x0000000089d00000, 0x0000000089e00000, 0x0000000089e00000|100%|HC|  |TAMS 0x0000000089d00000, 0x0000000089d00000| Complete 
| 158|0x0000000089e00000, 0x0000000089f00000, 0x0000000089f00000|100%|HC|  |TAMS 0x0000000089e00000, 0x0000000089e00000| Complete 
| 159|0x0000000089f00000, 0x000000008a000000, 0x000000008a000000|100%|HC|  |TAMS 0x0000000089f00000, 0x0000000089f00000| Complete 
| 160|0x000000008a000000, 0x000000008a100000, 0x000000008a100000|100%| O|  |TAMS 0x000000008a000000, 0x000000008a000000| Untracked 
| 161|0x000000008a100000, 0x000000008a200000, 0x000000008a200000|100%|HS|  |TAMS 0x000000008a100000, 0x000000008a100000| Complete 
| 162|0x000000008a200000, 0x000000008a300000, 0x000000008a300000|100%|HC|  |TAMS 0x000000008a200000, 0x000000008a200000| Complete 
| 163|0x000000008a300000, 0x000000008a400000, 0x000000008a400000|100%| O|  |TAMS 0x000000008a300000, 0x000000008a300000| Untracked 
| 164|0x000000008a400000, 0x000000008a500000, 0x000000008a500000|100%| O|  |TAMS 0x000000008a400000, 0x000000008a400000| Untracked 
| 165|0x000000008a500000, 0x000000008a600000, 0x000000008a600000|100%| O|  |TAMS 0x000000008a500000, 0x000000008a500000| Untracked 
| 166|0x000000008a600000, 0x000000008a700000, 0x000000008a700000|100%| O|  |TAMS 0x000000008a600000, 0x000000008a600000| Untracked 
| 167|0x000000008a700000, 0x000000008a800000, 0x000000008a800000|100%| O|  |TAMS 0x000000008a700000, 0x000000008a700000| Untracked 
| 168|0x000000008a800000, 0x000000008a900000, 0x000000008a900000|100%| O|  |TAMS 0x000000008a800000, 0x000000008a800000| Untracked 
| 169|0x000000008a900000, 0x000000008aa00000, 0x000000008aa00000|100%| O|  |TAMS 0x000000008a900000, 0x000000008a900000| Untracked 
| 170|0x000000008aa00000, 0x000000008ab00000, 0x000000008ab00000|100%| O|  |TAMS 0x000000008aa00000, 0x000000008aa00000| Untracked 
| 171|0x000000008ab00000, 0x000000008ac00000, 0x000000008ac00000|100%| O|  |TAMS 0x000000008ab00000, 0x000000008ab00000| Untracked 
| 172|0x000000008ac00000, 0x000000008ad00000, 0x000000008ad00000|100%| O|  |TAMS 0x000000008ac00000, 0x000000008ac00000| Untracked 
| 173|0x000000008ad00000, 0x000000008ae00000, 0x000000008ae00000|100%| O|  |TAMS 0x000000008ad00000, 0x000000008ad00000| Untracked 
| 174|0x000000008ae00000, 0x000000008af00000, 0x000000008af00000|100%| O|  |TAMS 0x000000008ae00000, 0x000000008ae00000| Untracked 
| 175|0x000000008af00000, 0x000000008af00000, 0x000000008b000000|  0%| F|  |TAMS 0x000000008af00000, 0x000000008af00000| Untracked 
| 176|0x000000008b000000, 0x000000008b000000, 0x000000008b100000|  0%| F|  |TAMS 0x000000008b000000, 0x000000008b000000| Untracked 
| 177|0x000000008b100000, 0x000000008b100000, 0x000000008b200000|  0%| F|  |TAMS 0x000000008b100000, 0x000000008b100000| Untracked 
| 178|0x000000008b200000, 0x000000008b200000, 0x000000008b300000|  0%| F|  |TAMS 0x000000008b200000, 0x000000008b200000| Untracked 
| 179|0x000000008b300000, 0x000000008b300000, 0x000000008b400000|  0%| F|  |TAMS 0x000000008b300000, 0x000000008b300000| Untracked 
| 180|0x000000008b400000, 0x000000008b400000, 0x000000008b500000|  0%| F|  |TAMS 0x000000008b400000, 0x000000008b400000| Untracked 
| 181|0x000000008b500000, 0x000000008b500000, 0x000000008b600000|  0%| F|  |TAMS 0x000000008b500000, 0x000000008b500000| Untracked 
| 182|0x000000008b600000, 0x000000008b600000, 0x000000008b700000|  0%| F|  |TAMS 0x000000008b600000, 0x000000008b600000| Untracked 
| 183|0x000000008b700000, 0x000000008b700000, 0x000000008b800000|  0%| F|  |TAMS 0x000000008b700000, 0x000000008b700000| Untracked 
| 184|0x000000008b800000, 0x000000008b900000, 0x000000008b900000|100%| O|  |TAMS 0x000000008b800000, 0x000000008b800000| Untracked 
| 185|0x000000008b900000, 0x000000008ba00000, 0x000000008ba00000|100%| O|  |TAMS 0x000000008b900000, 0x000000008b900000| Untracked 
| 186|0x000000008ba00000, 0x000000008ba00000, 0x000000008bb00000|  0%| F|  |TAMS 0x000000008ba00000, 0x000000008ba00000| Untracked 
| 187|0x000000008bb00000, 0x000000008bb00000, 0x000000008bc00000|  0%| F|  |TAMS 0x000000008bb00000, 0x000000008bb00000| Untracked 
| 188|0x000000008bc00000, 0x000000008bc00000, 0x000000008bd00000|  0%| F|  |TAMS 0x000000008bc00000, 0x000000008bc00000| Untracked 
| 189|0x000000008bd00000, 0x000000008bd00000, 0x000000008be00000|  0%| F|  |TAMS 0x000000008bd00000, 0x000000008bd00000| Untracked 
| 190|0x000000008be00000, 0x000000008be00000, 0x000000008bf00000|  0%| F|  |TAMS 0x000000008be00000, 0x000000008be00000| Untracked 
| 191|0x000000008bf00000, 0x000000008bf00000, 0x000000008c000000|  0%| F|  |TAMS 0x000000008bf00000, 0x000000008bf00000| Untracked 
| 192|0x000000008c000000, 0x000000008c000000, 0x000000008c100000|  0%| F|  |TAMS 0x000000008c000000, 0x000000008c000000| Untracked 
| 193|0x000000008c100000, 0x000000008c1f8e00, 0x000000008c200000| 97%| O|  |TAMS 0x000000008c100000, 0x000000008c100000| Untracked 
| 194|0x000000008c200000, 0x000000008c200000, 0x000000008c300000|  0%| F|  |TAMS 0x000000008c200000, 0x000000008c200000| Untracked 
| 195|0x000000008c300000, 0x000000008c300000, 0x000000008c400000|  0%| F|  |TAMS 0x000000008c300000, 0x000000008c300000| Untracked 
| 196|0x000000008c400000, 0x000000008c400000, 0x000000008c500000|  0%| F|  |TAMS 0x000000008c400000, 0x000000008c400000| Untracked 
| 197|0x000000008c500000, 0x000000008c500000, 0x000000008c600000|  0%| F|  |TAMS 0x000000008c500000, 0x000000008c500000| Untracked 
| 198|0x000000008c600000, 0x000000008c600000, 0x000000008c700000|  0%| F|  |TAMS 0x000000008c600000, 0x000000008c600000| Untracked 
| 199|0x000000008c700000, 0x000000008c700000, 0x000000008c800000|  0%| F|  |TAMS 0x000000008c700000, 0x000000008c700000| Untracked 
| 200|0x000000008c800000, 0x000000008c800000, 0x000000008c900000|  0%| F|  |TAMS 0x000000008c800000, 0x000000008c800000| Untracked 
| 201|0x000000008c900000, 0x000000008c900000, 0x000000008ca00000|  0%| F|  |TAMS 0x000000008c900000, 0x000000008c900000| Untracked 
| 202|0x000000008ca00000, 0x000000008ca00000, 0x000000008cb00000|  0%| F|  |TAMS 0x000000008ca00000, 0x000000008ca00000| Untracked 
| 203|0x000000008cb00000, 0x000000008cb00000, 0x000000008cc00000|  0%| F|  |TAMS 0x000000008cb00000, 0x000000008cb00000| Untracked 
| 204|0x000000008cc00000, 0x000000008cc00000, 0x000000008cd00000|  0%| F|  |TAMS 0x000000008cc00000, 0x000000008cc00000| Untracked 
| 205|0x000000008cd00000, 0x000000008cd00000, 0x000000008ce00000|  0%| F|  |TAMS 0x000000008cd00000, 0x000000008cd00000| Untracked 
| 206|0x000000008ce00000, 0x000000008ce00000, 0x000000008cf00000|  0%| F|  |TAMS 0x000000008ce00000, 0x000000008ce00000| Untracked 
| 207|0x000000008cf00000, 0x000000008cf00000, 0x000000008d000000|  0%| F|  |TAMS 0x000000008cf00000, 0x000000008cf00000| Untracked 
| 208|0x000000008d000000, 0x000000008d000000, 0x000000008d100000|  0%| F|  |TAMS 0x000000008d000000, 0x000000008d000000| Untracked 
| 209|0x000000008d100000, 0x000000008d100000, 0x000000008d200000|  0%| F|  |TAMS 0x000000008d100000, 0x000000008d100000| Untracked 
| 210|0x000000008d200000, 0x000000008d200000, 0x000000008d300000|  0%| F|  |TAMS 0x000000008d200000, 0x000000008d200000| Untracked 
| 211|0x000000008d300000, 0x000000008d300000, 0x000000008d400000|  0%| F|  |TAMS 0x000000008d300000, 0x000000008d300000| Untracked 
| 212|0x000000008d400000, 0x000000008d400000, 0x000000008d500000|  0%| F|  |TAMS 0x000000008d400000, 0x000000008d400000| Untracked 
| 213|0x000000008d500000, 0x000000008d500000, 0x000000008d600000|  0%| F|  |TAMS 0x000000008d500000, 0x000000008d500000| Untracked 
| 214|0x000000008d600000, 0x000000008d600000, 0x000000008d700000|  0%| F|  |TAMS 0x000000008d600000, 0x000000008d600000| Untracked 
| 215|0x000000008d700000, 0x000000008d700000, 0x000000008d800000|  0%| F|  |TAMS 0x000000008d700000, 0x000000008d700000| Untracked 
| 216|0x000000008d800000, 0x000000008d800000, 0x000000008d900000|  0%| F|  |TAMS 0x000000008d800000, 0x000000008d800000| Untracked 
| 217|0x000000008d900000, 0x000000008d900000, 0x000000008da00000|  0%| F|  |TAMS 0x000000008d900000, 0x000000008d900000| Untracked 
| 218|0x000000008da00000, 0x000000008da00000, 0x000000008db00000|  0%| F|  |TAMS 0x000000008da00000, 0x000000008da00000| Untracked 
| 219|0x000000008db00000, 0x000000008db00000, 0x000000008dc00000|  0%| F|  |TAMS 0x000000008db00000, 0x000000008db00000| Untracked 
| 220|0x000000008dc00000, 0x000000008dc00000, 0x000000008dd00000|  0%| F|  |TAMS 0x000000008dc00000, 0x000000008dc00000| Untracked 
| 221|0x000000008dd00000, 0x000000008dd00000, 0x000000008de00000|  0%| F|  |TAMS 0x000000008dd00000, 0x000000008dd00000| Untracked 
| 222|0x000000008de00000, 0x000000008de00000, 0x000000008df00000|  0%| F|  |TAMS 0x000000008de00000, 0x000000008de00000| Untracked 
| 223|0x000000008df00000, 0x000000008df00000, 0x000000008e000000|  0%| F|  |TAMS 0x000000008df00000, 0x000000008df00000| Untracked 
| 224|0x000000008e000000, 0x000000008e000000, 0x000000008e100000|  0%| F|  |TAMS 0x000000008e000000, 0x000000008e000000| Untracked 
| 225|0x000000008e100000, 0x000000008e100000, 0x000000008e200000|  0%| F|  |TAMS 0x000000008e100000, 0x000000008e100000| Untracked 
| 226|0x000000008e200000, 0x000000008e280000, 0x000000008e300000| 50%| S|CS|TAMS 0x000000008e200000, 0x000000008e200000| Complete 
| 227|0x000000008e300000, 0x000000008e400000, 0x000000008e400000|100%| S|CS|TAMS 0x000000008e300000, 0x000000008e300000| Complete 
| 228|0x000000008e400000, 0x000000008e400000, 0x000000008e500000|  0%| F|  |TAMS 0x000000008e400000, 0x000000008e400000| Untracked 
| 229|0x000000008e500000, 0x000000008e500000, 0x000000008e600000|  0%| F|  |TAMS 0x000000008e500000, 0x000000008e500000| Untracked 
| 230|0x000000008e600000, 0x000000008e600000, 0x000000008e700000|  0%| F|  |TAMS 0x000000008e600000, 0x000000008e600000| Untracked 
| 231|0x000000008e700000, 0x000000008e700000, 0x000000008e800000|  0%| F|  |TAMS 0x000000008e700000, 0x000000008e700000| Untracked 
| 232|0x000000008e800000, 0x000000008e800000, 0x000000008e900000|  0%| F|  |TAMS 0x000000008e800000, 0x000000008e800000| Untracked 
| 233|0x000000008e900000, 0x000000008e900000, 0x000000008ea00000|  0%| F|  |TAMS 0x000000008e900000, 0x000000008e900000| Untracked 
| 234|0x000000008ea00000, 0x000000008ea00000, 0x000000008eb00000|  0%| F|  |TAMS 0x000000008ea00000, 0x000000008ea00000| Untracked 
| 235|0x000000008eb00000, 0x000000008eb00000, 0x000000008ec00000|  0%| F|  |TAMS 0x000000008eb00000, 0x000000008eb00000| Untracked 
| 236|0x000000008ec00000, 0x000000008ec00000, 0x000000008ed00000|  0%| F|  |TAMS 0x000000008ec00000, 0x000000008ec00000| Untracked 
| 237|0x000000008ed00000, 0x000000008ed00000, 0x000000008ee00000|  0%| F|  |TAMS 0x000000008ed00000, 0x000000008ed00000| Untracked 
| 238|0x000000008ee00000, 0x000000008ee00000, 0x000000008ef00000|  0%| F|  |TAMS 0x000000008ee00000, 0x000000008ee00000| Untracked 
| 239|0x000000008ef00000, 0x000000008ef00000, 0x000000008f000000|  0%| F|  |TAMS 0x000000008ef00000, 0x000000008ef00000| Untracked 
| 240|0x000000008f000000, 0x000000008f000000, 0x000000008f100000|  0%| F|  |TAMS 0x000000008f000000, 0x000000008f000000| Untracked 
| 241|0x000000008f100000, 0x000000008f100000, 0x000000008f200000|  0%| F|  |TAMS 0x000000008f100000, 0x000000008f100000| Untracked 
| 242|0x000000008f200000, 0x000000008f200000, 0x000000008f300000|  0%| F|  |TAMS 0x000000008f200000, 0x000000008f200000| Untracked 
| 243|0x000000008f300000, 0x000000008f300000, 0x000000008f400000|  0%| F|  |TAMS 0x000000008f300000, 0x000000008f300000| Untracked 
| 244|0x000000008f400000, 0x000000008f400000, 0x000000008f500000|  0%| F|  |TAMS 0x000000008f400000, 0x000000008f400000| Untracked 
| 245|0x000000008f500000, 0x000000008f500000, 0x000000008f600000|  0%| F|  |TAMS 0x000000008f500000, 0x000000008f500000| Untracked 
| 246|0x000000008f600000, 0x000000008f600000, 0x000000008f700000|  0%| F|  |TAMS 0x000000008f600000, 0x000000008f600000| Untracked 
| 247|0x000000008f700000, 0x000000008f700000, 0x000000008f800000|  0%| F|  |TAMS 0x000000008f700000, 0x000000008f700000| Untracked 
| 248|0x000000008f800000, 0x000000008f800000, 0x000000008f900000|  0%| F|  |TAMS 0x000000008f800000, 0x000000008f800000| Untracked 
| 249|0x000000008f900000, 0x000000008f900000, 0x000000008fa00000|  0%| F|  |TAMS 0x000000008f900000, 0x000000008f900000| Untracked 
| 250|0x000000008fa00000, 0x000000008fa00000, 0x000000008fb00000|  0%| F|  |TAMS 0x000000008fa00000, 0x000000008fa00000| Untracked 
| 251|0x000000008fb00000, 0x000000008fb00000, 0x000000008fc00000|  0%| F|  |TAMS 0x000000008fb00000, 0x000000008fb00000| Untracked 
| 252|0x000000008fc00000, 0x000000008fc00000, 0x000000008fd00000|  0%| F|  |TAMS 0x000000008fc00000, 0x000000008fc00000| Untracked 
| 253|0x000000008fd00000, 0x000000008fd00000, 0x000000008fe00000|  0%| F|  |TAMS 0x000000008fd00000, 0x000000008fd00000| Untracked 
| 254|0x000000008fe00000, 0x000000008fe00000, 0x000000008ff00000|  0%| F|  |TAMS 0x000000008fe00000, 0x000000008fe00000| Untracked 
| 255|0x000000008ff00000, 0x000000008ff00000, 0x0000000090000000|  0%| F|  |TAMS 0x000000008ff00000, 0x000000008ff00000| Untracked 
| 256|0x0000000090000000, 0x0000000090000000, 0x0000000090100000|  0%| F|  |TAMS 0x0000000090000000, 0x0000000090000000| Untracked 
| 257|0x0000000090100000, 0x0000000090100000, 0x0000000090200000|  0%| F|  |TAMS 0x0000000090100000, 0x0000000090100000| Untracked 
| 258|0x0000000090200000, 0x0000000090200000, 0x0000000090300000|  0%| F|  |TAMS 0x0000000090200000, 0x0000000090200000| Untracked 
| 259|0x0000000090300000, 0x0000000090300000, 0x0000000090400000|  0%| F|  |TAMS 0x0000000090300000, 0x0000000090300000| Untracked 
| 260|0x0000000090400000, 0x0000000090400000, 0x0000000090500000|  0%| F|  |TAMS 0x0000000090400000, 0x0000000090400000| Untracked 
| 261|0x0000000090500000, 0x0000000090500000, 0x0000000090600000|  0%| F|  |TAMS 0x0000000090500000, 0x0000000090500000| Untracked 
| 262|0x0000000090600000, 0x0000000090600000, 0x0000000090700000|  0%| F|  |TAMS 0x0000000090600000, 0x0000000090600000| Untracked 
| 263|0x0000000090700000, 0x0000000090700000, 0x0000000090800000|  0%| F|  |TAMS 0x0000000090700000, 0x0000000090700000| Untracked 
| 264|0x0000000090800000, 0x0000000090800000, 0x0000000090900000|  0%| F|  |TAMS 0x0000000090800000, 0x0000000090800000| Untracked 
| 265|0x0000000090900000, 0x0000000090900000, 0x0000000090a00000|  0%| F|  |TAMS 0x0000000090900000, 0x0000000090900000| Untracked 
| 266|0x0000000090a00000, 0x0000000090a00000, 0x0000000090b00000|  0%| F|  |TAMS 0x0000000090a00000, 0x0000000090a00000| Untracked 
| 267|0x0000000090b00000, 0x0000000090b00000, 0x0000000090c00000|  0%| F|  |TAMS 0x0000000090b00000, 0x0000000090b00000| Untracked 
| 268|0x0000000090c00000, 0x0000000090c00000, 0x0000000090d00000|  0%| F|  |TAMS 0x0000000090c00000, 0x0000000090c00000| Untracked 
| 269|0x0000000090d00000, 0x0000000090d00000, 0x0000000090e00000|  0%| F|  |TAMS 0x0000000090d00000, 0x0000000090d00000| Untracked 
| 270|0x0000000090e00000, 0x0000000090e00000, 0x0000000090f00000|  0%| F|  |TAMS 0x0000000090e00000, 0x0000000090e00000| Untracked 
| 271|0x0000000090f00000, 0x0000000090f00000, 0x0000000091000000|  0%| F|  |TAMS 0x0000000090f00000, 0x0000000090f00000| Untracked 
| 272|0x0000000091000000, 0x0000000091000000, 0x0000000091100000|  0%| F|  |TAMS 0x0000000091000000, 0x0000000091000000| Untracked 
| 273|0x0000000091100000, 0x0000000091100000, 0x0000000091200000|  0%| F|  |TAMS 0x0000000091100000, 0x0000000091100000| Untracked 
| 274|0x0000000091200000, 0x0000000091200000, 0x0000000091300000|  0%| F|  |TAMS 0x0000000091200000, 0x0000000091200000| Untracked 
| 275|0x0000000091300000, 0x0000000091300000, 0x0000000091400000|  0%| F|  |TAMS 0x0000000091300000, 0x0000000091300000| Untracked 
| 276|0x0000000091400000, 0x0000000091400000, 0x0000000091500000|  0%| F|  |TAMS 0x0000000091400000, 0x0000000091400000| Untracked 
| 277|0x0000000091500000, 0x0000000091500000, 0x0000000091600000|  0%| F|  |TAMS 0x0000000091500000, 0x0000000091500000| Untracked 
| 278|0x0000000091600000, 0x0000000091600000, 0x0000000091700000|  0%| F|  |TAMS 0x0000000091600000, 0x0000000091600000| Untracked 
| 279|0x0000000091700000, 0x0000000091700000, 0x0000000091800000|  0%| F|  |TAMS 0x0000000091700000, 0x0000000091700000| Untracked 
| 280|0x0000000091800000, 0x0000000091800000, 0x0000000091900000|  0%| F|  |TAMS 0x0000000091800000, 0x0000000091800000| Untracked 
| 281|0x0000000091900000, 0x0000000091900000, 0x0000000091a00000|  0%| F|  |TAMS 0x0000000091900000, 0x0000000091900000| Untracked 
| 282|0x0000000091a00000, 0x0000000091a00000, 0x0000000091b00000|  0%| F|  |TAMS 0x0000000091a00000, 0x0000000091a00000| Untracked 
| 283|0x0000000091b00000, 0x0000000091b00000, 0x0000000091c00000|  0%| F|  |TAMS 0x0000000091b00000, 0x0000000091b00000| Untracked 
| 284|0x0000000091c00000, 0x0000000091c00000, 0x0000000091d00000|  0%| F|  |TAMS 0x0000000091c00000, 0x0000000091c00000| Untracked 
| 285|0x0000000091d00000, 0x0000000091d00000, 0x0000000091e00000|  0%| F|  |TAMS 0x0000000091d00000, 0x0000000091d00000| Untracked 
| 286|0x0000000091e00000, 0x0000000091e00000, 0x0000000091f00000|  0%| F|  |TAMS 0x0000000091e00000, 0x0000000091e00000| Untracked 
| 287|0x0000000091f00000, 0x0000000091f00000, 0x0000000092000000|  0%| F|  |TAMS 0x0000000091f00000, 0x0000000091f00000| Untracked 
| 288|0x0000000092000000, 0x0000000092000000, 0x0000000092100000|  0%| F|  |TAMS 0x0000000092000000, 0x0000000092000000| Untracked 
| 289|0x0000000092100000, 0x0000000092100000, 0x0000000092200000|  0%| F|  |TAMS 0x0000000092100000, 0x0000000092100000| Untracked 
| 290|0x0000000092200000, 0x0000000092200000, 0x0000000092300000|  0%| F|  |TAMS 0x0000000092200000, 0x0000000092200000| Untracked 
| 291|0x0000000092300000, 0x0000000092300000, 0x0000000092400000|  0%| F|  |TAMS 0x0000000092300000, 0x0000000092300000| Untracked 
| 292|0x0000000092400000, 0x0000000092400000, 0x0000000092500000|  0%| F|  |TAMS 0x0000000092400000, 0x0000000092400000| Untracked 
| 293|0x0000000092500000, 0x0000000092500000, 0x0000000092600000|  0%| F|  |TAMS 0x0000000092500000, 0x0000000092500000| Untracked 
| 294|0x0000000092600000, 0x0000000092600000, 0x0000000092700000|  0%| F|  |TAMS 0x0000000092600000, 0x0000000092600000| Untracked 
| 295|0x0000000092700000, 0x0000000092700000, 0x0000000092800000|  0%| F|  |TAMS 0x0000000092700000, 0x0000000092700000| Untracked 
| 296|0x0000000092800000, 0x0000000092800000, 0x0000000092900000|  0%| F|  |TAMS 0x0000000092800000, 0x0000000092800000| Untracked 
| 297|0x0000000092900000, 0x0000000092900000, 0x0000000092a00000|  0%| F|  |TAMS 0x0000000092900000, 0x0000000092900000| Untracked 
| 298|0x0000000092a00000, 0x0000000092a00000, 0x0000000092b00000|  0%| F|  |TAMS 0x0000000092a00000, 0x0000000092a00000| Untracked 
| 299|0x0000000092b00000, 0x0000000092b00000, 0x0000000092c00000|  0%| F|  |TAMS 0x0000000092b00000, 0x0000000092b00000| Untracked 
| 300|0x0000000092c00000, 0x0000000092c00000, 0x0000000092d00000|  0%| F|  |TAMS 0x0000000092c00000, 0x0000000092c00000| Untracked 
| 301|0x0000000092d00000, 0x0000000092d00000, 0x0000000092e00000|  0%| F|  |TAMS 0x0000000092d00000, 0x0000000092d00000| Untracked 
| 302|0x0000000092e00000, 0x0000000092e00000, 0x0000000092f00000|  0%| F|  |TAMS 0x0000000092e00000, 0x0000000092e00000| Untracked 
| 303|0x0000000092f00000, 0x0000000092f00000, 0x0000000093000000|  0%| F|  |TAMS 0x0000000092f00000, 0x0000000092f00000| Untracked 
| 304|0x0000000093000000, 0x0000000093000000, 0x0000000093100000|  0%| F|  |TAMS 0x0000000093000000, 0x0000000093000000| Untracked 
| 305|0x0000000093100000, 0x0000000093100000, 0x0000000093200000|  0%| F|  |TAMS 0x0000000093100000, 0x0000000093100000| Untracked 
| 306|0x0000000093200000, 0x0000000093200000, 0x0000000093300000|  0%| F|  |TAMS 0x0000000093200000, 0x0000000093200000| Untracked 
| 307|0x0000000093300000, 0x0000000093300000, 0x0000000093400000|  0%| F|  |TAMS 0x0000000093300000, 0x0000000093300000| Untracked 
| 308|0x0000000093400000, 0x0000000093400000, 0x0000000093500000|  0%| F|  |TAMS 0x0000000093400000, 0x0000000093400000| Untracked 
| 309|0x0000000093500000, 0x0000000093500000, 0x0000000093600000|  0%| F|  |TAMS 0x0000000093500000, 0x0000000093500000| Untracked 
| 310|0x0000000093600000, 0x0000000093600000, 0x0000000093700000|  0%| F|  |TAMS 0x0000000093600000, 0x0000000093600000| Untracked 
| 311|0x0000000093700000, 0x0000000093700000, 0x0000000093800000|  0%| F|  |TAMS 0x0000000093700000, 0x0000000093700000| Untracked 
| 312|0x0000000093800000, 0x0000000093800000, 0x0000000093900000|  0%| F|  |TAMS 0x0000000093800000, 0x0000000093800000| Untracked 
| 313|0x0000000093900000, 0x0000000093900000, 0x0000000093a00000|  0%| F|  |TAMS 0x0000000093900000, 0x0000000093900000| Untracked 
| 314|0x0000000093a00000, 0x0000000093a00000, 0x0000000093b00000|  0%| F|  |TAMS 0x0000000093a00000, 0x0000000093a00000| Untracked 
| 315|0x0000000093b00000, 0x0000000093b00000, 0x0000000093c00000|  0%| F|  |TAMS 0x0000000093b00000, 0x0000000093b00000| Untracked 
| 316|0x0000000093c00000, 0x0000000093c00000, 0x0000000093d00000|  0%| F|  |TAMS 0x0000000093c00000, 0x0000000093c00000| Untracked 
| 317|0x0000000093d00000, 0x0000000093d00000, 0x0000000093e00000|  0%| F|  |TAMS 0x0000000093d00000, 0x0000000093d00000| Untracked 
| 318|0x0000000093e00000, 0x0000000093e00000, 0x0000000093f00000|  0%| F|  |TAMS 0x0000000093e00000, 0x0000000093e00000| Untracked 
| 319|0x0000000093f00000, 0x0000000093f00000, 0x0000000094000000|  0%| F|  |TAMS 0x0000000093f00000, 0x0000000093f00000| Untracked 
| 320|0x0000000094000000, 0x0000000094000000, 0x0000000094100000|  0%| F|  |TAMS 0x0000000094000000, 0x0000000094000000| Untracked 

Card table byte_map: [0x000001aef34a0000,0x000001aef38a0000] _byte_map_base: 0x000001aef30a0000

Marking Bits (Prev, Next): (CMBitMap*) 0x000001aee05cd780, (CMBitMap*) 0x000001aee05cd748
 Prev Bits: [0x000001aef5ca0000, 0x000001aef7ca0000)
 Next Bits: [0x000001aef3ca0000, 0x000001aef5ca0000)

Polling page: 0x000001aede310000

Metaspace:

Usage:
  Non-class:    122.91 MB capacity,   120.27 MB ( 98%) used,     2.16 MB (  2%) free+waste,   489.00 KB ( <1%) overhead. 
      Class:     18.79 MB capacity,    17.31 MB ( 92%) used,     1.27 MB (  7%) free+waste,   218.88 KB (  1%) overhead. 
       Both:    141.70 MB capacity,   137.59 MB ( 97%) used,     3.42 MB (  2%) free+waste,   707.88 KB ( <1%) overhead. 

Virtual space:
  Non-class space:      124.00 MB reserved,     122.95 MB (>99%) committed 
      Class space:        1.00 GB reserved,      18.88 MB (  2%) committed 
             Both:        1.12 GB reserved,     141.82 MB ( 12%) committed 

Chunk freelists:
   Non-Class:  41.00 KB
       Class:  19.00 KB
        Both:  60.00 KB

MaxMetaspaceSize: 17179869184.00 GB
CompressedClassSpaceSize: 1.00 GB
Initial GC threshold: 20.80 MB
Current GC threshold: 213.46 MB
CDS: off

CodeHeap 'non-profiled nmethods': size=120064Kb used=13122Kb max_used=13867Kb free=106941Kb
 bounds [0x000001aeebb60000, 0x000001aeec8f0000, 0x000001aef30a0000]
CodeHeap 'profiled nmethods': size=120000Kb used=43830Kb max_used=44997Kb free=76169Kb
 bounds [0x000001aee4630000, 0x000001aee7230000, 0x000001aeebb60000]
CodeHeap 'non-nmethods': size=5696Kb used=2494Kb max_used=2572Kb free=3201Kb
 bounds [0x000001aee40a0000, 0x000001aee4330000, 0x000001aee4630000]
 total_blobs=20272 nmethods=19239 adapters=943
 compilation: enabled
              stopped_count=0, restarted_count=0
 full_count=0

Compilation events (20 events):
Event: 597.021 Thread 0x000001aefab30000 21382       2       org.objectweb.asm.tree.ClassNode::visitAnnotation (42 bytes)
Event: 597.022 Thread 0x000001aefab30000 nmethod 21382 0x000001aee721f710 code [0x000001aee721f920, 0x000001aee721fe98]
Event: 597.022 Thread 0x000001aefab30000 21383       2       org.objectweb.asm.ClassWriter::visitAnnotation (40 bytes)
Event: 597.022 Thread 0x000001aefab30000 nmethod 21383 0x000001aee7220090 code [0x000001aee72202c0, 0x000001aee72209d8]
Event: 597.023 Thread 0x000001aefab30000 21384 %     3       org.objectweb.asm.ByteVector::putUTF8 @ 76 (144 bytes)
Event: 597.024 Thread 0x000001aefab30000 nmethod 21384% 0x000001aee7220c90 code [0x000001aee7220f20, 0x000001aee7221b88]
Event: 597.026 Thread 0x000001aefab30000 21385 %     3       org.objectweb.asm.ClassReader::readUtf @ 18 (161 bytes)
Event: 597.027 Thread 0x000001aefab30000 nmethod 21385% 0x000001aee7222110 code [0x000001aee7222320, 0x000001aee7222938]
Event: 597.027 Thread 0x000001aefab30000 21386       3       org.objectweb.asm.ByteVector::putUTF8 (144 bytes)
Event: 597.028 Thread 0x000001aefab30000 nmethod 21386 0x000001aee7222c90 code [0x000001aee7222f20, 0x000001aee7223a48]
Event: 597.033 Thread 0x000001aefab30000 21387       3       org.objectweb.asm.ClassReader::readUtf (161 bytes)
Event: 597.034 Thread 0x000001aefab30000 nmethod 21387 0x000001aee7223f90 code [0x000001aee72241a0, 0x000001aee7224738]
Event: 597.082 Thread 0x000001aefab2f000 nmethod 21295 0x000001aeec8df610 code [0x000001aeec8dfb00, 0x000001aeec8e60f0]
Event: 597.082 Thread 0x000001aefab2f000 21388       4       org.objectweb.asm.ByteVector::putUTF8 (144 bytes)
Event: 597.092 Thread 0x000001aefab30000 21390 %     3       org.objectweb.asm.AnnotationWriter::putParameterAnnotations @ 73 (173 bytes)
Event: 597.093 Thread 0x000001aefab30000 nmethod 21390% 0x000001aee46ae210 code [0x000001aee46ae460, 0x000001aee46aebc8]
Event: 597.093 Thread 0x000001aefab30000 21391       3       org.objectweb.asm.AnnotationWriter::putParameterAnnotations (173 bytes)
Event: 597.093 Thread 0x000001aefab30000 nmethod 21391 0x000001aee47eb990 code [0x000001aee47ebbe0, 0x000001aee47ec288]
Event: 597.098 Thread 0x000001aefab2f000 nmethod 21388 0x000001aeec1a1390 code [0x000001aeec1a1540, 0x000001aeec1a1f68]
Event: 597.098 Thread 0x000001aefab2f000 21389       4       org.objectweb.asm.ClassReader::readUtf (161 bytes)

GC Heap History (20 events):
Event: 588.950 GC heap after
{Heap after GC invocations=93 (full 0):
 garbage-first heap   total 273408K, used 153785K [0x0000000080000000, 0x0000000100000000)
  region size 1024K, 6 young (6144K), 6 survivors (6144K)
 Metaspace       used 133011K, capacity 136885K, committed 137164K, reserved 1167360K
  class space    used 16878K, capacity 18357K, committed 18432K, reserved 1048576K
}
Event: 589.225 GC heap before
{Heap before GC invocations=93 (full 0):
 garbage-first heap   total 273408K, used 233657K [0x0000000080000000, 0x0000000100000000)
  region size 1024K, 84 young (86016K), 6 survivors (6144K)
 Metaspace       used 133011K, capacity 136885K, committed 137164K, reserved 1167360K
  class space    used 16878K, capacity 18357K, committed 18432K, reserved 1048576K
}
Event: 589.233 GC heap after
{Heap after GC invocations=94 (full 0):
 garbage-first heap   total 328704K, used 154321K [0x0000000080000000, 0x0000000100000000)
  region size 1024K, 6 young (6144K), 6 survivors (6144K)
 Metaspace       used 133011K, capacity 136885K, committed 137164K, reserved 1167360K
  class space    used 16878K, capacity 18357K, committed 18432K, reserved 1048576K
}
Event: 589.772 GC heap before
{Heap before GC invocations=94 (full 0):
 garbage-first heap   total 328704K, used 264913K [0x0000000080000000, 0x0000000100000000)
  region size 1024K, 114 young (116736K), 6 survivors (6144K)
 Metaspace       used 133014K, capacity 136885K, committed 137164K, reserved 1167360K
  class space    used 16878K, capacity 18357K, committed 18432K, reserved 1048576K
}
Event: 589.778 GC heap after
{Heap after GC invocations=95 (full 0):
 garbage-first heap   total 328704K, used 155555K [0x0000000080000000, 0x0000000100000000)
  region size 1024K, 7 young (7168K), 7 survivors (7168K)
 Metaspace       used 133014K, capacity 136885K, committed 137164K, reserved 1167360K
  class space    used 16878K, capacity 18357K, committed 18432K, reserved 1048576K
}
Event: 590.248 GC heap before
{Heap before GC invocations=95 (full 0):
 garbage-first heap   total 328704K, used 274339K [0x0000000080000000, 0x0000000100000000)
  region size 1024K, 124 young (126976K), 7 survivors (7168K)
 Metaspace       used 133014K, capacity 136885K, committed 137164K, reserved 1167360K
  class space    used 16878K, capacity 18357K, committed 18432K, reserved 1048576K
}
Event: 590.257 GC heap after
{Heap after GC invocations=96 (full 0):
 garbage-first heap   total 328704K, used 155955K [0x0000000080000000, 0x0000000100000000)
  region size 1024K, 7 young (7168K), 7 survivors (7168K)
 Metaspace       used 133014K, capacity 136885K, committed 137164K, reserved 1167360K
  class space    used 16878K, capacity 18357K, committed 18432K, reserved 1048576K
}
Event: 590.797 GC heap before
{Heap before GC invocations=96 (full 0):
 garbage-first heap   total 328704K, used 281907K [0x0000000080000000, 0x0000000100000000)
  region size 1024K, 130 young (133120K), 7 survivors (7168K)
 Metaspace       used 133014K, capacity 136885K, committed 137164K, reserved 1167360K
  class space    used 16878K, capacity 18357K, committed 18432K, reserved 1048576K
}
Event: 590.840 GC heap after
{Heap after GC invocations=97 (full 0):
 garbage-first heap   total 328704K, used 153296K [0x0000000080000000, 0x0000000100000000)
  region size 1024K, 6 young (6144K), 6 survivors (6144K)
 Metaspace       used 133014K, capacity 136885K, committed 137164K, reserved 1167360K
  class space    used 16878K, capacity 18357K, committed 18432K, reserved 1048576K
}
Event: 591.377 GC heap before
{Heap before GC invocations=97 (full 0):
 garbage-first heap   total 328704K, used 280272K [0x0000000080000000, 0x0000000100000000)
  region size 1024K, 130 young (133120K), 6 survivors (6144K)
 Metaspace       used 133015K, capacity 136885K, committed 137164K, reserved 1167360K
  class space    used 16878K, capacity 18357K, committed 18432K, reserved 1048576K
}
Event: 591.383 GC heap after
{Heap after GC invocations=98 (full 0):
 garbage-first heap   total 328704K, used 154112K [0x0000000080000000, 0x0000000100000000)
  region size 1024K, 6 young (6144K), 6 survivors (6144K)
 Metaspace       used 133015K, capacity 136885K, committed 137164K, reserved 1167360K
  class space    used 16878K, capacity 18357K, committed 18432K, reserved 1048576K
}
Event: 591.923 GC heap before
{Heap before GC invocations=98 (full 0):
 garbage-first heap   total 328704K, used 286208K [0x0000000080000000, 0x0000000100000000)
  region size 1024K, 135 young (138240K), 6 survivors (6144K)
 Metaspace       used 133017K, capacity 136885K, committed 137164K, reserved 1167360K
  class space    used 16879K, capacity 18357K, committed 18432K, reserved 1048576K
}
Event: 591.929 GC heap after
{Heap after GC invocations=99 (full 0):
 garbage-first heap   total 328704K, used 155001K [0x0000000080000000, 0x0000000100000000)
  region size 1024K, 7 young (7168K), 7 survivors (7168K)
 Metaspace       used 133017K, capacity 136885K, committed 137164K, reserved 1167360K
  class space    used 16879K, capacity 18357K, committed 18432K, reserved 1048576K
}
Event: 592.354 GC heap before
{Heap before GC invocations=99 (full 0):
 garbage-first heap   total 328704K, used 286073K [0x0000000080000000, 0x0000000100000000)
  region size 1024K, 135 young (138240K), 7 survivors (7168K)
 Metaspace       used 133018K, capacity 136885K, committed 137164K, reserved 1167360K
  class space    used 16879K, capacity 18357K, committed 18432K, reserved 1048576K
}
Event: 592.361 GC heap after
{Heap after GC invocations=100 (full 0):
 garbage-first heap   total 328704K, used 156691K [0x0000000080000000, 0x0000000100000000)
  region size 1024K, 9 young (9216K), 9 survivors (9216K)
 Metaspace       used 133018K, capacity 136885K, committed 137164K, reserved 1167360K
  class space    used 16879K, capacity 18357K, committed 18432K, reserved 1048576K
}
Event: 594.422 GC heap before
{Heap before GC invocations=100 (full 0):
 garbage-first heap   total 328704K, used 292883K [0x0000000080000000, 0x0000000100000000)
  region size 1024K, 134 young (137216K), 9 survivors (9216K)
 Metaspace       used 134290K, capacity 138365K, committed 138572K, reserved 1169408K
  class space    used 17038K, capacity 18537K, committed 18560K, reserved 1048576K
}
Event: 594.428 GC heap after
{Heap after GC invocations=101 (full 0):
 garbage-first heap   total 328704K, used 158545K [0x0000000080000000, 0x0000000100000000)
  region size 1024K, 5 young (5120K), 5 survivors (5120K)
 Metaspace       used 134290K, capacity 138365K, committed 138572K, reserved 1169408K
  class space    used 17038K, capacity 18537K, committed 18560K, reserved 1048576K
}
Event: 596.572 GC heap before
{Heap before GC invocations=101 (full 0):
 garbage-first heap   total 328704K, used 298833K [0x0000000080000000, 0x0000000100000000)
  region size 1024K, 130 young (133120K), 5 survivors (5120K)
 Metaspace       used 140880K, capacity 145104K, committed 145228K, reserved 1175552K
  class space    used 17729K, capacity 19245K, committed 19328K, reserved 1048576K
}
Event: 596.627 GC heap after
{Heap after GC invocations=102 (full 0):
 garbage-first heap   total 328704K, used 182464K [0x0000000080000000, 0x0000000100000000)
  region size 1024K, 16 young (16384K), 16 survivors (16384K)
 Metaspace       used 140880K, capacity 145104K, committed 145228K, reserved 1175552K
  class space    used 17729K, capacity 19245K, committed 19328K, reserved 1048576K
}
Event: 597.103 GC heap before
{Heap before GC invocations=102 (full 0):
 garbage-first heap   total 328704K, used 277696K [0x0000000080000000, 0x0000000100000000)
  region size 1024K, 109 young (111616K), 16 survivors (16384K)
 Metaspace       used 140890K, capacity 145104K, committed 145228K, reserved 1175552K
  class space    used 17729K, capacity 19245K, committed 19328K, reserved 1048576K
}

Deoptimization events (20 events):
Event: 597.017 Thread 0x000001ae817e2000 Uncommon trap: trap_request=0xffffff4d fr.pc=0x000001aeebe8c018 relative=0x0000000000000458
Event: 597.017 Thread 0x000001ae817e2000 Uncommon trap: reason=unstable_if action=reinterpret pc=0x000001aeebe8c018 method=java.lang.StringUTF16.compress([CII)[B @ 13 c2
Event: 597.017 Thread 0x000001ae817e2000 DEOPT PACKING pc=0x000001aeebe8c018 sp=0x00000099200f6740
Event: 597.017 Thread 0x000001ae817e2000 DEOPT UNPACKING pc=0x000001aee40ea1af sp=0x00000099200f6628 mode 2
Event: 597.017 Thread 0x000001ae817e2000 Uncommon trap: trap_request=0xffffff4d fr.pc=0x000001aeec8d30b4 relative=0x00000000000006d4
Event: 597.017 Thread 0x000001ae817e2000 Uncommon trap: reason=unstable_if action=reinterpret pc=0x000001aeec8d30b4 method=org.objectweb.asm.ClassReader.readUtf(II[C)Ljava/lang/String; @ 41 c2
Event: 597.017 Thread 0x000001ae817e2000 DEOPT PACKING pc=0x000001aeec8d30b4 sp=0x00000099200f67e0
Event: 597.017 Thread 0x000001ae817e2000 DEOPT UNPACKING pc=0x000001aee40ea1af sp=0x00000099200f67a8 mode 2
Event: 597.018 Thread 0x000001ae817e2000 Uncommon trap: trap_request=0xffffff45 fr.pc=0x000001aeec33b48c relative=0x0000000000000eec
Event: 597.018 Thread 0x000001ae817e2000 Uncommon trap: reason=unstable_fused_if action=reinterpret pc=0x000001aeec33b48c method=org.objectweb.asm.ByteVector.putUTF8(Ljava/lang/String;)Lorg/objectweb/asm/ByteVector; @ 93 c2
Event: 597.018 Thread 0x000001ae817e2000 DEOPT PACKING pc=0x000001aeec33b48c sp=0x00000099200f69b0
Event: 597.018 Thread 0x000001ae817e2000 DEOPT UNPACKING pc=0x000001aee40ea1af sp=0x00000099200f68e8 mode 2
Event: 597.018 Thread 0x000001ae817e2000 Uncommon trap: trap_request=0xffffff45 fr.pc=0x000001aeebf23774 relative=0x0000000000000214
Event: 597.018 Thread 0x000001ae817e2000 Uncommon trap: reason=unstable_fused_if action=reinterpret pc=0x000001aeebf23774 method=org.objectweb.asm.ByteVector.putUTF8(Ljava/lang/String;)Lorg/objectweb/asm/ByteVector; @ 93 c2
Event: 597.018 Thread 0x000001ae817e2000 DEOPT PACKING pc=0x000001aeebf23774 sp=0x00000099200f6940
Event: 597.018 Thread 0x000001ae817e2000 DEOPT UNPACKING pc=0x000001aee40ea1af sp=0x00000099200f68d0 mode 2
Event: 597.027 Thread 0x000001ae817e2000 DEOPT PACKING pc=0x000001aee721e899 sp=0x00000099200f6690
Event: 597.028 Thread 0x000001ae817e2000 DEOPT UNPACKING pc=0x000001aee40ea95e sp=0x00000099200f5ba0 mode 0
Event: 597.093 Thread 0x000001ae817e2000 DEOPT PACKING pc=0x000001aee7218666 sp=0x00000099200f6b30
Event: 597.093 Thread 0x000001ae817e2000 DEOPT UNPACKING pc=0x000001aee40ea95e sp=0x00000099200f5fd0 mode 0

Classes redefined (0 events):
No events

Internal exceptions (20 events):
Event: 595.717 Thread 0x000001ae817e2000 Exception <a 'java/lang/ClassNotFoundException'{0x000000009056f4e8}: org/gradle/internal/extensibility/DefaultExtensionsSchemaCustomizer> (0x000000009056f4e8) thrown at [./src/hotspot/share/classfile/systemDictionary.cpp, line 231]
Event: 595.719 Thread 0x000001ae817e2000 Exception <a 'java/lang/ClassNotFoundException'{0x00000000905ae7a0}: org/gradle/internal/extensibility/ExtensionsStorage$ExtensionHolderBeanInfo> (0x00000000905ae7a0) thrown at [./src/hotspot/share/classfile/systemDictionary.cpp, line 231]
Event: 595.719 Thread 0x000001ae817e2000 Exception <a 'java/lang/ClassNotFoundException'{0x00000000905c6e88}: org/gradle/internal/extensibility/ExtensionsStorage$ExtensionHolderCustomizer> (0x00000000905c6e88) thrown at [./src/hotspot/share/classfile/systemDictionary.cpp, line 231]
Event: 595.730 Thread 0x000001ae817e2000 Exception <a 'java/lang/ClassNotFoundException'{0x00000000903fd560}: org/codehaus/groovy/runtime/NullObjectBeanInfo> (0x00000000903fd560) thrown at [./src/hotspot/share/classfile/systemDictionary.cpp, line 231]
Event: 595.732 Thread 0x000001ae817e2000 Exception <a 'java/lang/ClassNotFoundException'{0x00000000901d2788}: org/codehaus/groovy/runtime/NullObjectCustomizer> (0x00000000901d2788) thrown at [./src/hotspot/share/classfile/systemDictionary.cpp, line 231]
Event: 595.772 Thread 0x000001ae817e2000 Exception <a 'java/lang/ClassNotFoundException'{0x000000008fcb7a08}: org/gradle/api/internal/tasks/DefaultSourceSetContainer_DecoratedBeanInfo> (0x000000008fcb7a08) thrown at [./src/hotspot/share/classfile/systemDictionary.cpp, line 231]
Event: 595.773 Thread 0x000001ae817e2000 Exception <a 'java/lang/ClassNotFoundException'{0x000000008fcd9748}: org/gradle/api/internal/tasks/DefaultSourceSetContainerBeanInfo> (0x000000008fcd9748) thrown at [./src/hotspot/share/classfile/systemDictionary.cpp, line 231]
Event: 595.773 Thread 0x000001ae817e2000 Exception <a 'java/lang/ClassNotFoundException'{0x000000008fcfb730}: org/gradle/api/internal/tasks/DefaultSourceSetContainerCustomizer> (0x000000008fcfb730) thrown at [./src/hotspot/share/classfile/systemDictionary.cpp, line 231]
Event: 595.775 Thread 0x000001ae817e2000 Exception <a 'java/lang/ClassNotFoundException'{0x000000008fb2c720}: org/gradle/api/internal/tasks/DefaultSourceSetContainer_DecoratedCustomizer> (0x000000008fb2c720) thrown at [./src/hotspot/share/classfile/systemDictionary.cpp, line 231]
Event: 595.780 Thread 0x000001ae817e2000 Exception <a 'java/lang/NoSuchMethodError'{0x000000008fbc8ed0}: <clinit>> (0x000000008fbc8ed0) thrown at [./src/hotspot/share/prims/jni.cpp, line 1365]
Event: 595.782 Thread 0x000001ae817e2000 Exception <a 'java/lang/NoSuchMethodError'{0x000000008fbe3228}: <clinit>> (0x000000008fbe3228) thrown at [./src/hotspot/share/prims/jni.cpp, line 1365]
Event: 595.782 Thread 0x000001ae817e2000 Exception <a 'java/lang/NoSuchMethodError'{0x000000008fbf0638}: <clinit>> (0x000000008fbf0638) thrown at [./src/hotspot/share/prims/jni.cpp, line 1365]
Event: 595.847 Thread 0x000001ae817e2000 Exception <a 'java/lang/NoSuchMethodError'{0x000000008f53c6d0}: <clinit>> (0x000000008f53c6d0) thrown at [./src/hotspot/share/prims/jni.cpp, line 1365]
Event: 595.848 Thread 0x000001ae817e2000 Exception <a 'java/lang/NoSuchMethodError'{0x000000008f54a070}: <clinit>> (0x000000008f54a070) thrown at [./src/hotspot/share/prims/jni.cpp, line 1365]
Event: 595.876 Thread 0x000001ae817e2000 Exception <a 'java/lang/NoSuchMethodError'{0x000000008f3fb988}: <clinit>> (0x000000008f3fb988) thrown at [./src/hotspot/share/prims/jni.cpp, line 1365]
Event: 596.160 Thread 0x000001ae817e2000 Exception <a 'sun/nio/fs/WindowsException'{0x000000008e26cba8}> (0x000000008e26cba8) thrown at [./src/hotspot/share/prims/jni.cpp, line 615]
Event: 596.210 Thread 0x000001ae817e2000 Exception <a 'sun/nio/fs/WindowsException'{0x000000008e10fc28}> (0x000000008e10fc28) thrown at [./src/hotspot/share/prims/jni.cpp, line 615]
Event: 596.210 Thread 0x000001ae817e2000 Exception <a 'sun/nio/fs/WindowsException'{0x000000008e110cf8}> (0x000000008e110cf8) thrown at [./src/hotspot/share/prims/jni.cpp, line 615]
Event: 596.210 Thread 0x000001ae817e2000 Exception <a 'sun/nio/fs/WindowsException'{0x000000008e111e18}> (0x000000008e111e18) thrown at [./src/hotspot/share/prims/jni.cpp, line 615]
Event: 596.210 Thread 0x000001ae817e2000 Exception <a 'sun/nio/fs/WindowsException'{0x000000008e112f38}> (0x000000008e112f38) thrown at [./src/hotspot/share/prims/jni.cpp, line 615]

Events (20 events):
Event: 597.101 Thread 0x000001aefab6e800 flushing nmethod 0x000001aee5537b90
Event: 597.101 Thread 0x000001aefab6e800 flushing nmethod 0x000001aee553e410
Event: 597.101 Thread 0x000001aefab6e800 flushing nmethod 0x000001aee5561610
Event: 597.101 Thread 0x000001aefab6e800 flushing nmethod 0x000001aee556c490
Event: 597.101 Thread 0x000001aefab6e800 flushing nmethod 0x000001aee5572510
Event: 597.101 Thread 0x000001aefab6e800 flushing nmethod 0x000001aee5572b90
Event: 597.101 Thread 0x000001aefab6e800 flushing nmethod 0x000001aee5573310
Event: 597.101 Thread 0x000001aefab6e800 flushing nmethod 0x000001aee557cd10
Event: 597.101 Thread 0x000001aefab6e800 flushing nmethod 0x000001aee559cc90
Event: 597.101 Thread 0x000001aefab6e800 flushing nmethod 0x000001aee559eb10
Event: 597.101 Thread 0x000001aefab6e800 flushing nmethod 0x000001aee55f7d90
Event: 597.102 Thread 0x000001aefab6e800 flushing nmethod 0x000001aee563b910
Event: 597.102 Thread 0x000001aefab6e800 flushing nmethod 0x000001aee566b310
Event: 597.102 Thread 0x000001aefab6e800 flushing nmethod 0x000001aee566ba90
Event: 597.102 Thread 0x000001aefab6e800 flushing nmethod 0x000001aee5677290
Event: 597.102 Thread 0x000001aefab6e800 flushing nmethod 0x000001aee5684390
Event: 597.103 Thread 0x000001aefab6e800 flushing nmethod 0x000001aee5697610
Event: 597.103 Thread 0x000001aefab6e800 flushing nmethod 0x000001aee569a690
Event: 597.103 Thread 0x000001aefab6e800 flushing nmethod 0x000001aee56a3e10
Event: 597.103 Executing VM operation: G1CollectForAllocation


Dynamic libraries:
0x00007ff766ca0000 - 0x00007ff766caa000 	C:\Program Files\Android\Android Studio\jre\bin\java.exe
0x00007ffbb1fd0000 - 0x00007ffbb21c8000 	C:\Windows\SYSTEM32\ntdll.dll
0x00007ffbb1340000 - 0x00007ffbb13ff000 	C:\Windows\System32\KERNEL32.DLL
0x00007ffbaf780000 - 0x00007ffbafa52000 	C:\Windows\System32\KERNELBASE.dll
0x00007ffbafcd0000 - 0x00007ffbafdd0000 	C:\Windows\System32\ucrtbase.dll
0x00007ffb977e0000 - 0x00007ffb977f9000 	C:\Program Files\Android\Android Studio\jre\bin\jli.dll
0x00007ffb97c10000 - 0x00007ffb97c27000 	C:\Program Files\Android\Android Studio\jre\bin\VCRUNTIME140.dll
0x00007ffbb1a60000 - 0x00007ffbb1bfd000 	C:\Windows\System32\USER32.dll
0x00007ffbafbe0000 - 0x00007ffbafc02000 	C:\Windows\System32\win32u.dll
0x00007ffbb00b0000 - 0x00007ffbb00db000 	C:\Windows\System32\GDI32.dll
0x00007ffb9fa40000 - 0x00007ffb9fcda000 	C:\Windows\WinSxS\amd64_microsoft.windows.common-controls_6595b64144ccf1df_6.0.19041.1110_none_60b5254171f9507e\COMCTL32.dll
0x00007ffbafad0000 - 0x00007ffbafbdf000 	C:\Windows\System32\gdi32full.dll
0x00007ffbb0fe0000 - 0x00007ffbb107e000 	C:\Windows\System32\msvcrt.dll
0x00007ffbafdd0000 - 0x00007ffbafe6d000 	C:\Windows\System32\msvcp_win.dll
0x00007ffbb1300000 - 0x00007ffbb1332000 	C:\Windows\System32\IMM32.DLL
0x00007ffb6e480000 - 0x00007ffb6e51d000 	C:\Program Files\Android\Android Studio\jre\bin\msvcp140.dll
0x00007ffb79d10000 - 0x00007ffb7a7f5000 	C:\Program Files\Android\Android Studio\jre\bin\server\jvm.dll
0x00007ffbb01c0000 - 0x00007ffbb026e000 	C:\Windows\System32\ADVAPI32.dll
0x00007ffbb0f40000 - 0x00007ffbb0fdc000 	C:\Windows\System32\sechost.dll
0x00007ffbb1c00000 - 0x00007ffbb1d25000 	C:\Windows\System32\RPCRT4.dll
0x00007ffbb1f20000 - 0x00007ffbb1f28000 	C:\Windows\System32\PSAPI.DLL
0x00007ffb90870000 - 0x00007ffb90879000 	C:\Windows\SYSTEM32\WSOCK32.dll
0x00007ffbb0270000 - 0x00007ffbb02db000 	C:\Windows\System32\WS2_32.dll
0x00007ffb9f960000 - 0x00007ffb9f987000 	C:\Windows\SYSTEM32\WINMM.dll
0x00007ffba3000000 - 0x00007ffba300a000 	C:\Windows\SYSTEM32\VERSION.dll
0x00007ffbad520000 - 0x00007ffbad532000 	C:\Windows\SYSTEM32\kernel.appcore.dll
0x00007ffbaac40000 - 0x00007ffbaac51000 	C:\Program Files\Android\Android Studio\jre\bin\verify.dll
0x00007ffb9fe50000 - 0x00007ffba0034000 	C:\Windows\SYSTEM32\DBGHELP.DLL
0x00007ffb9fd00000 - 0x00007ffb9fd2c000 	C:\Windows\SYSTEM32\dbgcore.DLL
0x00007ffbafc10000 - 0x00007ffbafc92000 	C:\Windows\System32\bcryptPrimitives.dll
0x00007ffba3df0000 - 0x00007ffba3e19000 	C:\Program Files\Android\Android Studio\jre\bin\java.dll
0x00007ffbaac80000 - 0x00007ffbaac8b000 	C:\Program Files\Android\Android Studio\jre\bin\jimage.dll
0x00007ffba3dd0000 - 0x00007ffba3de8000 	C:\Program Files\Android\Android Studio\jre\bin\zip.dll
0x00007ffbb0490000 - 0x00007ffbb0bd3000 	C:\Windows\System32\SHELL32.dll
0x00007ffbad720000 - 0x00007ffbadeb2000 	C:\Windows\SYSTEM32\windows.storage.dll
0x00007ffbb0be0000 - 0x00007ffbb0f34000 	C:\Windows\System32\combase.dll
0x00007ffbaefc0000 - 0x00007ffbaeff0000 	C:\Windows\SYSTEM32\Wldp.dll
0x00007ffbb1400000 - 0x00007ffbb14ad000 	C:\Windows\System32\SHCORE.dll
0x00007ffbb1930000 - 0x00007ffbb1985000 	C:\Windows\System32\shlwapi.dll
0x00007ffbaf610000 - 0x00007ffbaf62f000 	C:\Windows\SYSTEM32\profapi.dll
0x00007ffba3ae0000 - 0x00007ffba3afa000 	C:\Program Files\Android\Android Studio\jre\bin\net.dll
0x00007ffba72f0000 - 0x00007ffba73fc000 	C:\Windows\SYSTEM32\WINHTTP.dll
0x00007ffbaed20000 - 0x00007ffbaed8a000 	C:\Windows\system32\mswsock.dll
0x00007ffba2940000 - 0x00007ffba2954000 	C:\Program Files\Android\Android Studio\jre\bin\nio.dll
0x00007ffb908b0000 - 0x00007ffb908d7000 	C:\Users\maste\.gradle\native\e1d6ef7f7dcc3fd88c89a11ec53ec762bb8ba0a96d01ffa2cd45eb1d1d8dd5c5\windows-amd64\native-platform.dll
0x00007ffb6e330000 - 0x00007ffb6e474000 	C:\Users\maste\.gradle\native\5664cfc778a61ccfe75a443a1ab52a65af34e5dc3c78e0209fed803814484fcb\windows-amd64\native-platform-file-events.dll
0x00007ffbaac30000 - 0x00007ffbaac3a000 	C:\Program Files\Android\Android Studio\jre\bin\management.dll
0x00007ffba3dc0000 - 0x00007ffba3dcd000 	C:\Program Files\Android\Android Studio\jre\bin\management_ext.dll
0x00007ffbaef10000 - 0x00007ffbaef28000 	C:\Windows\SYSTEM32\CRYPTSP.dll
0x00007ffbae640000 - 0x00007ffbae674000 	C:\Windows\system32\rsaenh.dll
0x00007ffbafca0000 - 0x00007ffbafcc7000 	C:\Windows\System32\bcrypt.dll
0x00007ffbaf5d0000 - 0x00007ffbaf5fe000 	C:\Windows\SYSTEM32\USERENV.dll
0x00007ffbaef30000 - 0x00007ffbaef3c000 	C:\Windows\SYSTEM32\CRYPTBASE.dll
0x00007ffbaea10000 - 0x00007ffbaea4b000 	C:\Windows\SYSTEM32\IPHLPAPI.DLL
0x00007ffbb1920000 - 0x00007ffbb1928000 	C:\Windows\System32\NSI.dll
0x00007ffba8560000 - 0x00007ffba8577000 	C:\Windows\SYSTEM32\dhcpcsvc6.DLL
0x00007ffba90e0000 - 0x00007ffba90fd000 	C:\Windows\SYSTEM32\dhcpcsvc.DLL
0x00007ffbaea50000 - 0x00007ffbaeb1a000 	C:\Windows\SYSTEM32\DNSAPI.dll
0x00007ffb974f0000 - 0x00007ffb9750e000 	C:\Users\maste\AppData\Local\Temp\native-platform10313568908947761483dir\native-platform.dll
0x00007ffb97e20000 - 0x00007ffb97e28000 	C:\Program Files\Android\Android Studio\jre\bin\rmi.dll
0x00007ffba2920000 - 0x00007ffba2937000 	C:\Windows\system32\napinsp.dll
0x00007ffba2900000 - 0x00007ffba291b000 	C:\Windows\system32\pnrpnsp.dll
0x00007ffb93e20000 - 0x00007ffb93e35000 	C:\Windows\system32\wshbth.dll
0x00007ffbab320000 - 0x00007ffbab33d000 	C:\Windows\system32\NLAapi.dll
0x00007ffba28e0000 - 0x00007ffba28f2000 	C:\Windows\System32\winrnr.dll
0x00007ffba7600000 - 0x00007ffba760a000 	C:\Windows\System32\rasadhlp.dll
0x00007ffba6a90000 - 0x00007ffba6b10000 	C:\Windows\System32\fwpuclnt.dll
0x00007ffb97ba0000 - 0x00007ffb97bc7000 	C:\Program Files\Android\Android Studio\jre\bin\sunec.dll

dbghelp: loaded successfully - version: 4.0.5 - missing functions: none
symbol engine: initialized successfully - sym options: 0x614 - pdb path: .;C:\Program Files\Android\Android Studio\jre\bin;C:\Windows\SYSTEM32;C:\Windows\WinSxS\amd64_microsoft.windows.common-controls_6595b64144ccf1df_6.0.19041.1110_none_60b5254171f9507e;C:\Program Files\Android\Android Studio\jre\bin\server;C:\Users\maste\.gradle\native\e1d6ef7f7dcc3fd88c89a11ec53ec762bb8ba0a96d01ffa2cd45eb1d1d8dd5c5\windows-amd64;C:\Users\maste\.gradle\native\5664cfc778a61ccfe75a443a1ab52a65af34e5dc3c78e0209fed803814484fcb\windows-amd64;C:\Users\maste\AppData\Local\Temp\native-platform10313568908947761483dir

VM Arguments:
jvm_args: --add-opens=java.base/java.util=ALL-UNNAMED --add-opens=java.base/java.lang=ALL-UNNAMED --add-opens=java.base/java.lang.invoke=ALL-UNNAMED --add-opens=java.base/java.util=ALL-UNNAMED --add-opens=java.prefs/java.util.prefs=ALL-UNNAMED --add-opens=java.prefs/java.util.prefs=ALL-UNNAMED --add-opens=java.base/java.nio.charset=ALL-UNNAMED --add-opens=java.base/java.net=ALL-UNNAMED --add-opens=java.base/java.util.concurrent.atomic=ALL-UNNAMED -Xmx2048m -Dfile.encoding=UTF-8 -Duser.country=AU -Duser.language=en -Duser.variant 
java_command: org.gradle.launcher.daemon.bootstrap.GradleDaemon 7.3.3
java_class_path (initial): C:\Users\maste\.gradle\wrapper\dists\gradle-7.3.3-bin\6a41zxkdtcxs8rphpq6y0069z\gradle-7.3.3\lib\gradle-launcher-7.3.3.jar
Launcher Type: SUN_STANDARD

[Global flags]
     intx CICompilerCount                          = 3                                         {product} {ergonomic}
     uint ConcGCThreads                            = 1                                         {product} {ergonomic}
     uint G1ConcRefinementThreads                  = 4                                         {product} {ergonomic}
   size_t G1HeapRegionSize                         = 1048576                                   {product} {ergonomic}
    uintx GCDrainStackTargetSize                   = 64                                        {product} {ergonomic}
   size_t InitialHeapSize                          = 132120576                                 {product} {ergonomic}
   size_t MarkStackSize                            = 4194304                                   {product} {ergonomic}
   size_t MaxHeapSize                              = 2147483648                                {product} {command line}
   size_t MaxNewSize                               = 1287651328                                {product} {ergonomic}
   size_t MinHeapDeltaBytes                        = 1048576                                   {product} {ergonomic}
    uintx NonNMethodCodeHeapSize                   = 5830732                                {pd product} {ergonomic}
    uintx NonProfiledCodeHeapSize                  = 122913754                              {pd product} {ergonomic}
    uintx ProfiledCodeHeapSize                     = 122913754                              {pd product} {ergonomic}
    uintx ReservedCodeCacheSize                    = 251658240                              {pd product} {ergonomic}
     bool SegmentedCodeCache                       = true                                      {product} {ergonomic}
     bool UseCompressedClassPointers               = true                                 {lp64_product} {ergonomic}
     bool UseCompressedOops                        = true                                 {lp64_product} {ergonomic}
     bool UseG1GC                                  = true                                      {product} {ergonomic}
     bool UseLargePagesIndividualAllocation        = false                                  {pd product} {ergonomic}

Logging:
Log output configuration:
 #0: stdout all=warning uptime,level,tags
 #1: stderr all=off uptime,level,tags

Environment Variables:
JAVA_HOME=C:\Program Files\Java\jdk-17.0.2
PATH=C:\Program Files\Python311\Scripts\;C:\Program Files\Python311\;C:\Program Files (x86)\NVIDIA Corporation\PhysX\Common;C:\Program Files\Common Files\Oracle\Java\javapath;C:\Windows\system32;C:\Windows;C:\Windows\System32\Wbem;C:\Windows\System32\WindowsPowerShell\v1.0\;C:\Windows\System32\OpenSSH\;C:\Program Files\Java\jdk-17.0.2\javafx-sdk-17.0.2\lib;C:\Program Files\Git\cmd;C:\Program Files\Java\jdk-17.0.2\bin;C:\ProgramData\chocolatey\bin;C:\Program Files\nodejs\;C:\Program Files\dotnet\;C:\Program Files (x86)\Microsoft Visual Studio\Common\Tools\WinNT;C:\Program Files (x86)\Microsoft Visual Studio\Common\MSDev98\Bin;C:\Program Files (x86)\Microsoft Visual Studio\Common\Tools;C:\Program Files (x86)\Microsoft Visual Studio\VC98\bin;C:\Users\maste\AppData\Local\Microsoft\WindowsApps;C:\msys64\mingw64\bin;C:\msys64\mingw64\x86_64-w64-mingw32\bin;C:\Program Files\Java\jdk-17.0.2\bin;C:\Users\maste\AppData\Local\Android\Sdk\platform-tools;C:\Users\maste\AppData\Local\Programs\Microsoft VS Code\bin;C:\Users\maste\AppData\Roaming\npm;C:\Drivers\edgedriver_win64;C:\Users\maste\.dotnet\tools
USERNAME=Rene Tajos Jr
OS=Windows_NT
PROCESSOR_IDENTIFIER=Intel64 Family 6 Model 42 Stepping 7, GenuineIntel



---------------  S Y S T E M  ---------------

OS: Windows 10 , 64 bit Build 19041 (10.0.19041.2251)
OS uptime: 0 days 8:39 hours

CPU:total 4 (initial active 4) (4 cores per cpu, 1 threads per core) family 6 model 42 stepping 7 microcode 0x2f, cmov, cx8, fxsr, mmx, sse, sse2, sse3, ssse3, sse4.1, sse4.2, popcnt, avx, aes, clmul, tsc, tscinvbit

Memory: 4k page, system-wide physical 8013M (391M free)
TotalPageFile size 10013M (AvailPageFile size 86M)
current process WorkingSet (physical memory assigned to process): 491M, peak: 508M
current process commit charge ("private bytes"): 729M, peak: 898M

vm_info: OpenJDK 64-Bit Server VM (11.0.12+7-b1504.28-7817840) for windows-amd64 JRE (11.0.12+7-b1504.28-7817840), built on Oct 13 2021 22:12:33 by "builder" with MS VC++ 14.0 (VS2015)

END.
